2025-04-01 20:29:08,787 - root - INFO - Logger Version: 2.0.0
2025-04-01 20:29:08,787 - main - INFO - input_args: dict_items([('layout', './layouts\\q1a_contoursMaze.lay'), ('pacman', <SearchAgent.SearchAgent object at 0x000001BF733B6780>), ('ghosts', [<RandomGhost.RandomGhost object at 0x000001BF733FB1D0>, <RandomGhost.RandomGhost object at 0x000001BF73421700>, <RandomGhost.RandomGhost object at 0x000001BF73421610>, <RandomGhost.RandomGhost object at 0x000001BF73421730>]), ('display', <textDisplay.NullGraphics object at 0x000001BF734217C0>), ('numGames', 1), ('record', False), ('catchExceptions', True), ('timeout', 1), ('outfile', 'q1a_contoursMaze')])
2025-04-01 20:29:08,787 - root - INFO - runGames
2025-04-01 20:29:08,788 - root - INFO - 0/1
2025-04-01 20:29:08,788 - root - INFO - newGame
2025-04-01 20:29:08,788 - root - INFO - layout: %%%%%%%%%%%%%%%%%%%%%
%                   %
%                   %
%                   %
%                   %
%         P         %
%                   %
%                   %
%                   %
%.                  %
%%%%%%%%%%%%%%%%%%%%%
2025-04-01 20:29:08,788 - root - INFO - runGame
2025-04-01 20:29:08,789 - root - INFO - #agents:1
2025-04-01 20:29:08,789 - root - INFO - #pacman:1
2025-04-01 20:29:08,789 - root - INFO - #ghosts:0
2025-04-01 20:29:08,789 - getStartState - INFO - I: q1a_problem,
2025-04-01 20:29:08,789 - getStartState - INFO - O: (10, 5)
2025-04-01 20:29:08,789 - isGoalState - INFO - I: q1a_problem,(10, 5),
2025-04-01 20:29:08,789 - isGoalState - INFO - O: False
2025-04-01 20:29:08,789 - getSuccessors - INFO - I: q1a_problem,(10, 5),
2025-04-01 20:29:08,789 - getSuccessors - INFO - O: [((10, 6), 'North', 1), ((10, 4), 'South', 1), ((11, 5), 'East', 1), ((9, 5), 'West', 1)]
2025-04-01 20:29:08,790 - isGoalState - INFO - I: q1a_problem,(10, 4),
2025-04-01 20:29:08,790 - isGoalState - INFO - O: False
2025-04-01 20:29:08,790 - getSuccessors - INFO - I: q1a_problem,(10, 4),
2025-04-01 20:29:08,790 - getSuccessors - INFO - O: [((10, 5), 'North', 1), ((10, 3), 'South', 1), ((11, 4), 'East', 1), ((9, 4), 'West', 1)]
2025-04-01 20:29:08,790 - isGoalState - INFO - I: q1a_problem,(9, 5),
2025-04-01 20:29:08,790 - isGoalState - INFO - O: False
2025-04-01 20:29:08,790 - getSuccessors - INFO - I: q1a_problem,(9, 5),
2025-04-01 20:29:08,790 - getSuccessors - INFO - O: [((9, 6), 'North', 1), ((9, 4), 'South', 1), ((10, 5), 'East', 1), ((8, 5), 'West', 1)]
2025-04-01 20:29:08,790 - isGoalState - INFO - I: q1a_problem,(10, 3),
2025-04-01 20:29:08,790 - isGoalState - INFO - O: False
2025-04-01 20:29:08,790 - getSuccessors - INFO - I: q1a_problem,(10, 3),
2025-04-01 20:29:08,790 - getSuccessors - INFO - O: [((10, 4), 'North', 1), ((10, 2), 'South', 1), ((11, 3), 'East', 1), ((9, 3), 'West', 1)]
2025-04-01 20:29:08,790 - isGoalState - INFO - I: q1a_problem,(9, 4),
2025-04-01 20:29:08,790 - isGoalState - INFO - O: False
2025-04-01 20:29:08,790 - getSuccessors - INFO - I: q1a_problem,(9, 4),
2025-04-01 20:29:08,790 - getSuccessors - INFO - O: [((9, 5), 'North', 1), ((9, 3), 'South', 1), ((10, 4), 'East', 1), ((8, 4), 'West', 1)]
2025-04-01 20:29:08,790 - isGoalState - INFO - I: q1a_problem,(8, 5),
2025-04-01 20:29:08,790 - isGoalState - INFO - O: False
2025-04-01 20:29:08,790 - getSuccessors - INFO - I: q1a_problem,(8, 5),
2025-04-01 20:29:08,790 - getSuccessors - INFO - O: [((8, 6), 'North', 1), ((8, 4), 'South', 1), ((9, 5), 'East', 1), ((7, 5), 'West', 1)]
2025-04-01 20:29:08,790 - isGoalState - INFO - I: q1a_problem,(10, 2),
2025-04-01 20:29:08,790 - isGoalState - INFO - O: False
2025-04-01 20:29:08,790 - getSuccessors - INFO - I: q1a_problem,(10, 2),
2025-04-01 20:29:08,790 - getSuccessors - INFO - O: [((10, 3), 'North', 1), ((10, 1), 'South', 1), ((11, 2), 'East', 1), ((9, 2), 'West', 1)]
2025-04-01 20:29:08,790 - isGoalState - INFO - I: q1a_problem,(9, 3),
2025-04-01 20:29:08,790 - isGoalState - INFO - O: False
2025-04-01 20:29:08,790 - getSuccessors - INFO - I: q1a_problem,(9, 3),
2025-04-01 20:29:08,790 - getSuccessors - INFO - O: [((9, 4), 'North', 1), ((9, 2), 'South', 1), ((10, 3), 'East', 1), ((8, 3), 'West', 1)]
2025-04-01 20:29:08,790 - isGoalState - INFO - I: q1a_problem,(8, 4),
2025-04-01 20:29:08,790 - isGoalState - INFO - O: False
2025-04-01 20:29:08,790 - getSuccessors - INFO - I: q1a_problem,(8, 4),
2025-04-01 20:29:08,790 - getSuccessors - INFO - O: [((8, 5), 'North', 1), ((8, 3), 'South', 1), ((9, 4), 'East', 1), ((7, 4), 'West', 1)]
2025-04-01 20:29:08,790 - isGoalState - INFO - I: q1a_problem,(7, 5),
2025-04-01 20:29:08,790 - isGoalState - INFO - O: False
2025-04-01 20:29:08,790 - getSuccessors - INFO - I: q1a_problem,(7, 5),
2025-04-01 20:29:08,790 - getSuccessors - INFO - O: [((7, 6), 'North', 1), ((7, 4), 'South', 1), ((8, 5), 'East', 1), ((6, 5), 'West', 1)]
2025-04-01 20:29:08,790 - isGoalState - INFO - I: q1a_problem,(10, 1),
2025-04-01 20:29:08,790 - isGoalState - INFO - O: False
2025-04-01 20:29:08,790 - getSuccessors - INFO - I: q1a_problem,(10, 1),
2025-04-01 20:29:08,790 - getSuccessors - INFO - O: [((10, 2), 'North', 1), ((11, 1), 'East', 1), ((9, 1), 'West', 1)]
2025-04-01 20:29:08,790 - isGoalState - INFO - I: q1a_problem,(9, 2),
2025-04-01 20:29:08,790 - isGoalState - INFO - O: False
2025-04-01 20:29:08,790 - getSuccessors - INFO - I: q1a_problem,(9, 2),
2025-04-01 20:29:08,790 - getSuccessors - INFO - O: [((9, 3), 'North', 1), ((9, 1), 'South', 1), ((10, 2), 'East', 1), ((8, 2), 'West', 1)]
2025-04-01 20:29:08,790 - isGoalState - INFO - I: q1a_problem,(8, 3),
2025-04-01 20:29:08,790 - isGoalState - INFO - O: False
2025-04-01 20:29:08,790 - getSuccessors - INFO - I: q1a_problem,(8, 3),
2025-04-01 20:29:08,790 - getSuccessors - INFO - O: [((8, 4), 'North', 1), ((8, 2), 'South', 1), ((9, 3), 'East', 1), ((7, 3), 'West', 1)]
2025-04-01 20:29:08,790 - isGoalState - INFO - I: q1a_problem,(7, 4),
2025-04-01 20:29:08,790 - isGoalState - INFO - O: False
2025-04-01 20:29:08,790 - getSuccessors - INFO - I: q1a_problem,(7, 4),
2025-04-01 20:29:08,790 - getSuccessors - INFO - O: [((7, 5), 'North', 1), ((7, 3), 'South', 1), ((8, 4), 'East', 1), ((6, 4), 'West', 1)]
2025-04-01 20:29:08,790 - isGoalState - INFO - I: q1a_problem,(6, 5),
2025-04-01 20:29:08,790 - isGoalState - INFO - O: False
2025-04-01 20:29:08,790 - getSuccessors - INFO - I: q1a_problem,(6, 5),
2025-04-01 20:29:08,790 - getSuccessors - INFO - O: [((6, 6), 'North', 1), ((6, 4), 'South', 1), ((7, 5), 'East', 1), ((5, 5), 'West', 1)]
2025-04-01 20:29:08,790 - isGoalState - INFO - I: q1a_problem,(9, 1),
2025-04-01 20:29:08,790 - isGoalState - INFO - O: False
2025-04-01 20:29:08,790 - getSuccessors - INFO - I: q1a_problem,(9, 1),
2025-04-01 20:29:08,790 - getSuccessors - INFO - O: [((9, 2), 'North', 1), ((10, 1), 'East', 1), ((8, 1), 'West', 1)]
2025-04-01 20:29:08,791 - isGoalState - INFO - I: q1a_problem,(8, 2),
2025-04-01 20:29:08,791 - isGoalState - INFO - O: False
2025-04-01 20:29:08,791 - getSuccessors - INFO - I: q1a_problem,(8, 2),
2025-04-01 20:29:08,791 - getSuccessors - INFO - O: [((8, 3), 'North', 1), ((8, 1), 'South', 1), ((9, 2), 'East', 1), ((7, 2), 'West', 1)]
2025-04-01 20:29:08,791 - isGoalState - INFO - I: q1a_problem,(7, 3),
2025-04-01 20:29:08,791 - isGoalState - INFO - O: False
2025-04-01 20:29:08,791 - getSuccessors - INFO - I: q1a_problem,(7, 3),
2025-04-01 20:29:08,791 - getSuccessors - INFO - O: [((7, 4), 'North', 1), ((7, 2), 'South', 1), ((8, 3), 'East', 1), ((6, 3), 'West', 1)]
2025-04-01 20:29:08,791 - isGoalState - INFO - I: q1a_problem,(6, 4),
2025-04-01 20:29:08,791 - isGoalState - INFO - O: False
2025-04-01 20:29:08,791 - getSuccessors - INFO - I: q1a_problem,(6, 4),
2025-04-01 20:29:08,791 - getSuccessors - INFO - O: [((6, 5), 'North', 1), ((6, 3), 'South', 1), ((7, 4), 'East', 1), ((5, 4), 'West', 1)]
2025-04-01 20:29:08,791 - isGoalState - INFO - I: q1a_problem,(5, 5),
2025-04-01 20:29:08,791 - isGoalState - INFO - O: False
2025-04-01 20:29:08,791 - getSuccessors - INFO - I: q1a_problem,(5, 5),
2025-04-01 20:29:08,791 - getSuccessors - INFO - O: [((5, 6), 'North', 1), ((5, 4), 'South', 1), ((6, 5), 'East', 1), ((4, 5), 'West', 1)]
2025-04-01 20:29:08,791 - isGoalState - INFO - I: q1a_problem,(8, 1),
2025-04-01 20:29:08,791 - isGoalState - INFO - O: False
2025-04-01 20:29:08,791 - getSuccessors - INFO - I: q1a_problem,(8, 1),
2025-04-01 20:29:08,791 - getSuccessors - INFO - O: [((8, 2), 'North', 1), ((9, 1), 'East', 1), ((7, 1), 'West', 1)]
2025-04-01 20:29:08,791 - isGoalState - INFO - I: q1a_problem,(7, 2),
2025-04-01 20:29:08,791 - isGoalState - INFO - O: False
2025-04-01 20:29:08,791 - getSuccessors - INFO - I: q1a_problem,(7, 2),
2025-04-01 20:29:08,791 - getSuccessors - INFO - O: [((7, 3), 'North', 1), ((7, 1), 'South', 1), ((8, 2), 'East', 1), ((6, 2), 'West', 1)]
2025-04-01 20:29:08,791 - isGoalState - INFO - I: q1a_problem,(6, 3),
2025-04-01 20:29:08,791 - isGoalState - INFO - O: False
2025-04-01 20:29:08,791 - getSuccessors - INFO - I: q1a_problem,(6, 3),
2025-04-01 20:29:08,791 - getSuccessors - INFO - O: [((6, 4), 'North', 1), ((6, 2), 'South', 1), ((7, 3), 'East', 1), ((5, 3), 'West', 1)]
2025-04-01 20:29:08,791 - isGoalState - INFO - I: q1a_problem,(5, 4),
2025-04-01 20:29:08,791 - isGoalState - INFO - O: False
2025-04-01 20:29:08,791 - getSuccessors - INFO - I: q1a_problem,(5, 4),
2025-04-01 20:29:08,791 - getSuccessors - INFO - O: [((5, 5), 'North', 1), ((5, 3), 'South', 1), ((6, 4), 'East', 1), ((4, 4), 'West', 1)]
2025-04-01 20:29:08,791 - isGoalState - INFO - I: q1a_problem,(4, 5),
2025-04-01 20:29:08,791 - isGoalState - INFO - O: False
2025-04-01 20:29:08,791 - getSuccessors - INFO - I: q1a_problem,(4, 5),
2025-04-01 20:29:08,791 - getSuccessors - INFO - O: [((4, 6), 'North', 1), ((4, 4), 'South', 1), ((5, 5), 'East', 1), ((3, 5), 'West', 1)]
2025-04-01 20:29:08,791 - isGoalState - INFO - I: q1a_problem,(7, 1),
2025-04-01 20:29:08,791 - isGoalState - INFO - O: False
2025-04-01 20:29:08,791 - getSuccessors - INFO - I: q1a_problem,(7, 1),
2025-04-01 20:29:08,791 - getSuccessors - INFO - O: [((7, 2), 'North', 1), ((8, 1), 'East', 1), ((6, 1), 'West', 1)]
2025-04-01 20:29:08,791 - isGoalState - INFO - I: q1a_problem,(6, 2),
2025-04-01 20:29:08,791 - isGoalState - INFO - O: False
2025-04-01 20:29:08,791 - getSuccessors - INFO - I: q1a_problem,(6, 2),
2025-04-01 20:29:08,791 - getSuccessors - INFO - O: [((6, 3), 'North', 1), ((6, 1), 'South', 1), ((7, 2), 'East', 1), ((5, 2), 'West', 1)]
2025-04-01 20:29:08,791 - isGoalState - INFO - I: q1a_problem,(5, 3),
2025-04-01 20:29:08,791 - isGoalState - INFO - O: False
2025-04-01 20:29:08,791 - getSuccessors - INFO - I: q1a_problem,(5, 3),
2025-04-01 20:29:08,791 - getSuccessors - INFO - O: [((5, 4), 'North', 1), ((5, 2), 'South', 1), ((6, 3), 'East', 1), ((4, 3), 'West', 1)]
2025-04-01 20:29:08,791 - isGoalState - INFO - I: q1a_problem,(4, 4),
2025-04-01 20:29:08,791 - isGoalState - INFO - O: False
2025-04-01 20:29:08,791 - getSuccessors - INFO - I: q1a_problem,(4, 4),
2025-04-01 20:29:08,791 - getSuccessors - INFO - O: [((4, 5), 'North', 1), ((4, 3), 'South', 1), ((5, 4), 'East', 1), ((3, 4), 'West', 1)]
2025-04-01 20:29:08,791 - isGoalState - INFO - I: q1a_problem,(3, 5),
2025-04-01 20:29:08,791 - isGoalState - INFO - O: False
2025-04-01 20:29:08,791 - getSuccessors - INFO - I: q1a_problem,(3, 5),
2025-04-01 20:29:08,791 - getSuccessors - INFO - O: [((3, 6), 'North', 1), ((3, 4), 'South', 1), ((4, 5), 'East', 1), ((2, 5), 'West', 1)]
2025-04-01 20:29:08,791 - isGoalState - INFO - I: q1a_problem,(6, 1),
2025-04-01 20:29:08,791 - isGoalState - INFO - O: False
2025-04-01 20:29:08,791 - getSuccessors - INFO - I: q1a_problem,(6, 1),
2025-04-01 20:29:08,791 - getSuccessors - INFO - O: [((6, 2), 'North', 1), ((7, 1), 'East', 1), ((5, 1), 'West', 1)]
2025-04-01 20:29:08,791 - isGoalState - INFO - I: q1a_problem,(5, 2),
2025-04-01 20:29:08,791 - isGoalState - INFO - O: False
2025-04-01 20:29:08,791 - getSuccessors - INFO - I: q1a_problem,(5, 2),
2025-04-01 20:29:08,791 - getSuccessors - INFO - O: [((5, 3), 'North', 1), ((5, 1), 'South', 1), ((6, 2), 'East', 1), ((4, 2), 'West', 1)]
2025-04-01 20:29:08,791 - isGoalState - INFO - I: q1a_problem,(4, 3),
2025-04-01 20:29:08,791 - isGoalState - INFO - O: False
2025-04-01 20:29:08,791 - getSuccessors - INFO - I: q1a_problem,(4, 3),
2025-04-01 20:29:08,791 - getSuccessors - INFO - O: [((4, 4), 'North', 1), ((4, 2), 'South', 1), ((5, 3), 'East', 1), ((3, 3), 'West', 1)]
2025-04-01 20:29:08,791 - isGoalState - INFO - I: q1a_problem,(3, 4),
2025-04-01 20:29:08,791 - isGoalState - INFO - O: False
2025-04-01 20:29:08,791 - getSuccessors - INFO - I: q1a_problem,(3, 4),
2025-04-01 20:29:08,791 - getSuccessors - INFO - O: [((3, 5), 'North', 1), ((3, 3), 'South', 1), ((4, 4), 'East', 1), ((2, 4), 'West', 1)]
2025-04-01 20:29:08,791 - isGoalState - INFO - I: q1a_problem,(2, 5),
2025-04-01 20:29:08,791 - isGoalState - INFO - O: False
2025-04-01 20:29:08,791 - getSuccessors - INFO - I: q1a_problem,(2, 5),
2025-04-01 20:29:08,791 - getSuccessors - INFO - O: [((2, 6), 'North', 1), ((2, 4), 'South', 1), ((3, 5), 'East', 1), ((1, 5), 'West', 1)]
2025-04-01 20:29:08,791 - isGoalState - INFO - I: q1a_problem,(5, 1),
2025-04-01 20:29:08,791 - isGoalState - INFO - O: False
2025-04-01 20:29:08,791 - getSuccessors - INFO - I: q1a_problem,(5, 1),
2025-04-01 20:29:08,791 - getSuccessors - INFO - O: [((5, 2), 'North', 1), ((6, 1), 'East', 1), ((4, 1), 'West', 1)]
2025-04-01 20:29:08,791 - isGoalState - INFO - I: q1a_problem,(4, 2),
2025-04-01 20:29:08,791 - isGoalState - INFO - O: False
2025-04-01 20:29:08,791 - getSuccessors - INFO - I: q1a_problem,(4, 2),
2025-04-01 20:29:08,791 - getSuccessors - INFO - O: [((4, 3), 'North', 1), ((4, 1), 'South', 1), ((5, 2), 'East', 1), ((3, 2), 'West', 1)]
2025-04-01 20:29:08,791 - isGoalState - INFO - I: q1a_problem,(3, 3),
2025-04-01 20:29:08,791 - isGoalState - INFO - O: False
2025-04-01 20:29:08,791 - getSuccessors - INFO - I: q1a_problem,(3, 3),
2025-04-01 20:29:08,791 - getSuccessors - INFO - O: [((3, 4), 'North', 1), ((3, 2), 'South', 1), ((4, 3), 'East', 1), ((2, 3), 'West', 1)]
2025-04-01 20:29:08,791 - isGoalState - INFO - I: q1a_problem,(2, 4),
2025-04-01 20:29:08,791 - isGoalState - INFO - O: False
2025-04-01 20:29:08,791 - getSuccessors - INFO - I: q1a_problem,(2, 4),
2025-04-01 20:29:08,791 - getSuccessors - INFO - O: [((2, 5), 'North', 1), ((2, 3), 'South', 1), ((3, 4), 'East', 1), ((1, 4), 'West', 1)]
2025-04-01 20:29:08,791 - isGoalState - INFO - I: q1a_problem,(1, 5),
2025-04-01 20:29:08,791 - isGoalState - INFO - O: False
2025-04-01 20:29:08,791 - getSuccessors - INFO - I: q1a_problem,(1, 5),
2025-04-01 20:29:08,791 - getSuccessors - INFO - O: [((1, 6), 'North', 1), ((1, 4), 'South', 1), ((2, 5), 'East', 1)]
2025-04-01 20:29:08,791 - isGoalState - INFO - I: q1a_problem,(4, 1),
2025-04-01 20:29:08,791 - isGoalState - INFO - O: False
2025-04-01 20:29:08,792 - getSuccessors - INFO - I: q1a_problem,(4, 1),
2025-04-01 20:29:08,792 - getSuccessors - INFO - O: [((4, 2), 'North', 1), ((5, 1), 'East', 1), ((3, 1), 'West', 1)]
2025-04-01 20:29:08,792 - isGoalState - INFO - I: q1a_problem,(3, 2),
2025-04-01 20:29:08,792 - isGoalState - INFO - O: False
2025-04-01 20:29:08,792 - getSuccessors - INFO - I: q1a_problem,(3, 2),
2025-04-01 20:29:08,792 - getSuccessors - INFO - O: [((3, 3), 'North', 1), ((3, 1), 'South', 1), ((4, 2), 'East', 1), ((2, 2), 'West', 1)]
2025-04-01 20:29:08,792 - isGoalState - INFO - I: q1a_problem,(2, 3),
2025-04-01 20:29:08,792 - isGoalState - INFO - O: False
2025-04-01 20:29:08,792 - getSuccessors - INFO - I: q1a_problem,(2, 3),
2025-04-01 20:29:08,792 - getSuccessors - INFO - O: [((2, 4), 'North', 1), ((2, 2), 'South', 1), ((3, 3), 'East', 1), ((1, 3), 'West', 1)]
2025-04-01 20:29:08,792 - isGoalState - INFO - I: q1a_problem,(1, 4),
2025-04-01 20:29:08,792 - isGoalState - INFO - O: False
2025-04-01 20:29:08,792 - getSuccessors - INFO - I: q1a_problem,(1, 4),
2025-04-01 20:29:08,792 - getSuccessors - INFO - O: [((1, 5), 'North', 1), ((1, 3), 'South', 1), ((2, 4), 'East', 1)]
2025-04-01 20:29:08,792 - isGoalState - INFO - I: q1a_problem,(3, 1),
2025-04-01 20:29:08,792 - isGoalState - INFO - O: False
2025-04-01 20:29:08,792 - getSuccessors - INFO - I: q1a_problem,(3, 1),
2025-04-01 20:29:08,792 - getSuccessors - INFO - O: [((3, 2), 'North', 1), ((4, 1), 'East', 1), ((2, 1), 'West', 1)]
2025-04-01 20:29:08,792 - isGoalState - INFO - I: q1a_problem,(2, 2),
2025-04-01 20:29:08,792 - isGoalState - INFO - O: False
2025-04-01 20:29:08,792 - getSuccessors - INFO - I: q1a_problem,(2, 2),
2025-04-01 20:29:08,792 - getSuccessors - INFO - O: [((2, 3), 'North', 1), ((2, 1), 'South', 1), ((3, 2), 'East', 1), ((1, 2), 'West', 1)]
2025-04-01 20:29:08,792 - isGoalState - INFO - I: q1a_problem,(1, 3),
2025-04-01 20:29:08,792 - isGoalState - INFO - O: False
2025-04-01 20:29:08,792 - getSuccessors - INFO - I: q1a_problem,(1, 3),
2025-04-01 20:29:08,792 - getSuccessors - INFO - O: [((1, 4), 'North', 1), ((1, 2), 'South', 1), ((2, 3), 'East', 1)]
2025-04-01 20:29:08,792 - isGoalState - INFO - I: q1a_problem,(2, 1),
2025-04-01 20:29:08,792 - isGoalState - INFO - O: False
2025-04-01 20:29:08,792 - getSuccessors - INFO - I: q1a_problem,(2, 1),
2025-04-01 20:29:08,792 - getSuccessors - INFO - O: [((2, 2), 'North', 1), ((3, 1), 'East', 1), ((1, 1), 'West', 1)]
2025-04-01 20:29:08,792 - isGoalState - INFO - I: q1a_problem,(1, 2),
2025-04-01 20:29:08,792 - isGoalState - INFO - O: False
2025-04-01 20:29:08,792 - getSuccessors - INFO - I: q1a_problem,(1, 2),
2025-04-01 20:29:08,792 - getSuccessors - INFO - O: [((1, 3), 'North', 1), ((1, 1), 'South', 1), ((2, 2), 'East', 1)]
2025-04-01 20:29:08,792 - isGoalState - INFO - I: q1a_problem,(1, 1),
2025-04-01 20:29:08,792 - isGoalState - INFO - O: True
2025-04-01 20:29:08,794 - root - INFO - Remaining Food: 0
2025-04-01 20:29:08,794 - root - INFO - moveHistory: [[(0, 'South'), (0, 'South'), (0, 'South'), (0, 'South'), (0, 'West'), (0, 'West'), (0, 'West'), (0, 'West'), (0, 'West'), (0, 'West'), (0, 'West'), (0, 'West'), (0, 'West')]]
2025-04-01 20:29:08,794 - root - INFO - pathLength: [13]
2025-04-01 20:29:08,794 - root - INFO - Average Score: 497.00
2025-04-01 20:29:08,794 - root - INFO - Scores: 497.0
2025-04-01 20:29:08,794 - root - INFO - Win Rate:      1/1 (1.00)
2025-04-01 20:29:08,794 - root - INFO - Record:       Win
