2025-04-01 20:29:09,662 - root - INFO - Logger Version: 2.0.0
2025-04-01 20:29:09,662 - main - INFO - input_args: dict_items([('layout', './layouts\\q1a_mediumMaze2.lay'), ('pacman', <SearchAgent.SearchAgent object at 0x0000021351A967E0>), ('ghosts', [<RandomGhost.RandomGhost object at 0x0000021351EDC8C0>, <RandomGhost.RandomGhost object at 0x0000021351F01760>, <RandomGhost.RandomGhost object at 0x0000021351F016A0>, <RandomGhost.RandomGhost object at 0x0000021351F01790>]), ('display', <textDisplay.NullGraphics object at 0x0000021351F01820>), ('numGames', 1), ('record', False), ('catchExceptions', True), ('timeout', 1), ('outfile', 'q1a_mediumMaze2')])
2025-04-01 20:29:09,662 - root - INFO - runGames
2025-04-01 20:29:09,662 - root - INFO - 0/1
2025-04-01 20:29:09,667 - root - INFO - newGame
2025-04-01 20:29:09,667 - root - INFO - layout: %%%%%%%%%%%%%%%%%%%%%%%%%%%%%%
%       % % %              %P%
%       % % %%%%%% %%%%%%% % %
%       %        %     % %   %
%%%%% %%%%% %%% %% %%%%% % %%%
%   % % % %   %    %     %   %
% %%% % % % %%%%%%%% %%% %%% %
%       %     %%     % % %   %
%%% % %%%%%%% %%%% %%% % % % %
% %           %%     %     % %
% % %%%%% % %%%% % %%% %%% % %
%   %     %      % %   % %%% %
%.  % %%%%%      % %%% %     %
%%%%%%%%%%%%%%%%%%%%%%%%%%%%%%
2025-04-01 20:29:09,667 - root - INFO - runGame
2025-04-01 20:29:09,670 - root - INFO - #agents:1
2025-04-01 20:29:09,670 - root - INFO - #pacman:1
2025-04-01 20:29:09,670 - root - INFO - #ghosts:0
2025-04-01 20:29:09,670 - getStartState - INFO - I: q1a_problem,
2025-04-01 20:29:09,670 - getStartState - INFO - O: (28, 12)
2025-04-01 20:29:09,670 - isGoalState - INFO - I: q1a_problem,(28, 12),
2025-04-01 20:29:09,670 - isGoalState - INFO - O: False
2025-04-01 20:29:09,670 - getSuccessors - INFO - I: q1a_problem,(28, 12),
2025-04-01 20:29:09,670 - getSuccessors - INFO - O: [((28, 11), 'South', 1)]
2025-04-01 20:29:09,670 - isGoalState - INFO - I: q1a_problem,(28, 11),
2025-04-01 20:29:09,670 - isGoalState - INFO - O: False
2025-04-01 20:29:09,670 - getSuccessors - INFO - I: q1a_problem,(28, 11),
2025-04-01 20:29:09,670 - getSuccessors - INFO - O: [((28, 12), 'North', 1), ((28, 10), 'South', 1)]
2025-04-01 20:29:09,670 - isGoalState - INFO - I: q1a_problem,(28, 10),
2025-04-01 20:29:09,670 - isGoalState - INFO - O: False
2025-04-01 20:29:09,670 - getSuccessors - INFO - I: q1a_problem,(28, 10),
2025-04-01 20:29:09,670 - getSuccessors - INFO - O: [((28, 11), 'North', 1), ((27, 10), 'West', 1)]
2025-04-01 20:29:09,670 - isGoalState - INFO - I: q1a_problem,(27, 10),
2025-04-01 20:29:09,670 - isGoalState - INFO - O: False
2025-04-01 20:29:09,670 - getSuccessors - INFO - I: q1a_problem,(27, 10),
2025-04-01 20:29:09,670 - getSuccessors - INFO - O: [((28, 10), 'East', 1), ((26, 10), 'West', 1)]
2025-04-01 20:29:09,670 - isGoalState - INFO - I: q1a_problem,(26, 10),
2025-04-01 20:29:09,670 - isGoalState - INFO - O: False
2025-04-01 20:29:09,670 - getSuccessors - INFO - I: q1a_problem,(26, 10),
2025-04-01 20:29:09,670 - getSuccessors - INFO - O: [((26, 11), 'North', 1), ((26, 9), 'South', 1), ((27, 10), 'East', 1)]
2025-04-01 20:29:09,670 - isGoalState - INFO - I: q1a_problem,(26, 9),
2025-04-01 20:29:09,670 - isGoalState - INFO - O: False
2025-04-01 20:29:09,670 - getSuccessors - INFO - I: q1a_problem,(26, 9),
2025-04-01 20:29:09,670 - getSuccessors - INFO - O: [((26, 10), 'North', 1), ((26, 8), 'South', 1)]
2025-04-01 20:29:09,670 - isGoalState - INFO - I: q1a_problem,(26, 8),
2025-04-01 20:29:09,670 - isGoalState - INFO - O: False
2025-04-01 20:29:09,670 - getSuccessors - INFO - I: q1a_problem,(26, 8),
2025-04-01 20:29:09,670 - getSuccessors - INFO - O: [((26, 9), 'North', 1), ((27, 8), 'East', 1)]
2025-04-01 20:29:09,670 - isGoalState - INFO - I: q1a_problem,(26, 11),
2025-04-01 20:29:09,670 - isGoalState - INFO - O: False
2025-04-01 20:29:09,670 - getSuccessors - INFO - I: q1a_problem,(26, 11),
2025-04-01 20:29:09,670 - getSuccessors - INFO - O: [((26, 12), 'North', 1), ((26, 10), 'South', 1)]
2025-04-01 20:29:09,670 - isGoalState - INFO - I: q1a_problem,(27, 8),
2025-04-01 20:29:09,670 - isGoalState - INFO - O: False
2025-04-01 20:29:09,670 - getSuccessors - INFO - I: q1a_problem,(27, 8),
2025-04-01 20:29:09,670 - getSuccessors - INFO - O: [((28, 8), 'East', 1), ((26, 8), 'West', 1)]
2025-04-01 20:29:09,670 - isGoalState - INFO - I: q1a_problem,(26, 12),
2025-04-01 20:29:09,670 - isGoalState - INFO - O: False
2025-04-01 20:29:09,670 - getSuccessors - INFO - I: q1a_problem,(26, 12),
2025-04-01 20:29:09,670 - getSuccessors - INFO - O: [((26, 11), 'South', 1), ((25, 12), 'West', 1)]
2025-04-01 20:29:09,671 - isGoalState - INFO - I: q1a_problem,(28, 8),
2025-04-01 20:29:09,671 - isGoalState - INFO - O: False
2025-04-01 20:29:09,671 - getSuccessors - INFO - I: q1a_problem,(28, 8),
2025-04-01 20:29:09,671 - getSuccessors - INFO - O: [((28, 7), 'South', 1), ((27, 8), 'West', 1)]
2025-04-01 20:29:09,671 - isGoalState - INFO - I: q1a_problem,(25, 12),
2025-04-01 20:29:09,671 - isGoalState - INFO - O: False
2025-04-01 20:29:09,671 - getSuccessors - INFO - I: q1a_problem,(25, 12),
2025-04-01 20:29:09,671 - getSuccessors - INFO - O: [((26, 12), 'East', 1), ((24, 12), 'West', 1)]
2025-04-01 20:29:09,671 - isGoalState - INFO - I: q1a_problem,(28, 7),
2025-04-01 20:29:09,671 - isGoalState - INFO - O: False
2025-04-01 20:29:09,671 - getSuccessors - INFO - I: q1a_problem,(28, 7),
2025-04-01 20:29:09,671 - getSuccessors - INFO - O: [((28, 8), 'North', 1), ((28, 6), 'South', 1)]
2025-04-01 20:29:09,671 - isGoalState - INFO - I: q1a_problem,(24, 12),
2025-04-01 20:29:09,671 - isGoalState - INFO - O: False
2025-04-01 20:29:09,671 - getSuccessors - INFO - I: q1a_problem,(24, 12),
2025-04-01 20:29:09,671 - getSuccessors - INFO - O: [((25, 12), 'East', 1), ((23, 12), 'West', 1)]
2025-04-01 20:29:09,671 - isGoalState - INFO - I: q1a_problem,(28, 6),
2025-04-01 20:29:09,671 - isGoalState - INFO - O: False
2025-04-01 20:29:09,671 - getSuccessors - INFO - I: q1a_problem,(28, 6),
2025-04-01 20:29:09,671 - getSuccessors - INFO - O: [((28, 7), 'North', 1), ((28, 5), 'South', 1), ((27, 6), 'West', 1)]
2025-04-01 20:29:09,671 - isGoalState - INFO - I: q1a_problem,(23, 12),
2025-04-01 20:29:09,671 - isGoalState - INFO - O: False
2025-04-01 20:29:09,671 - getSuccessors - INFO - I: q1a_problem,(23, 12),
2025-04-01 20:29:09,671 - getSuccessors - INFO - O: [((24, 12), 'East', 1), ((22, 12), 'West', 1)]
2025-04-01 20:29:09,671 - isGoalState - INFO - I: q1a_problem,(28, 5),
2025-04-01 20:29:09,671 - isGoalState - INFO - O: False
2025-04-01 20:29:09,671 - getSuccessors - INFO - I: q1a_problem,(28, 5),
2025-04-01 20:29:09,671 - getSuccessors - INFO - O: [((28, 6), 'North', 1), ((28, 4), 'South', 1)]
2025-04-01 20:29:09,671 - isGoalState - INFO - I: q1a_problem,(27, 6),
2025-04-01 20:29:09,671 - isGoalState - INFO - O: False
2025-04-01 20:29:09,671 - getSuccessors - INFO - I: q1a_problem,(27, 6),
2025-04-01 20:29:09,671 - getSuccessors - INFO - O: [((28, 6), 'East', 1), ((26, 6), 'West', 1)]
2025-04-01 20:29:09,671 - isGoalState - INFO - I: q1a_problem,(22, 12),
2025-04-01 20:29:09,671 - isGoalState - INFO - O: False
2025-04-01 20:29:09,671 - getSuccessors - INFO - I: q1a_problem,(22, 12),
2025-04-01 20:29:09,671 - getSuccessors - INFO - O: [((23, 12), 'East', 1), ((21, 12), 'West', 1)]
2025-04-01 20:29:09,671 - isGoalState - INFO - I: q1a_problem,(28, 4),
2025-04-01 20:29:09,671 - isGoalState - INFO - O: False
2025-04-01 20:29:09,671 - getSuccessors - INFO - I: q1a_problem,(28, 4),
2025-04-01 20:29:09,671 - getSuccessors - INFO - O: [((28, 5), 'North', 1), ((28, 3), 'South', 1)]
2025-04-01 20:29:09,671 - isGoalState - INFO - I: q1a_problem,(26, 6),
2025-04-01 20:29:09,671 - isGoalState - INFO - O: False
2025-04-01 20:29:09,671 - getSuccessors - INFO - I: q1a_problem,(26, 6),
2025-04-01 20:29:09,671 - getSuccessors - INFO - O: [((26, 5), 'South', 1), ((27, 6), 'East', 1)]
2025-04-01 20:29:09,671 - isGoalState - INFO - I: q1a_problem,(21, 12),
2025-04-01 20:29:09,671 - isGoalState - INFO - O: False
2025-04-01 20:29:09,671 - getSuccessors - INFO - I: q1a_problem,(21, 12),
2025-04-01 20:29:09,671 - getSuccessors - INFO - O: [((22, 12), 'East', 1), ((20, 12), 'West', 1)]
2025-04-01 20:29:09,671 - isGoalState - INFO - I: q1a_problem,(28, 3),
2025-04-01 20:29:09,671 - isGoalState - INFO - O: False
2025-04-01 20:29:09,671 - getSuccessors - INFO - I: q1a_problem,(28, 3),
2025-04-01 20:29:09,671 - getSuccessors - INFO - O: [((28, 4), 'North', 1), ((28, 2), 'South', 1)]
2025-04-01 20:29:09,671 - isGoalState - INFO - I: q1a_problem,(26, 5),
2025-04-01 20:29:09,671 - isGoalState - INFO - O: False
2025-04-01 20:29:09,671 - getSuccessors - INFO - I: q1a_problem,(26, 5),
2025-04-01 20:29:09,671 - getSuccessors - INFO - O: [((26, 6), 'North', 1), ((26, 4), 'South', 1)]
2025-04-01 20:29:09,671 - isGoalState - INFO - I: q1a_problem,(20, 12),
2025-04-01 20:29:09,671 - isGoalState - INFO - O: False
2025-04-01 20:29:09,671 - getSuccessors - INFO - I: q1a_problem,(20, 12),
2025-04-01 20:29:09,671 - getSuccessors - INFO - O: [((21, 12), 'East', 1), ((19, 12), 'West', 1)]
2025-04-01 20:29:09,671 - isGoalState - INFO - I: q1a_problem,(28, 2),
2025-04-01 20:29:09,671 - isGoalState - INFO - O: False
2025-04-01 20:29:09,671 - getSuccessors - INFO - I: q1a_problem,(28, 2),
2025-04-01 20:29:09,671 - getSuccessors - INFO - O: [((28, 3), 'North', 1), ((28, 1), 'South', 1)]
2025-04-01 20:29:09,672 - isGoalState - INFO - I: q1a_problem,(26, 4),
2025-04-01 20:29:09,672 - isGoalState - INFO - O: False
2025-04-01 20:29:09,672 - getSuccessors - INFO - I: q1a_problem,(26, 4),
2025-04-01 20:29:09,672 - getSuccessors - INFO - O: [((26, 5), 'North', 1), ((26, 3), 'South', 1), ((25, 4), 'West', 1)]
2025-04-01 20:29:09,672 - isGoalState - INFO - I: q1a_problem,(19, 12),
2025-04-01 20:29:09,672 - isGoalState - INFO - O: False
2025-04-01 20:29:09,672 - getSuccessors - INFO - I: q1a_problem,(19, 12),
2025-04-01 20:29:09,672 - getSuccessors - INFO - O: [((20, 12), 'East', 1), ((18, 12), 'West', 1)]
2025-04-01 20:29:09,672 - isGoalState - INFO - I: q1a_problem,(28, 1),
2025-04-01 20:29:09,672 - isGoalState - INFO - O: False
2025-04-01 20:29:09,672 - getSuccessors - INFO - I: q1a_problem,(28, 1),
2025-04-01 20:29:09,672 - getSuccessors - INFO - O: [((28, 2), 'North', 1), ((27, 1), 'West', 1)]
2025-04-01 20:29:09,672 - isGoalState - INFO - I: q1a_problem,(26, 3),
2025-04-01 20:29:09,672 - isGoalState - INFO - O: False
2025-04-01 20:29:09,672 - getSuccessors - INFO - I: q1a_problem,(26, 3),
2025-04-01 20:29:09,672 - getSuccessors - INFO - O: [((26, 4), 'North', 1)]
2025-04-01 20:29:09,672 - isGoalState - INFO - I: q1a_problem,(25, 4),
2025-04-01 20:29:09,672 - isGoalState - INFO - O: False
2025-04-01 20:29:09,672 - getSuccessors - INFO - I: q1a_problem,(25, 4),
2025-04-01 20:29:09,672 - getSuccessors - INFO - O: [((26, 4), 'East', 1), ((24, 4), 'West', 1)]
2025-04-01 20:29:09,672 - isGoalState - INFO - I: q1a_problem,(18, 12),
2025-04-01 20:29:09,672 - isGoalState - INFO - O: False
2025-04-01 20:29:09,672 - getSuccessors - INFO - I: q1a_problem,(18, 12),
2025-04-01 20:29:09,672 - getSuccessors - INFO - O: [((18, 11), 'South', 1), ((19, 12), 'East', 1), ((17, 12), 'West', 1)]
2025-04-01 20:29:09,672 - isGoalState - INFO - I: q1a_problem,(27, 1),
2025-04-01 20:29:09,672 - isGoalState - INFO - O: False
2025-04-01 20:29:09,672 - getSuccessors - INFO - I: q1a_problem,(27, 1),
2025-04-01 20:29:09,672 - getSuccessors - INFO - O: [((28, 1), 'East', 1), ((26, 1), 'West', 1)]
2025-04-01 20:29:09,672 - isGoalState - INFO - I: q1a_problem,(24, 4),
2025-04-01 20:29:09,672 - isGoalState - INFO - O: False
2025-04-01 20:29:09,672 - getSuccessors - INFO - I: q1a_problem,(24, 4),
2025-04-01 20:29:09,672 - getSuccessors - INFO - O: [((24, 5), 'North', 1), ((25, 4), 'East', 1), ((23, 4), 'West', 1)]
2025-04-01 20:29:09,672 - isGoalState - INFO - I: q1a_problem,(18, 11),
2025-04-01 20:29:09,672 - isGoalState - INFO - O: False
2025-04-01 20:29:09,672 - getSuccessors - INFO - I: q1a_problem,(18, 11),
2025-04-01 20:29:09,672 - getSuccessors - INFO - O: [((18, 12), 'North', 1), ((18, 10), 'South', 1)]
2025-04-01 20:29:09,672 - isGoalState - INFO - I: q1a_problem,(17, 12),
2025-04-01 20:29:09,672 - isGoalState - INFO - O: False
2025-04-01 20:29:09,672 - getSuccessors - INFO - I: q1a_problem,(17, 12),
2025-04-01 20:29:09,672 - getSuccessors - INFO - O: [((18, 12), 'East', 1), ((16, 12), 'West', 1)]
2025-04-01 20:29:09,672 - isGoalState - INFO - I: q1a_problem,(26, 1),
2025-04-01 20:29:09,672 - isGoalState - INFO - O: False
2025-04-01 20:29:09,672 - getSuccessors - INFO - I: q1a_problem,(26, 1),
2025-04-01 20:29:09,672 - getSuccessors - INFO - O: [((27, 1), 'East', 1), ((25, 1), 'West', 1)]
2025-04-01 20:29:09,672 - isGoalState - INFO - I: q1a_problem,(23, 4),
2025-04-01 20:29:09,672 - isGoalState - INFO - O: False
2025-04-01 20:29:09,672 - getSuccessors - INFO - I: q1a_problem,(23, 4),
2025-04-01 20:29:09,672 - getSuccessors - INFO - O: [((24, 4), 'East', 1), ((22, 4), 'West', 1)]
2025-04-01 20:29:09,672 - isGoalState - INFO - I: q1a_problem,(18, 10),
2025-04-01 20:29:09,672 - isGoalState - INFO - O: False
2025-04-01 20:29:09,672 - getSuccessors - INFO - I: q1a_problem,(18, 10),
2025-04-01 20:29:09,672 - getSuccessors - INFO - O: [((18, 11), 'North', 1), ((18, 9), 'South', 1), ((19, 10), 'East', 1)]
2025-04-01 20:29:09,672 - isGoalState - INFO - I: q1a_problem,(16, 12),
2025-04-01 20:29:09,672 - isGoalState - INFO - O: False
2025-04-01 20:29:09,672 - getSuccessors - INFO - I: q1a_problem,(16, 12),
2025-04-01 20:29:09,672 - getSuccessors - INFO - O: [((17, 12), 'East', 1), ((15, 12), 'West', 1)]
2025-04-01 20:29:09,672 - isGoalState - INFO - I: q1a_problem,(25, 1),
2025-04-01 20:29:09,672 - isGoalState - INFO - O: False
2025-04-01 20:29:09,672 - getSuccessors - INFO - I: q1a_problem,(25, 1),
2025-04-01 20:29:09,672 - getSuccessors - INFO - O: [((26, 1), 'East', 1), ((24, 1), 'West', 1)]
2025-04-01 20:29:09,672 - isGoalState - INFO - I: q1a_problem,(22, 4),
2025-04-01 20:29:09,672 - isGoalState - INFO - O: False
2025-04-01 20:29:09,672 - getSuccessors - INFO - I: q1a_problem,(22, 4),
2025-04-01 20:29:09,673 - getSuccessors - INFO - O: [((22, 5), 'North', 1), ((22, 3), 'South', 1), ((23, 4), 'East', 1)]
2025-04-01 20:29:09,673 - isGoalState - INFO - I: q1a_problem,(18, 9),
2025-04-01 20:29:09,673 - isGoalState - INFO - O: False
2025-04-01 20:29:09,673 - getSuccessors - INFO - I: q1a_problem,(18, 9),
2025-04-01 20:29:09,673 - getSuccessors - INFO - O: [((18, 10), 'North', 1), ((18, 8), 'South', 1)]
2025-04-01 20:29:09,673 - isGoalState - INFO - I: q1a_problem,(15, 12),
2025-04-01 20:29:09,673 - isGoalState - INFO - O: False
2025-04-01 20:29:09,673 - getSuccessors - INFO - I: q1a_problem,(15, 12),
2025-04-01 20:29:09,673 - getSuccessors - INFO - O: [((16, 12), 'East', 1), ((14, 12), 'West', 1)]
2025-04-01 20:29:09,673 - isGoalState - INFO - I: q1a_problem,(24, 1),
2025-04-01 20:29:09,673 - isGoalState - INFO - O: False
2025-04-01 20:29:09,673 - getSuccessors - INFO - I: q1a_problem,(24, 1),
2025-04-01 20:29:09,673 - getSuccessors - INFO - O: [((24, 2), 'North', 1), ((25, 1), 'East', 1)]
2025-04-01 20:29:09,673 - isGoalState - INFO - I: q1a_problem,(22, 3),
2025-04-01 20:29:09,673 - isGoalState - INFO - O: False
2025-04-01 20:29:09,673 - getSuccessors - INFO - I: q1a_problem,(22, 3),
2025-04-01 20:29:09,673 - getSuccessors - INFO - O: [((22, 4), 'North', 1), ((22, 2), 'South', 1)]
2025-04-01 20:29:09,673 - isGoalState - INFO - I: q1a_problem,(18, 8),
2025-04-01 20:29:09,673 - isGoalState - INFO - O: False
2025-04-01 20:29:09,673 - getSuccessors - INFO - I: q1a_problem,(18, 8),
2025-04-01 20:29:09,673 - getSuccessors - INFO - O: [((18, 9), 'North', 1), ((17, 8), 'West', 1)]
2025-04-01 20:29:09,673 - isGoalState - INFO - I: q1a_problem,(14, 12),
2025-04-01 20:29:09,673 - isGoalState - INFO - O: False
2025-04-01 20:29:09,673 - getSuccessors - INFO - I: q1a_problem,(14, 12),
2025-04-01 20:29:09,673 - getSuccessors - INFO - O: [((15, 12), 'East', 1), ((13, 12), 'West', 1)]
2025-04-01 20:29:09,673 - isGoalState - INFO - I: q1a_problem,(22, 2),
2025-04-01 20:29:09,673 - isGoalState - INFO - O: False
2025-04-01 20:29:09,673 - getSuccessors - INFO - I: q1a_problem,(22, 2),
2025-04-01 20:29:09,673 - getSuccessors - INFO - O: [((22, 3), 'North', 1), ((22, 1), 'South', 1), ((21, 2), 'West', 1)]
2025-04-01 20:29:09,673 - isGoalState - INFO - I: q1a_problem,(17, 8),
2025-04-01 20:29:09,673 - isGoalState - INFO - O: False
2025-04-01 20:29:09,673 - getSuccessors - INFO - I: q1a_problem,(17, 8),
2025-04-01 20:29:09,673 - getSuccessors - INFO - O: [((18, 8), 'East', 1), ((16, 8), 'West', 1)]
2025-04-01 20:29:09,673 - isGoalState - INFO - I: q1a_problem,(13, 12),
2025-04-01 20:29:09,673 - isGoalState - INFO - O: False
2025-04-01 20:29:09,673 - getSuccessors - INFO - I: q1a_problem,(13, 12),
2025-04-01 20:29:09,673 - getSuccessors - INFO - O: [((14, 12), 'East', 1)]
2025-04-01 20:29:09,673 - isGoalState - INFO - I: q1a_problem,(22, 1),
2025-04-01 20:29:09,674 - isGoalState - INFO - O: False
2025-04-01 20:29:09,674 - getSuccessors - INFO - I: q1a_problem,(22, 1),
2025-04-01 20:29:09,674 - getSuccessors - INFO - O: [((22, 2), 'North', 1)]
2025-04-01 20:29:09,674 - isGoalState - INFO - I: q1a_problem,(21, 2),
2025-04-01 20:29:09,674 - isGoalState - INFO - O: False
2025-04-01 20:29:09,674 - getSuccessors - INFO - I: q1a_problem,(21, 2),
2025-04-01 20:29:09,674 - getSuccessors - INFO - O: [((22, 2), 'East', 1), ((20, 2), 'West', 1)]
2025-04-01 20:29:09,674 - isGoalState - INFO - I: q1a_problem,(16, 8),
2025-04-01 20:29:09,674 - isGoalState - INFO - O: False
2025-04-01 20:29:09,674 - getSuccessors - INFO - I: q1a_problem,(16, 8),
2025-04-01 20:29:09,674 - getSuccessors - INFO - O: [((17, 8), 'East', 1), ((15, 8), 'West', 1)]
2025-04-01 20:29:09,674 - isGoalState - INFO - I: q1a_problem,(20, 2),
2025-04-01 20:29:09,674 - isGoalState - INFO - O: False
2025-04-01 20:29:09,674 - getSuccessors - INFO - I: q1a_problem,(20, 2),
2025-04-01 20:29:09,674 - getSuccessors - INFO - O: [((21, 2), 'East', 1)]
2025-04-01 20:29:09,674 - isGoalState - INFO - I: q1a_problem,(15, 8),
2025-04-01 20:29:09,674 - isGoalState - INFO - O: False
2025-04-01 20:29:09,674 - getSuccessors - INFO - I: q1a_problem,(15, 8),
2025-04-01 20:29:09,674 - getSuccessors - INFO - O: [((15, 9), 'North', 1), ((16, 8), 'East', 1)]
2025-04-01 20:29:09,674 - isGoalState - INFO - I: q1a_problem,(24, 5),
2025-04-01 20:29:09,674 - isGoalState - INFO - O: False
2025-04-01 20:29:09,674 - getSuccessors - INFO - I: q1a_problem,(24, 5),
2025-04-01 20:29:09,674 - getSuccessors - INFO - O: [((24, 6), 'North', 1), ((24, 4), 'South', 1)]
2025-04-01 20:29:09,674 - isGoalState - INFO - I: q1a_problem,(19, 10),
2025-04-01 20:29:09,674 - isGoalState - INFO - O: False
2025-04-01 20:29:09,674 - getSuccessors - INFO - I: q1a_problem,(19, 10),
2025-04-01 20:29:09,674 - getSuccessors - INFO - O: [((20, 10), 'East', 1), ((18, 10), 'West', 1)]
2025-04-01 20:29:09,674 - isGoalState - INFO - I: q1a_problem,(22, 5),
2025-04-01 20:29:09,674 - isGoalState - INFO - O: False
2025-04-01 20:29:09,674 - getSuccessors - INFO - I: q1a_problem,(22, 5),
2025-04-01 20:29:09,674 - getSuccessors - INFO - O: [((22, 6), 'North', 1), ((22, 4), 'South', 1)]
2025-04-01 20:29:09,674 - isGoalState - INFO - I: q1a_problem,(24, 2),
2025-04-01 20:29:09,674 - isGoalState - INFO - O: False
2025-04-01 20:29:09,674 - getSuccessors - INFO - I: q1a_problem,(24, 2),
2025-04-01 20:29:09,674 - getSuccessors - INFO - O: [((24, 1), 'South', 1)]
2025-04-01 20:29:09,674 - isGoalState - INFO - I: q1a_problem,(15, 9),
2025-04-01 20:29:09,674 - isGoalState - INFO - O: False
2025-04-01 20:29:09,675 - getSuccessors - INFO - I: q1a_problem,(15, 9),
2025-04-01 20:29:09,675 - getSuccessors - INFO - O: [((15, 10), 'North', 1), ((15, 8), 'South', 1)]
2025-04-01 20:29:09,675 - isGoalState - INFO - I: q1a_problem,(24, 6),
2025-04-01 20:29:09,675 - isGoalState - INFO - O: False
2025-04-01 20:29:09,675 - getSuccessors - INFO - I: q1a_problem,(24, 6),
2025-04-01 20:29:09,675 - getSuccessors - INFO - O: [((24, 7), 'North', 1), ((24, 5), 'South', 1)]
2025-04-01 20:29:09,675 - isGoalState - INFO - I: q1a_problem,(20, 10),
2025-04-01 20:29:09,675 - isGoalState - INFO - O: False
2025-04-01 20:29:09,675 - getSuccessors - INFO - I: q1a_problem,(20, 10),
2025-04-01 20:29:09,675 - getSuccessors - INFO - O: [((21, 10), 'East', 1), ((19, 10), 'West', 1)]
2025-04-01 20:29:09,675 - isGoalState - INFO - I: q1a_problem,(22, 6),
2025-04-01 20:29:09,675 - isGoalState - INFO - O: False
2025-04-01 20:29:09,675 - getSuccessors - INFO - I: q1a_problem,(22, 6),
2025-04-01 20:29:09,675 - getSuccessors - INFO - O: [((22, 5), 'South', 1)]
2025-04-01 20:29:09,675 - isGoalState - INFO - I: q1a_problem,(15, 10),
2025-04-01 20:29:09,675 - isGoalState - INFO - O: False
2025-04-01 20:29:09,675 - getSuccessors - INFO - I: q1a_problem,(15, 10),
2025-04-01 20:29:09,675 - getSuccessors - INFO - O: [((15, 9), 'South', 1), ((16, 10), 'East', 1), ((14, 10), 'West', 1)]
2025-04-01 20:29:09,675 - isGoalState - INFO - I: q1a_problem,(14, 10),
2025-04-01 20:29:09,675 - isGoalState - INFO - O: False
2025-04-01 20:29:09,675 - getSuccessors - INFO - I: q1a_problem,(14, 10),
2025-04-01 20:29:09,675 - getSuccessors - INFO - O: [((15, 10), 'East', 1), ((13, 10), 'West', 1)]
2025-04-01 20:29:09,675 - isGoalState - INFO - I: q1a_problem,(13, 10),
2025-04-01 20:29:09,675 - isGoalState - INFO - O: False
2025-04-01 20:29:09,675 - getSuccessors - INFO - I: q1a_problem,(13, 10),
2025-04-01 20:29:09,675 - getSuccessors - INFO - O: [((14, 10), 'East', 1), ((12, 10), 'West', 1)]
2025-04-01 20:29:09,675 - isGoalState - INFO - I: q1a_problem,(12, 10),
2025-04-01 20:29:09,675 - isGoalState - INFO - O: False
2025-04-01 20:29:09,675 - getSuccessors - INFO - I: q1a_problem,(12, 10),
2025-04-01 20:29:09,675 - getSuccessors - INFO - O: [((13, 10), 'East', 1), ((11, 10), 'West', 1)]
2025-04-01 20:29:09,675 - isGoalState - INFO - I: q1a_problem,(11, 10),
2025-04-01 20:29:09,675 - isGoalState - INFO - O: False
2025-04-01 20:29:09,675 - getSuccessors - INFO - I: q1a_problem,(11, 10),
2025-04-01 20:29:09,675 - getSuccessors - INFO - O: [((11, 11), 'North', 1), ((11, 9), 'South', 1), ((12, 10), 'East', 1), ((10, 10), 'West', 1)]
2025-04-01 20:29:09,675 - isGoalState - INFO - I: q1a_problem,(11, 9),
2025-04-01 20:29:09,675 - isGoalState - INFO - O: False
2025-04-01 20:29:09,675 - getSuccessors - INFO - I: q1a_problem,(11, 9),
2025-04-01 20:29:09,675 - getSuccessors - INFO - O: [((11, 10), 'North', 1), ((11, 8), 'South', 1)]
2025-04-01 20:29:09,675 - isGoalState - INFO - I: q1a_problem,(10, 10),
2025-04-01 20:29:09,675 - isGoalState - INFO - O: False
2025-04-01 20:29:09,675 - getSuccessors - INFO - I: q1a_problem,(10, 10),
2025-04-01 20:29:09,675 - getSuccessors - INFO - O: [((11, 10), 'East', 1), ((9, 10), 'West', 1)]
2025-04-01 20:29:09,675 - isGoalState - INFO - I: q1a_problem,(11, 8),
2025-04-01 20:29:09,675 - isGoalState - INFO - O: False
2025-04-01 20:29:09,675 - getSuccessors - INFO - I: q1a_problem,(11, 8),
2025-04-01 20:29:09,675 - getSuccessors - INFO - O: [((11, 9), 'North', 1), ((11, 7), 'South', 1), ((12, 8), 'East', 1)]
2025-04-01 20:29:09,675 - isGoalState - INFO - I: q1a_problem,(9, 10),
2025-04-01 20:29:09,675 - isGoalState - INFO - O: False
2025-04-01 20:29:09,675 - getSuccessors - INFO - I: q1a_problem,(9, 10),
2025-04-01 20:29:09,675 - getSuccessors - INFO - O: [((9, 11), 'North', 1), ((10, 10), 'East', 1)]
2025-04-01 20:29:09,675 - isGoalState - INFO - I: q1a_problem,(11, 7),
2025-04-01 20:29:09,675 - isGoalState - INFO - O: False
2025-04-01 20:29:09,675 - getSuccessors - INFO - I: q1a_problem,(11, 7),
2025-04-01 20:29:09,675 - getSuccessors - INFO - O: [((11, 8), 'North', 1), ((11, 6), 'South', 1)]
2025-04-01 20:29:09,675 - isGoalState - INFO - I: q1a_problem,(11, 6),
2025-04-01 20:29:09,675 - isGoalState - INFO - O: False
2025-04-01 20:29:09,675 - getSuccessors - INFO - I: q1a_problem,(11, 6),
2025-04-01 20:29:09,675 - getSuccessors - INFO - O: [((11, 7), 'North', 1), ((12, 6), 'East', 1), ((10, 6), 'West', 1)]
2025-04-01 20:29:09,675 - isGoalState - INFO - I: q1a_problem,(10, 6),
2025-04-01 20:29:09,675 - isGoalState - INFO - O: False
2025-04-01 20:29:09,675 - getSuccessors - INFO - I: q1a_problem,(10, 6),
2025-04-01 20:29:09,675 - getSuccessors - INFO - O: [((11, 6), 'East', 1), ((9, 6), 'West', 1)]
2025-04-01 20:29:09,675 - isGoalState - INFO - I: q1a_problem,(9, 6),
2025-04-01 20:29:09,675 - isGoalState - INFO - O: False
2025-04-01 20:29:09,675 - getSuccessors - INFO - I: q1a_problem,(9, 6),
2025-04-01 20:29:09,676 - getSuccessors - INFO - O: [((9, 7), 'North', 1), ((10, 6), 'East', 1)]
2025-04-01 20:29:09,676 - isGoalState - INFO - I: q1a_problem,(24, 7),
2025-04-01 20:29:09,676 - isGoalState - INFO - O: False
2025-04-01 20:29:09,676 - getSuccessors - INFO - I: q1a_problem,(24, 7),
2025-04-01 20:29:09,676 - getSuccessors - INFO - O: [((24, 8), 'North', 1), ((24, 6), 'South', 1)]
2025-04-01 20:29:09,676 - isGoalState - INFO - I: q1a_problem,(21, 10),
2025-04-01 20:29:09,676 - isGoalState - INFO - O: False
2025-04-01 20:29:09,676 - getSuccessors - INFO - I: q1a_problem,(21, 10),
2025-04-01 20:29:09,676 - getSuccessors - INFO - O: [((22, 10), 'East', 1), ((20, 10), 'West', 1)]
2025-04-01 20:29:09,676 - isGoalState - INFO - I: q1a_problem,(16, 10),
2025-04-01 20:29:09,676 - isGoalState - INFO - O: False
2025-04-01 20:29:09,676 - getSuccessors - INFO - I: q1a_problem,(16, 10),
2025-04-01 20:29:09,676 - getSuccessors - INFO - O: [((15, 10), 'West', 1)]
2025-04-01 20:29:09,676 - isGoalState - INFO - I: q1a_problem,(11, 11),
2025-04-01 20:29:09,676 - isGoalState - INFO - O: False
2025-04-01 20:29:09,676 - getSuccessors - INFO - I: q1a_problem,(11, 11),
2025-04-01 20:29:09,676 - getSuccessors - INFO - O: [((11, 12), 'North', 1), ((11, 10), 'South', 1)]
2025-04-01 20:29:09,676 - isGoalState - INFO - I: q1a_problem,(12, 8),
2025-04-01 20:29:09,676 - isGoalState - INFO - O: False
2025-04-01 20:29:09,676 - getSuccessors - INFO - I: q1a_problem,(12, 8),
2025-04-01 20:29:09,676 - getSuccessors - INFO - O: [((13, 8), 'East', 1), ((11, 8), 'West', 1)]
2025-04-01 20:29:09,676 - isGoalState - INFO - I: q1a_problem,(9, 11),
2025-04-01 20:29:09,676 - isGoalState - INFO - O: False
2025-04-01 20:29:09,676 - getSuccessors - INFO - I: q1a_problem,(9, 11),
2025-04-01 20:29:09,676 - getSuccessors - INFO - O: [((9, 12), 'North', 1), ((9, 10), 'South', 1)]
2025-04-01 20:29:09,676 - isGoalState - INFO - I: q1a_problem,(12, 6),
2025-04-01 20:29:09,676 - isGoalState - INFO - O: False
2025-04-01 20:29:09,676 - getSuccessors - INFO - I: q1a_problem,(12, 6),
2025-04-01 20:29:09,676 - getSuccessors - INFO - O: [((13, 6), 'East', 1), ((11, 6), 'West', 1)]
2025-04-01 20:29:09,676 - isGoalState - INFO - I: q1a_problem,(9, 7),
2025-04-01 20:29:09,676 - isGoalState - INFO - O: False
2025-04-01 20:29:09,676 - getSuccessors - INFO - I: q1a_problem,(9, 7),
2025-04-01 20:29:09,676 - getSuccessors - INFO - O: [((9, 8), 'North', 1), ((9, 6), 'South', 1)]
2025-04-01 20:29:09,676 - isGoalState - INFO - I: q1a_problem,(24, 8),
2025-04-01 20:29:09,676 - isGoalState - INFO - O: False
2025-04-01 20:29:09,676 - getSuccessors - INFO - I: q1a_problem,(24, 8),
2025-04-01 20:29:09,676 - getSuccessors - INFO - O: [((24, 9), 'North', 1), ((24, 7), 'South', 1), ((23, 8), 'West', 1)]
2025-04-01 20:29:09,676 - isGoalState - INFO - I: q1a_problem,(22, 10),
2025-04-01 20:29:09,676 - isGoalState - INFO - O: False
2025-04-01 20:29:09,676 - getSuccessors - INFO - I: q1a_problem,(22, 10),
2025-04-01 20:29:09,676 - getSuccessors - INFO - O: [((21, 10), 'West', 1)]
2025-04-01 20:29:09,676 - isGoalState - INFO - I: q1a_problem,(11, 12),
2025-04-01 20:29:09,676 - isGoalState - INFO - O: False
2025-04-01 20:29:09,676 - getSuccessors - INFO - I: q1a_problem,(11, 12),
2025-04-01 20:29:09,676 - getSuccessors - INFO - O: [((11, 11), 'South', 1)]
2025-04-01 20:29:09,676 - isGoalState - INFO - I: q1a_problem,(13, 8),
2025-04-01 20:29:09,676 - isGoalState - INFO - O: False
2025-04-01 20:29:09,676 - getSuccessors - INFO - I: q1a_problem,(13, 8),
2025-04-01 20:29:09,676 - getSuccessors - INFO - O: [((12, 8), 'West', 1)]
2025-04-01 20:29:09,676 - isGoalState - INFO - I: q1a_problem,(9, 12),
2025-04-01 20:29:09,676 - isGoalState - INFO - O: False
2025-04-01 20:29:09,676 - getSuccessors - INFO - I: q1a_problem,(9, 12),
2025-04-01 20:29:09,676 - getSuccessors - INFO - O: [((9, 11), 'South', 1)]
2025-04-01 20:29:09,676 - isGoalState - INFO - I: q1a_problem,(13, 6),
2025-04-01 20:29:09,676 - isGoalState - INFO - O: False
2025-04-01 20:29:09,676 - getSuccessors - INFO - I: q1a_problem,(13, 6),
2025-04-01 20:29:09,676 - getSuccessors - INFO - O: [((13, 5), 'South', 1), ((12, 6), 'West', 1)]
2025-04-01 20:29:09,676 - isGoalState - INFO - I: q1a_problem,(9, 8),
2025-04-01 20:29:09,676 - isGoalState - INFO - O: False
2025-04-01 20:29:09,676 - getSuccessors - INFO - I: q1a_problem,(9, 8),
2025-04-01 20:29:09,676 - getSuccessors - INFO - O: [((9, 7), 'South', 1)]
2025-04-01 20:29:09,676 - isGoalState - INFO - I: q1a_problem,(23, 8),
2025-04-01 20:29:09,676 - isGoalState - INFO - O: False
2025-04-01 20:29:09,676 - getSuccessors - INFO - I: q1a_problem,(23, 8),
2025-04-01 20:29:09,676 - getSuccessors - INFO - O: [((24, 8), 'East', 1), ((22, 8), 'West', 1)]
2025-04-01 20:29:09,676 - isGoalState - INFO - I: q1a_problem,(13, 5),
2025-04-01 20:29:09,677 - isGoalState - INFO - O: False
2025-04-01 20:29:09,677 - getSuccessors - INFO - I: q1a_problem,(13, 5),
2025-04-01 20:29:09,677 - getSuccessors - INFO - O: [((13, 6), 'North', 1), ((13, 4), 'South', 1)]
2025-04-01 20:29:09,677 - isGoalState - INFO - I: q1a_problem,(22, 8),
2025-04-01 20:29:09,677 - isGoalState - INFO - O: False
2025-04-01 20:29:09,677 - getSuccessors - INFO - I: q1a_problem,(22, 8),
2025-04-01 20:29:09,677 - getSuccessors - INFO - O: [((23, 8), 'East', 1), ((21, 8), 'West', 1)]
2025-04-01 20:29:09,677 - isGoalState - INFO - I: q1a_problem,(13, 4),
2025-04-01 20:29:09,677 - isGoalState - INFO - O: False
2025-04-01 20:29:09,677 - getSuccessors - INFO - I: q1a_problem,(13, 4),
2025-04-01 20:29:09,677 - getSuccessors - INFO - O: [((13, 5), 'North', 1), ((12, 4), 'West', 1)]
2025-04-01 20:29:09,677 - isGoalState - INFO - I: q1a_problem,(21, 8),
2025-04-01 20:29:09,677 - isGoalState - INFO - O: False
2025-04-01 20:29:09,677 - getSuccessors - INFO - I: q1a_problem,(21, 8),
2025-04-01 20:29:09,677 - getSuccessors - INFO - O: [((22, 8), 'East', 1), ((20, 8), 'West', 1)]
2025-04-01 20:29:09,677 - isGoalState - INFO - I: q1a_problem,(12, 4),
2025-04-01 20:29:09,677 - isGoalState - INFO - O: False
2025-04-01 20:29:09,677 - getSuccessors - INFO - I: q1a_problem,(12, 4),
2025-04-01 20:29:09,677 - getSuccessors - INFO - O: [((13, 4), 'East', 1), ((11, 4), 'West', 1)]
2025-04-01 20:29:09,677 - isGoalState - INFO - I: q1a_problem,(20, 8),
2025-04-01 20:29:09,677 - isGoalState - INFO - O: False
2025-04-01 20:29:09,677 - getSuccessors - INFO - I: q1a_problem,(20, 8),
2025-04-01 20:29:09,677 - getSuccessors - INFO - O: [((20, 7), 'South', 1), ((21, 8), 'East', 1)]
2025-04-01 20:29:09,677 - isGoalState - INFO - I: q1a_problem,(11, 4),
2025-04-01 20:29:09,677 - isGoalState - INFO - O: False
2025-04-01 20:29:09,677 - getSuccessors - INFO - I: q1a_problem,(11, 4),
2025-04-01 20:29:09,677 - getSuccessors - INFO - O: [((11, 3), 'South', 1), ((12, 4), 'East', 1), ((10, 4), 'West', 1)]
2025-04-01 20:29:09,677 - isGoalState - INFO - I: q1a_problem,(20, 7),
2025-04-01 20:29:09,677 - isGoalState - INFO - O: False
2025-04-01 20:29:09,677 - getSuccessors - INFO - I: q1a_problem,(20, 7),
2025-04-01 20:29:09,677 - getSuccessors - INFO - O: [((20, 8), 'North', 1), ((20, 6), 'South', 1)]
2025-04-01 20:29:09,677 - isGoalState - INFO - I: q1a_problem,(11, 3),
2025-04-01 20:29:09,677 - isGoalState - INFO - O: False
2025-04-01 20:29:09,677 - getSuccessors - INFO - I: q1a_problem,(11, 3),
2025-04-01 20:29:09,677 - getSuccessors - INFO - O: [((11, 4), 'North', 1), ((11, 2), 'South', 1)]
2025-04-01 20:29:09,677 - isGoalState - INFO - I: q1a_problem,(10, 4),
2025-04-01 20:29:09,677 - isGoalState - INFO - O: False
2025-04-01 20:29:09,677 - getSuccessors - INFO - I: q1a_problem,(10, 4),
2025-04-01 20:29:09,677 - getSuccessors - INFO - O: [((11, 4), 'East', 1), ((9, 4), 'West', 1)]
2025-04-01 20:29:09,677 - isGoalState - INFO - I: q1a_problem,(20, 6),
2025-04-01 20:29:09,677 - isGoalState - INFO - O: False
2025-04-01 20:29:09,677 - getSuccessors - INFO - I: q1a_problem,(20, 6),
2025-04-01 20:29:09,677 - getSuccessors - INFO - O: [((20, 7), 'North', 1), ((19, 6), 'West', 1)]
2025-04-01 20:29:09,677 - isGoalState - INFO - I: q1a_problem,(11, 2),
2025-04-01 20:29:09,677 - isGoalState - INFO - O: False
2025-04-01 20:29:09,677 - getSuccessors - INFO - I: q1a_problem,(11, 2),
2025-04-01 20:29:09,677 - getSuccessors - INFO - O: [((11, 3), 'North', 1), ((11, 1), 'South', 1), ((12, 2), 'East', 1)]
2025-04-01 20:29:09,677 - isGoalState - INFO - I: q1a_problem,(9, 4),
2025-04-01 20:29:09,677 - isGoalState - INFO - O: False
2025-04-01 20:29:09,677 - getSuccessors - INFO - I: q1a_problem,(9, 4),
2025-04-01 20:29:09,677 - getSuccessors - INFO - O: [((9, 3), 'South', 1), ((10, 4), 'East', 1), ((8, 4), 'West', 1)]
2025-04-01 20:29:09,677 - isGoalState - INFO - I: q1a_problem,(19, 6),
2025-04-01 20:29:09,677 - isGoalState - INFO - O: False
2025-04-01 20:29:09,677 - getSuccessors - INFO - I: q1a_problem,(19, 6),
2025-04-01 20:29:09,677 - getSuccessors - INFO - O: [((20, 6), 'East', 1), ((18, 6), 'West', 1)]
2025-04-01 20:29:09,677 - isGoalState - INFO - I: q1a_problem,(11, 1),
2025-04-01 20:29:09,677 - isGoalState - INFO - O: False
2025-04-01 20:29:09,677 - getSuccessors - INFO - I: q1a_problem,(11, 1),
2025-04-01 20:29:09,677 - getSuccessors - INFO - O: [((11, 2), 'North', 1), ((12, 1), 'East', 1)]
2025-04-01 20:29:09,677 - isGoalState - INFO - I: q1a_problem,(9, 3),
2025-04-01 20:29:09,677 - isGoalState - INFO - O: False
2025-04-01 20:29:09,677 - getSuccessors - INFO - I: q1a_problem,(9, 3),
2025-04-01 20:29:09,678 - getSuccessors - INFO - O: [((9, 4), 'North', 1), ((9, 2), 'South', 1)]
2025-04-01 20:29:09,678 - isGoalState - INFO - I: q1a_problem,(8, 4),
2025-04-01 20:29:09,678 - isGoalState - INFO - O: False
2025-04-01 20:29:09,678 - getSuccessors - INFO - I: q1a_problem,(8, 4),
2025-04-01 20:29:09,678 - getSuccessors - INFO - O: [((9, 4), 'East', 1), ((7, 4), 'West', 1)]
2025-04-01 20:29:09,678 - isGoalState - INFO - I: q1a_problem,(18, 6),
2025-04-01 20:29:09,678 - isGoalState - INFO - O: False
2025-04-01 20:29:09,678 - getSuccessors - INFO - I: q1a_problem,(18, 6),
2025-04-01 20:29:09,678 - getSuccessors - INFO - O: [((18, 5), 'South', 1), ((19, 6), 'East', 1), ((17, 6), 'West', 1)]
2025-04-01 20:29:09,678 - isGoalState - INFO - I: q1a_problem,(9, 2),
2025-04-01 20:29:09,678 - isGoalState - INFO - O: False
2025-04-01 20:29:09,678 - getSuccessors - INFO - I: q1a_problem,(9, 2),
2025-04-01 20:29:09,678 - getSuccessors - INFO - O: [((9, 3), 'North', 1), ((8, 2), 'West', 1)]
2025-04-01 20:29:09,678 - isGoalState - INFO - I: q1a_problem,(7, 4),
2025-04-01 20:29:09,678 - isGoalState - INFO - O: False
2025-04-01 20:29:09,678 - getSuccessors - INFO - I: q1a_problem,(7, 4),
2025-04-01 20:29:09,678 - getSuccessors - INFO - O: [((8, 4), 'East', 1), ((6, 4), 'West', 1)]
2025-04-01 20:29:09,678 - isGoalState - INFO - I: q1a_problem,(18, 5),
2025-04-01 20:29:09,678 - isGoalState - INFO - O: False
2025-04-01 20:29:09,678 - getSuccessors - INFO - I: q1a_problem,(18, 5),
2025-04-01 20:29:09,678 - getSuccessors - INFO - O: [((18, 6), 'North', 1), ((18, 4), 'South', 1)]
2025-04-01 20:29:09,678 - isGoalState - INFO - I: q1a_problem,(17, 6),
2025-04-01 20:29:09,678 - isGoalState - INFO - O: False
2025-04-01 20:29:09,678 - getSuccessors - INFO - I: q1a_problem,(17, 6),
2025-04-01 20:29:09,678 - getSuccessors - INFO - O: [((18, 6), 'East', 1), ((16, 6), 'West', 1)]
2025-04-01 20:29:09,678 - isGoalState - INFO - I: q1a_problem,(8, 2),
2025-04-01 20:29:09,678 - isGoalState - INFO - O: False
2025-04-01 20:29:09,678 - getSuccessors - INFO - I: q1a_problem,(8, 2),
2025-04-01 20:29:09,678 - getSuccessors - INFO - O: [((9, 2), 'East', 1), ((7, 2), 'West', 1)]
2025-04-01 20:29:09,678 - isGoalState - INFO - I: q1a_problem,(6, 4),
2025-04-01 20:29:09,678 - isGoalState - INFO - O: False
2025-04-01 20:29:09,678 - getSuccessors - INFO - I: q1a_problem,(6, 4),
2025-04-01 20:29:09,678 - getSuccessors - INFO - O: [((7, 4), 'East', 1), ((5, 4), 'West', 1)]
2025-04-01 20:29:09,678 - isGoalState - INFO - I: q1a_problem,(18, 4),
2025-04-01 20:29:09,678 - isGoalState - INFO - O: False
2025-04-01 20:29:09,678 - getSuccessors - INFO - I: q1a_problem,(18, 4),
2025-04-01 20:29:09,678 - getSuccessors - INFO - O: [((18, 5), 'North', 1), ((18, 3), 'South', 1), ((19, 4), 'East', 1), ((17, 4), 'West', 1)]
2025-04-01 20:29:09,678 - isGoalState - INFO - I: q1a_problem,(16, 6),
2025-04-01 20:29:09,678 - isGoalState - INFO - O: False
2025-04-01 20:29:09,678 - getSuccessors - INFO - I: q1a_problem,(16, 6),
2025-04-01 20:29:09,678 - getSuccessors - INFO - O: [((17, 6), 'East', 1)]
2025-04-01 20:29:09,678 - isGoalState - INFO - I: q1a_problem,(7, 2),
2025-04-01 20:29:09,678 - isGoalState - INFO - O: False
2025-04-01 20:29:09,678 - getSuccessors - INFO - I: q1a_problem,(7, 2),
2025-04-01 20:29:09,678 - getSuccessors - INFO - O: [((8, 2), 'East', 1), ((6, 2), 'West', 1)]
2025-04-01 20:29:09,678 - isGoalState - INFO - I: q1a_problem,(5, 4),
2025-04-01 20:29:09,678 - isGoalState - INFO - O: False
2025-04-01 20:29:09,678 - getSuccessors - INFO - I: q1a_problem,(5, 4),
2025-04-01 20:29:09,678 - getSuccessors - INFO - O: [((5, 5), 'North', 1), ((6, 4), 'East', 1), ((4, 4), 'West', 1)]
2025-04-01 20:29:09,678 - isGoalState - INFO - I: q1a_problem,(18, 3),
2025-04-01 20:29:09,678 - isGoalState - INFO - O: False
2025-04-01 20:29:09,678 - getSuccessors - INFO - I: q1a_problem,(18, 3),
2025-04-01 20:29:09,678 - getSuccessors - INFO - O: [((18, 4), 'North', 1), ((18, 2), 'South', 1)]
2025-04-01 20:29:09,678 - isGoalState - INFO - I: q1a_problem,(17, 4),
2025-04-01 20:29:09,678 - isGoalState - INFO - O: False
2025-04-01 20:29:09,678 - getSuccessors - INFO - I: q1a_problem,(17, 4),
2025-04-01 20:29:09,678 - getSuccessors - INFO - O: [((18, 4), 'East', 1), ((16, 4), 'West', 1)]
2025-04-01 20:29:09,678 - isGoalState - INFO - I: q1a_problem,(6, 2),
2025-04-01 20:29:09,679 - isGoalState - INFO - O: False
2025-04-01 20:29:09,679 - getSuccessors - INFO - I: q1a_problem,(6, 2),
2025-04-01 20:29:09,679 - getSuccessors - INFO - O: [((7, 2), 'East', 1), ((5, 2), 'West', 1)]
2025-04-01 20:29:09,679 - isGoalState - INFO - I: q1a_problem,(4, 4),
2025-04-01 20:29:09,679 - isGoalState - INFO - O: False
2025-04-01 20:29:09,679 - getSuccessors - INFO - I: q1a_problem,(4, 4),
2025-04-01 20:29:09,679 - getSuccessors - INFO - O: [((5, 4), 'East', 1), ((3, 4), 'West', 1)]
2025-04-01 20:29:09,679 - isGoalState - INFO - I: q1a_problem,(18, 2),
2025-04-01 20:29:09,679 - isGoalState - INFO - O: False
2025-04-01 20:29:09,679 - getSuccessors - INFO - I: q1a_problem,(18, 2),
2025-04-01 20:29:09,679 - getSuccessors - INFO - O: [((18, 3), 'North', 1), ((18, 1), 'South', 1)]
2025-04-01 20:29:09,679 - isGoalState - INFO - I: q1a_problem,(16, 4),
2025-04-01 20:29:09,679 - isGoalState - INFO - O: False
2025-04-01 20:29:09,679 - getSuccessors - INFO - I: q1a_problem,(16, 4),
2025-04-01 20:29:09,679 - getSuccessors - INFO - O: [((16, 3), 'South', 1), ((17, 4), 'East', 1)]
2025-04-01 20:29:09,679 - isGoalState - INFO - I: q1a_problem,(5, 2),
2025-04-01 20:29:09,679 - isGoalState - INFO - O: False
2025-04-01 20:29:09,679 - getSuccessors - INFO - I: q1a_problem,(5, 2),
2025-04-01 20:29:09,679 - getSuccessors - INFO - O: [((5, 1), 'South', 1), ((6, 2), 'East', 1)]
2025-04-01 20:29:09,679 - isGoalState - INFO - I: q1a_problem,(3, 4),
2025-04-01 20:29:09,679 - isGoalState - INFO - O: False
2025-04-01 20:29:09,679 - getSuccessors - INFO - I: q1a_problem,(3, 4),
2025-04-01 20:29:09,679 - getSuccessors - INFO - O: [((3, 5), 'North', 1), ((3, 3), 'South', 1), ((4, 4), 'East', 1)]
2025-04-01 20:29:09,679 - isGoalState - INFO - I: q1a_problem,(18, 1),
2025-04-01 20:29:09,679 - isGoalState - INFO - O: False
2025-04-01 20:29:09,679 - getSuccessors - INFO - I: q1a_problem,(18, 1),
2025-04-01 20:29:09,679 - getSuccessors - INFO - O: [((18, 2), 'North', 1)]
2025-04-01 20:29:09,679 - isGoalState - INFO - I: q1a_problem,(16, 3),
2025-04-01 20:29:09,679 - isGoalState - INFO - O: False
2025-04-01 20:29:09,679 - getSuccessors - INFO - I: q1a_problem,(16, 3),
2025-04-01 20:29:09,679 - getSuccessors - INFO - O: [((16, 4), 'North', 1), ((16, 2), 'South', 1)]
2025-04-01 20:29:09,679 - isGoalState - INFO - I: q1a_problem,(5, 1),
2025-04-01 20:29:09,679 - isGoalState - INFO - O: False
2025-04-01 20:29:09,679 - getSuccessors - INFO - I: q1a_problem,(5, 1),
2025-04-01 20:29:09,679 - getSuccessors - INFO - O: [((5, 2), 'North', 1)]
2025-04-01 20:29:09,679 - isGoalState - INFO - I: q1a_problem,(3, 3),
2025-04-01 20:29:09,679 - isGoalState - INFO - O: False
2025-04-01 20:29:09,679 - getSuccessors - INFO - I: q1a_problem,(3, 3),
2025-04-01 20:29:09,679 - getSuccessors - INFO - O: [((3, 4), 'North', 1), ((3, 2), 'South', 1)]
2025-04-01 20:29:09,679 - isGoalState - INFO - I: q1a_problem,(16, 2),
2025-04-01 20:29:09,679 - isGoalState - INFO - O: False
2025-04-01 20:29:09,679 - getSuccessors - INFO - I: q1a_problem,(16, 2),
2025-04-01 20:29:09,679 - getSuccessors - INFO - O: [((16, 3), 'North', 1), ((16, 1), 'South', 1), ((15, 2), 'West', 1)]
2025-04-01 20:29:09,679 - isGoalState - INFO - I: q1a_problem,(3, 2),
2025-04-01 20:29:09,679 - isGoalState - INFO - O: False
2025-04-01 20:29:09,679 - getSuccessors - INFO - I: q1a_problem,(3, 2),
2025-04-01 20:29:09,679 - getSuccessors - INFO - O: [((3, 3), 'North', 1), ((3, 1), 'South', 1), ((2, 2), 'West', 1)]
2025-04-01 20:29:09,679 - isGoalState - INFO - I: q1a_problem,(16, 1),
2025-04-01 20:29:09,679 - isGoalState - INFO - O: False
2025-04-01 20:29:09,679 - getSuccessors - INFO - I: q1a_problem,(16, 1),
2025-04-01 20:29:09,679 - getSuccessors - INFO - O: [((16, 2), 'North', 1), ((15, 1), 'West', 1)]
2025-04-01 20:29:09,679 - isGoalState - INFO - I: q1a_problem,(15, 2),
2025-04-01 20:29:09,679 - isGoalState - INFO - O: False
2025-04-01 20:29:09,679 - getSuccessors - INFO - I: q1a_problem,(15, 2),
2025-04-01 20:29:09,679 - getSuccessors - INFO - O: [((15, 1), 'South', 1), ((16, 2), 'East', 1), ((14, 2), 'West', 1)]
2025-04-01 20:29:09,679 - isGoalState - INFO - I: q1a_problem,(3, 1),
2025-04-01 20:29:09,679 - isGoalState - INFO - O: False
2025-04-01 20:29:09,679 - getSuccessors - INFO - I: q1a_problem,(3, 1),
2025-04-01 20:29:09,679 - getSuccessors - INFO - O: [((3, 2), 'North', 1), ((2, 1), 'West', 1)]
2025-04-01 20:29:09,679 - isGoalState - INFO - I: q1a_problem,(2, 2),
2025-04-01 20:29:09,679 - isGoalState - INFO - O: False
2025-04-01 20:29:09,679 - getSuccessors - INFO - I: q1a_problem,(2, 2),
2025-04-01 20:29:09,679 - getSuccessors - INFO - O: [((2, 1), 'South', 1), ((3, 2), 'East', 1), ((1, 2), 'West', 1)]
2025-04-01 20:29:09,679 - isGoalState - INFO - I: q1a_problem,(15, 1),
2025-04-01 20:29:09,679 - isGoalState - INFO - O: False
2025-04-01 20:29:09,679 - getSuccessors - INFO - I: q1a_problem,(15, 1),
2025-04-01 20:29:09,679 - getSuccessors - INFO - O: [((15, 2), 'North', 1), ((16, 1), 'East', 1), ((14, 1), 'West', 1)]
2025-04-01 20:29:09,680 - isGoalState - INFO - I: q1a_problem,(14, 2),
2025-04-01 20:29:09,680 - isGoalState - INFO - O: False
2025-04-01 20:29:09,680 - getSuccessors - INFO - I: q1a_problem,(14, 2),
2025-04-01 20:29:09,680 - getSuccessors - INFO - O: [((14, 1), 'South', 1), ((15, 2), 'East', 1), ((13, 2), 'West', 1)]
2025-04-01 20:29:09,680 - isGoalState - INFO - I: q1a_problem,(2, 1),
2025-04-01 20:29:09,680 - isGoalState - INFO - O: False
2025-04-01 20:29:09,680 - getSuccessors - INFO - I: q1a_problem,(2, 1),
2025-04-01 20:29:09,680 - getSuccessors - INFO - O: [((2, 2), 'North', 1), ((3, 1), 'East', 1), ((1, 1), 'West', 1)]
2025-04-01 20:29:09,680 - isGoalState - INFO - I: q1a_problem,(1, 2),
2025-04-01 20:29:09,680 - isGoalState - INFO - O: False
2025-04-01 20:29:09,680 - getSuccessors - INFO - I: q1a_problem,(1, 2),
2025-04-01 20:29:09,680 - getSuccessors - INFO - O: [((1, 3), 'North', 1), ((1, 1), 'South', 1), ((2, 2), 'East', 1)]
2025-04-01 20:29:09,680 - isGoalState - INFO - I: q1a_problem,(14, 1),
2025-04-01 20:29:09,680 - isGoalState - INFO - O: False
2025-04-01 20:29:09,680 - getSuccessors - INFO - I: q1a_problem,(14, 1),
2025-04-01 20:29:09,680 - getSuccessors - INFO - O: [((14, 2), 'North', 1), ((15, 1), 'East', 1), ((13, 1), 'West', 1)]
2025-04-01 20:29:09,680 - isGoalState - INFO - I: q1a_problem,(13, 2),
2025-04-01 20:29:09,680 - isGoalState - INFO - O: False
2025-04-01 20:29:09,680 - getSuccessors - INFO - I: q1a_problem,(13, 2),
2025-04-01 20:29:09,680 - getSuccessors - INFO - O: [((13, 1), 'South', 1), ((14, 2), 'East', 1), ((12, 2), 'West', 1)]
2025-04-01 20:29:09,680 - isGoalState - INFO - I: q1a_problem,(1, 1),
2025-04-01 20:29:09,680 - isGoalState - INFO - O: True
2025-04-01 20:29:09,690 - root - INFO - Remaining Food: 0
2025-04-01 20:29:09,690 - root - INFO - moveHistory: [[(0, 'South'), (0, 'South'), (0, 'West'), (0, 'West'), (0, 'North'), (0, 'North'), (0, 'West'), (0, 'West'), (0, 'West'), (0, 'West'), (0, 'West'), (0, 'West'), (0, 'West'), (0, 'West'), (0, 'South'), (0, 'South'), (0, 'South'), (0, 'South'), (0, 'West'), (0, 'West'), (0, 'West'), (0, 'North'), (0, 'North'), (0, 'West'), (0, 'West'), (0, 'West'), (0, 'West'), (0, 'South'), (0, 'South'), (0, 'South'), (0, 'South'), (0, 'East'), (0, 'East'), (0, 'South'), (0, 'South'), (0, 'West'), (0, 'West'), (0, 'West'), (0, 'West'), (0, 'West'), (0, 'West'), (0, 'West'), (0, 'West'), (0, 'West'), (0, 'West'), (0, 'South'), (0, 'South'), (0, 'South'), (0, 'West'), (0, 'West')]]
2025-04-01 20:29:09,691 - root - INFO - pathLength: [50]
2025-04-01 20:29:09,691 - root - INFO - Average Score: 460.00
2025-04-01 20:29:09,691 - root - INFO - Scores: 460.0
2025-04-01 20:29:09,691 - root - INFO - Win Rate:      1/1 (1.00)
2025-04-01 20:29:09,691 - root - INFO - Record:       Win
