2025-04-01 20:29:11,351 - root - INFO - Logger Version: 2.0.0
2025-04-01 20:29:11,351 - main - INFO - input_args: dict_items([('layout', './layouts\\q1a_tinyMaze.lay'), ('pacman', <SearchAgent.SearchAgent object at 0x0000022E4F416870>), ('ghosts', [<RandomGhost.RandomGhost object at 0x0000022E4F85C950>, <RandomGhost.RandomGhost object at 0x0000022E4F881850>, <RandomGhost.RandomGhost object at 0x0000022E4F881760>, <RandomGhost.RandomGhost object at 0x0000022E4F881880>]), ('display', <textDisplay.NullGraphics object at 0x0000022E4F881910>), ('numGames', 1), ('record', False), ('catchExceptions', True), ('timeout', 1), ('outfile', 'q1a_tinyMaze')])
2025-04-01 20:29:11,351 - root - INFO - runGames
2025-04-01 20:29:11,351 - root - INFO - 0/1
2025-04-01 20:29:11,352 - root - INFO - newGame
2025-04-01 20:29:11,353 - root - INFO - layout: %%%%%%%
%    P%
% %%% %
%  %  %
%%   %%
%. %%%%
%%%%%%%
2025-04-01 20:29:11,353 - root - INFO - runGame
2025-04-01 20:29:11,353 - root - INFO - #agents:1
2025-04-01 20:29:11,353 - root - INFO - #pacman:1
2025-04-01 20:29:11,353 - root - INFO - #ghosts:0
2025-04-01 20:29:11,353 - getStartState - INFO - I: q1a_problem,
2025-04-01 20:29:11,353 - getStartState - INFO - O: (5, 5)
2025-04-01 20:29:11,353 - isGoalState - INFO - I: q1a_problem,(5, 5),
2025-04-01 20:29:11,353 - isGoalState - INFO - O: False
2025-04-01 20:29:11,353 - getSuccessors - INFO - I: q1a_problem,(5, 5),
2025-04-01 20:29:11,353 - getSuccessors - INFO - O: [((5, 4), 'South', 1), ((4, 5), 'West', 1)]
2025-04-01 20:29:11,353 - isGoalState - INFO - I: q1a_problem,(5, 4),
2025-04-01 20:29:11,353 - isGoalState - INFO - O: False
2025-04-01 20:29:11,353 - getSuccessors - INFO - I: q1a_problem,(5, 4),
2025-04-01 20:29:11,353 - getSuccessors - INFO - O: [((5, 5), 'North', 1), ((5, 3), 'South', 1)]
2025-04-01 20:29:11,353 - isGoalState - INFO - I: q1a_problem,(4, 5),
2025-04-01 20:29:11,353 - isGoalState - INFO - O: False
2025-04-01 20:29:11,353 - getSuccessors - INFO - I: q1a_problem,(4, 5),
2025-04-01 20:29:11,353 - getSuccessors - INFO - O: [((5, 5), 'East', 1), ((3, 5), 'West', 1)]
2025-04-01 20:29:11,353 - isGoalState - INFO - I: q1a_problem,(5, 3),
2025-04-01 20:29:11,353 - isGoalState - INFO - O: False
2025-04-01 20:29:11,353 - getSuccessors - INFO - I: q1a_problem,(5, 3),
2025-04-01 20:29:11,353 - getSuccessors - INFO - O: [((5, 4), 'North', 1), ((4, 3), 'West', 1)]
2025-04-01 20:29:11,353 - isGoalState - INFO - I: q1a_problem,(3, 5),
2025-04-01 20:29:11,353 - isGoalState - INFO - O: False
2025-04-01 20:29:11,353 - getSuccessors - INFO - I: q1a_problem,(3, 5),
2025-04-01 20:29:11,353 - getSuccessors - INFO - O: [((4, 5), 'East', 1), ((2, 5), 'West', 1)]
2025-04-01 20:29:11,353 - isGoalState - INFO - I: q1a_problem,(4, 3),
2025-04-01 20:29:11,353 - isGoalState - INFO - O: False
2025-04-01 20:29:11,353 - getSuccessors - INFO - I: q1a_problem,(4, 3),
2025-04-01 20:29:11,353 - getSuccessors - INFO - O: [((4, 2), 'South', 1), ((5, 3), 'East', 1)]
2025-04-01 20:29:11,353 - isGoalState - INFO - I: q1a_problem,(2, 5),
2025-04-01 20:29:11,353 - isGoalState - INFO - O: False
2025-04-01 20:29:11,353 - getSuccessors - INFO - I: q1a_problem,(2, 5),
2025-04-01 20:29:11,353 - getSuccessors - INFO - O: [((3, 5), 'East', 1), ((1, 5), 'West', 1)]
2025-04-01 20:29:11,353 - isGoalState - INFO - I: q1a_problem,(4, 2),
2025-04-01 20:29:11,353 - isGoalState - INFO - O: False
2025-04-01 20:29:11,353 - getSuccessors - INFO - I: q1a_problem,(4, 2),
2025-04-01 20:29:11,353 - getSuccessors - INFO - O: [((4, 3), 'North', 1), ((3, 2), 'West', 1)]
2025-04-01 20:29:11,354 - isGoalState - INFO - I: q1a_problem,(1, 5),
2025-04-01 20:29:11,354 - isGoalState - INFO - O: False
2025-04-01 20:29:11,354 - getSuccessors - INFO - I: q1a_problem,(1, 5),
2025-04-01 20:29:11,354 - getSuccessors - INFO - O: [((1, 4), 'South', 1), ((2, 5), 'East', 1)]
2025-04-01 20:29:11,354 - isGoalState - INFO - I: q1a_problem,(3, 2),
2025-04-01 20:29:11,354 - isGoalState - INFO - O: False
2025-04-01 20:29:11,354 - getSuccessors - INFO - I: q1a_problem,(3, 2),
2025-04-01 20:29:11,354 - getSuccessors - INFO - O: [((4, 2), 'East', 1), ((2, 2), 'West', 1)]
2025-04-01 20:29:11,354 - isGoalState - INFO - I: q1a_problem,(1, 4),
2025-04-01 20:29:11,354 - isGoalState - INFO - O: False
2025-04-01 20:29:11,354 - getSuccessors - INFO - I: q1a_problem,(1, 4),
2025-04-01 20:29:11,354 - getSuccessors - INFO - O: [((1, 5), 'North', 1), ((1, 3), 'South', 1)]
2025-04-01 20:29:11,354 - isGoalState - INFO - I: q1a_problem,(2, 2),
2025-04-01 20:29:11,354 - isGoalState - INFO - O: False
2025-04-01 20:29:11,354 - getSuccessors - INFO - I: q1a_problem,(2, 2),
2025-04-01 20:29:11,354 - getSuccessors - INFO - O: [((2, 3), 'North', 1), ((2, 1), 'South', 1), ((3, 2), 'East', 1)]
2025-04-01 20:29:11,354 - isGoalState - INFO - I: q1a_problem,(1, 3),
2025-04-01 20:29:11,354 - isGoalState - INFO - O: False
2025-04-01 20:29:11,354 - getSuccessors - INFO - I: q1a_problem,(1, 3),
2025-04-01 20:29:11,354 - getSuccessors - INFO - O: [((1, 4), 'North', 1), ((2, 3), 'East', 1)]
2025-04-01 20:29:11,354 - isGoalState - INFO - I: q1a_problem,(2, 1),
2025-04-01 20:29:11,354 - isGoalState - INFO - O: False
2025-04-01 20:29:11,354 - getSuccessors - INFO - I: q1a_problem,(2, 1),
2025-04-01 20:29:11,354 - getSuccessors - INFO - O: [((2, 2), 'North', 1), ((1, 1), 'West', 1)]
2025-04-01 20:29:11,354 - isGoalState - INFO - I: q1a_problem,(1, 1),
2025-04-01 20:29:11,354 - isGoalState - INFO - O: True
2025-04-01 20:29:11,354 - root - INFO - Remaining Food: 0
2025-04-01 20:29:11,354 - root - INFO - moveHistory: [[(0, 'South'), (0, 'South'), (0, 'West'), (0, 'South'), (0, 'West'), (0, 'West'), (0, 'South'), (0, 'West')]]
2025-04-01 20:29:11,354 - root - INFO - pathLength: [8]
2025-04-01 20:29:11,355 - root - INFO - Average Score: 502.00
2025-04-01 20:29:11,355 - root - INFO - Scores: 502.0
2025-04-01 20:29:11,355 - root - INFO - Win Rate:      1/1 (1.00)
2025-04-01 20:29:11,355 - root - INFO - Record:       Win
