2025-04-01 20:29:08,240 - root - INFO - Logger Version: 2.0.0
2025-04-01 20:29:08,240 - main - INFO - input_args: dict_items([('layout', './layouts\\q1a_bigMaze2.lay'), ('pacman', <SearchAgent.SearchAgent object at 0x000001FFB98868A0>), ('ghosts', [<RandomGhost.RandomGhost object at 0x000001FFB9CC8860>, <RandomGhost.RandomGhost object at 0x000001FFB9CF1880>, <RandomGhost.RandomGhost object at 0x000001FFB9CF1790>, <RandomGhost.RandomGhost object at 0x000001FFB9CF18B0>]), ('display', <textDisplay.NullGraphics object at 0x000001FFB9CF1940>), ('numGames', 1), ('record', False), ('catchExceptions', True), ('timeout', 1), ('outfile', 'q1a_bigMaze2')])
2025-04-01 20:29:08,240 - root - INFO - runGames
2025-04-01 20:29:08,240 - root - INFO - 0/1
2025-04-01 20:29:08,250 - root - INFO - newGame
2025-04-01 20:29:08,250 - root - INFO - layout: %%%%%%%%%%%%%%%%%%%%%%%%%%%%%%%%%%%%%
%       %                         % %
%         %%%%% % %%% %%% %%%%%%% % %
%       %       % %     %     % %   %
%%%%% %%%%% %%% % % % %%% %%%%% % %%%
%   % % % %   % % % %   % %     %   %
% %%% % % % %%% %%%%% %%% % %%% %%% %
%       %     %  P%   %     % % %   %
%%% %%%%%%%%% %%%%%%% %%% %%% % % % %
%             %       % %   %     % %
% % %%%%% % %%% % % %%% % %%% %%% % %
% % %     % % % % %     %   % % % % %
% % % %%%%%%% % %%%%%%%%% %%% % %%% %
% % % %     %   %     %     %   %   %
%%% %%% % %%%%% %%%%% %%% %%% %%%%% %
%     % %               % %   % % % %
% % % % %  %  %%% %%% %%% % % % % % %
% % % % % %%  % % % % %   % % %     %
% % %%%%%  %  %%% %%% % %%% %%% %%%%%
%       %  %  % % % % %       % %   %
% %%% % %  %  %%% %%% %%%%%%%%% % %%%
%   % %                   %   % %   %
% %%% %%%%%%%%%%%%%%%%%%%%% % % %%% %
% %                         %       %
% % % %%%%% %%% % % % % %%%%%%%%%%%%%
% % %   %     % % % %       %   % % %
% % %%% %%% % % % %%%%%%%%% %%% % % %
% %   % %   % % %   % %   % % %     %
% %%% %%% %%% % %%% % % %%%%% % %%%%%
%       %   %     %       %   % %   %
%%% % %%%%% %%%%% %%% %%% % %%% % %%%
% % % % % % % %     % %   % %   % % %
% % %%% % % % % %%%%%%%%% % % % % % %
%       %                     %     %
% %   % %%% %%% %%%%%%% %%% %%% %%% %
%.%   %       %           %     %   %
%%%%%%%%%%%%%%%%%%%%%%%%%%%%%%%%%%%%%
2025-04-01 20:29:08,250 - root - INFO - runGame
2025-04-01 20:29:08,254 - root - INFO - #agents:1
2025-04-01 20:29:08,254 - root - INFO - #pacman:1
2025-04-01 20:29:08,254 - root - INFO - #ghosts:0
2025-04-01 20:29:08,254 - getStartState - INFO - I: q1a_problem,
2025-04-01 20:29:08,254 - getStartState - INFO - O: (17, 29)
2025-04-01 20:29:08,254 - isGoalState - INFO - I: q1a_problem,(17, 29),
2025-04-01 20:29:08,254 - isGoalState - INFO - O: False
2025-04-01 20:29:08,254 - getSuccessors - INFO - I: q1a_problem,(17, 29),
2025-04-01 20:29:08,254 - getSuccessors - INFO - O: [((16, 29), 'West', 1)]
2025-04-01 20:29:08,254 - isGoalState - INFO - I: q1a_problem,(16, 29),
2025-04-01 20:29:08,254 - isGoalState - INFO - O: False
2025-04-01 20:29:08,254 - getSuccessors - INFO - I: q1a_problem,(16, 29),
2025-04-01 20:29:08,254 - getSuccessors - INFO - O: [((17, 29), 'East', 1), ((15, 29), 'West', 1)]
2025-04-01 20:29:08,254 - isGoalState - INFO - I: q1a_problem,(15, 29),
2025-04-01 20:29:08,254 - isGoalState - INFO - O: False
2025-04-01 20:29:08,254 - getSuccessors - INFO - I: q1a_problem,(15, 29),
2025-04-01 20:29:08,254 - getSuccessors - INFO - O: [((15, 30), 'North', 1), ((16, 29), 'East', 1)]
2025-04-01 20:29:08,254 - isGoalState - INFO - I: q1a_problem,(15, 30),
2025-04-01 20:29:08,254 - isGoalState - INFO - O: False
2025-04-01 20:29:08,254 - getSuccessors - INFO - I: q1a_problem,(15, 30),
2025-04-01 20:29:08,254 - getSuccessors - INFO - O: [((15, 31), 'North', 1), ((15, 29), 'South', 1)]
2025-04-01 20:29:08,254 - isGoalState - INFO - I: q1a_problem,(15, 31),
2025-04-01 20:29:08,254 - isGoalState - INFO - O: False
2025-04-01 20:29:08,254 - getSuccessors - INFO - I: q1a_problem,(15, 31),
2025-04-01 20:29:08,254 - getSuccessors - INFO - O: [((15, 32), 'North', 1), ((15, 30), 'South', 1)]
2025-04-01 20:29:08,254 - isGoalState - INFO - I: q1a_problem,(15, 32),
2025-04-01 20:29:08,254 - isGoalState - INFO - O: False
2025-04-01 20:29:08,254 - getSuccessors - INFO - I: q1a_problem,(15, 32),
2025-04-01 20:29:08,254 - getSuccessors - INFO - O: [((15, 33), 'North', 1), ((15, 31), 'South', 1)]
2025-04-01 20:29:08,254 - isGoalState - INFO - I: q1a_problem,(15, 33),
2025-04-01 20:29:08,254 - isGoalState - INFO - O: False
2025-04-01 20:29:08,254 - getSuccessors - INFO - I: q1a_problem,(15, 33),
2025-04-01 20:29:08,254 - getSuccessors - INFO - O: [((15, 34), 'North', 1), ((15, 32), 'South', 1), ((14, 33), 'West', 1)]
2025-04-01 20:29:08,254 - isGoalState - INFO - I: q1a_problem,(14, 33),
2025-04-01 20:29:08,254 - isGoalState - INFO - O: False
2025-04-01 20:29:08,254 - getSuccessors - INFO - I: q1a_problem,(14, 33),
2025-04-01 20:29:08,254 - getSuccessors - INFO - O: [((15, 33), 'East', 1), ((13, 33), 'West', 1)]
2025-04-01 20:29:08,254 - isGoalState - INFO - I: q1a_problem,(13, 33),
2025-04-01 20:29:08,254 - isGoalState - INFO - O: False
2025-04-01 20:29:08,254 - getSuccessors - INFO - I: q1a_problem,(13, 33),
2025-04-01 20:29:08,254 - getSuccessors - INFO - O: [((14, 33), 'East', 1), ((12, 33), 'West', 1)]
2025-04-01 20:29:08,254 - isGoalState - INFO - I: q1a_problem,(12, 33),
2025-04-01 20:29:08,254 - isGoalState - INFO - O: False
2025-04-01 20:29:08,254 - getSuccessors - INFO - I: q1a_problem,(12, 33),
2025-04-01 20:29:08,254 - getSuccessors - INFO - O: [((13, 33), 'East', 1), ((11, 33), 'West', 1)]
2025-04-01 20:29:08,254 - isGoalState - INFO - I: q1a_problem,(11, 33),
2025-04-01 20:29:08,254 - isGoalState - INFO - O: False
2025-04-01 20:29:08,254 - getSuccessors - INFO - I: q1a_problem,(11, 33),
2025-04-01 20:29:08,254 - getSuccessors - INFO - O: [((11, 32), 'South', 1), ((12, 33), 'East', 1), ((10, 33), 'West', 1)]
2025-04-01 20:29:08,254 - isGoalState - INFO - I: q1a_problem,(11, 32),
2025-04-01 20:29:08,254 - isGoalState - INFO - O: False
2025-04-01 20:29:08,254 - getSuccessors - INFO - I: q1a_problem,(11, 32),
2025-04-01 20:29:08,254 - getSuccessors - INFO - O: [((11, 33), 'North', 1), ((11, 31), 'South', 1)]
2025-04-01 20:29:08,254 - isGoalState - INFO - I: q1a_problem,(10, 33),
2025-04-01 20:29:08,254 - isGoalState - INFO - O: False
2025-04-01 20:29:08,254 - getSuccessors - INFO - I: q1a_problem,(10, 33),
2025-04-01 20:29:08,254 - getSuccessors - INFO - O: [((11, 33), 'East', 1), ((9, 33), 'West', 1)]
2025-04-01 20:29:08,254 - isGoalState - INFO - I: q1a_problem,(11, 31),
2025-04-01 20:29:08,254 - isGoalState - INFO - O: False
2025-04-01 20:29:08,254 - getSuccessors - INFO - I: q1a_problem,(11, 31),
2025-04-01 20:29:08,254 - getSuccessors - INFO - O: [((11, 32), 'North', 1), ((11, 30), 'South', 1), ((12, 31), 'East', 1)]
2025-04-01 20:29:08,255 - isGoalState - INFO - I: q1a_problem,(9, 33),
2025-04-01 20:29:08,255 - isGoalState - INFO - O: False
2025-04-01 20:29:08,255 - getSuccessors - INFO - I: q1a_problem,(9, 33),
2025-04-01 20:29:08,255 - getSuccessors - INFO - O: [((9, 34), 'North', 1), ((10, 33), 'East', 1)]
2025-04-01 20:29:08,255 - isGoalState - INFO - I: q1a_problem,(11, 30),
2025-04-01 20:29:08,255 - isGoalState - INFO - O: False
2025-04-01 20:29:08,255 - getSuccessors - INFO - I: q1a_problem,(11, 30),
2025-04-01 20:29:08,255 - getSuccessors - INFO - O: [((11, 31), 'North', 1), ((11, 29), 'South', 1)]
2025-04-01 20:29:08,255 - isGoalState - INFO - I: q1a_problem,(11, 29),
2025-04-01 20:29:08,255 - isGoalState - INFO - O: False
2025-04-01 20:29:08,255 - getSuccessors - INFO - I: q1a_problem,(11, 29),
2025-04-01 20:29:08,255 - getSuccessors - INFO - O: [((11, 30), 'North', 1), ((12, 29), 'East', 1), ((10, 29), 'West', 1)]
2025-04-01 20:29:08,255 - isGoalState - INFO - I: q1a_problem,(10, 29),
2025-04-01 20:29:08,255 - isGoalState - INFO - O: False
2025-04-01 20:29:08,255 - getSuccessors - INFO - I: q1a_problem,(10, 29),
2025-04-01 20:29:08,255 - getSuccessors - INFO - O: [((11, 29), 'East', 1), ((9, 29), 'West', 1)]
2025-04-01 20:29:08,255 - isGoalState - INFO - I: q1a_problem,(9, 29),
2025-04-01 20:29:08,255 - isGoalState - INFO - O: False
2025-04-01 20:29:08,255 - getSuccessors - INFO - I: q1a_problem,(9, 29),
2025-04-01 20:29:08,255 - getSuccessors - INFO - O: [((9, 30), 'North', 1), ((10, 29), 'East', 1)]
2025-04-01 20:29:08,255 - isGoalState - INFO - I: q1a_problem,(15, 34),
2025-04-01 20:29:08,255 - isGoalState - INFO - O: False
2025-04-01 20:29:08,255 - getSuccessors - INFO - I: q1a_problem,(15, 34),
2025-04-01 20:29:08,255 - getSuccessors - INFO - O: [((15, 35), 'North', 1), ((15, 33), 'South', 1)]
2025-04-01 20:29:08,255 - isGoalState - INFO - I: q1a_problem,(12, 31),
2025-04-01 20:29:08,255 - isGoalState - INFO - O: False
2025-04-01 20:29:08,255 - getSuccessors - INFO - I: q1a_problem,(12, 31),
2025-04-01 20:29:08,255 - getSuccessors - INFO - O: [((13, 31), 'East', 1), ((11, 31), 'West', 1)]
2025-04-01 20:29:08,255 - isGoalState - INFO - I: q1a_problem,(9, 34),
2025-04-01 20:29:08,255 - isGoalState - INFO - O: False
2025-04-01 20:29:08,255 - getSuccessors - INFO - I: q1a_problem,(9, 34),
2025-04-01 20:29:08,255 - getSuccessors - INFO - O: [((9, 35), 'North', 1), ((9, 33), 'South', 1), ((8, 34), 'West', 1)]
2025-04-01 20:29:08,255 - isGoalState - INFO - I: q1a_problem,(12, 29),
2025-04-01 20:29:08,255 - isGoalState - INFO - O: False
2025-04-01 20:29:08,255 - getSuccessors - INFO - I: q1a_problem,(12, 29),
2025-04-01 20:29:08,255 - getSuccessors - INFO - O: [((13, 29), 'East', 1), ((11, 29), 'West', 1)]
2025-04-01 20:29:08,255 - isGoalState - INFO - I: q1a_problem,(9, 30),
2025-04-01 20:29:08,255 - isGoalState - INFO - O: False
2025-04-01 20:29:08,255 - getSuccessors - INFO - I: q1a_problem,(9, 30),
2025-04-01 20:29:08,255 - getSuccessors - INFO - O: [((9, 31), 'North', 1), ((9, 29), 'South', 1)]
2025-04-01 20:29:08,255 - isGoalState - INFO - I: q1a_problem,(8, 34),
2025-04-01 20:29:08,255 - isGoalState - INFO - O: False
2025-04-01 20:29:08,255 - getSuccessors - INFO - I: q1a_problem,(8, 34),
2025-04-01 20:29:08,255 - getSuccessors - INFO - O: [((9, 34), 'East', 1), ((7, 34), 'West', 1)]
2025-04-01 20:29:08,255 - isGoalState - INFO - I: q1a_problem,(7, 34),
2025-04-01 20:29:08,255 - isGoalState - INFO - O: False
2025-04-01 20:29:08,255 - getSuccessors - INFO - I: q1a_problem,(7, 34),
2025-04-01 20:29:08,255 - getSuccessors - INFO - O: [((7, 35), 'North', 1), ((7, 33), 'South', 1), ((8, 34), 'East', 1), ((6, 34), 'West', 1)]
2025-04-01 20:29:08,255 - isGoalState - INFO - I: q1a_problem,(7, 33),
2025-04-01 20:29:08,255 - isGoalState - INFO - O: False
2025-04-01 20:29:08,255 - getSuccessors - INFO - I: q1a_problem,(7, 33),
2025-04-01 20:29:08,255 - getSuccessors - INFO - O: [((7, 34), 'North', 1), ((6, 33), 'West', 1)]
2025-04-01 20:29:08,255 - isGoalState - INFO - I: q1a_problem,(6, 34),
2025-04-01 20:29:08,255 - isGoalState - INFO - O: False
2025-04-01 20:29:08,255 - getSuccessors - INFO - I: q1a_problem,(6, 34),
2025-04-01 20:29:08,255 - getSuccessors - INFO - O: [((6, 35), 'North', 1), ((6, 33), 'South', 1), ((7, 34), 'East', 1), ((5, 34), 'West', 1)]
2025-04-01 20:29:08,255 - isGoalState - INFO - I: q1a_problem,(6, 33),
2025-04-01 20:29:08,255 - isGoalState - INFO - O: False
2025-04-01 20:29:08,255 - getSuccessors - INFO - I: q1a_problem,(6, 33),
2025-04-01 20:29:08,255 - getSuccessors - INFO - O: [((6, 34), 'North', 1), ((7, 33), 'East', 1), ((5, 33), 'West', 1)]
2025-04-01 20:29:08,255 - isGoalState - INFO - I: q1a_problem,(5, 34),
2025-04-01 20:29:08,255 - isGoalState - INFO - O: False
2025-04-01 20:29:08,255 - getSuccessors - INFO - I: q1a_problem,(5, 34),
2025-04-01 20:29:08,255 - getSuccessors - INFO - O: [((5, 35), 'North', 1), ((5, 33), 'South', 1), ((6, 34), 'East', 1), ((4, 34), 'West', 1)]
2025-04-01 20:29:08,255 - isGoalState - INFO - I: q1a_problem,(5, 33),
2025-04-01 20:29:08,256 - isGoalState - INFO - O: False
2025-04-01 20:29:08,256 - getSuccessors - INFO - I: q1a_problem,(5, 33),
2025-04-01 20:29:08,256 - getSuccessors - INFO - O: [((5, 34), 'North', 1), ((5, 32), 'South', 1), ((6, 33), 'East', 1), ((4, 33), 'West', 1)]
2025-04-01 20:29:08,256 - isGoalState - INFO - I: q1a_problem,(4, 34),
2025-04-01 20:29:08,256 - isGoalState - INFO - O: False
2025-04-01 20:29:08,256 - getSuccessors - INFO - I: q1a_problem,(4, 34),
2025-04-01 20:29:08,256 - getSuccessors - INFO - O: [((4, 35), 'North', 1), ((4, 33), 'South', 1), ((5, 34), 'East', 1), ((3, 34), 'West', 1)]
2025-04-01 20:29:08,256 - isGoalState - INFO - I: q1a_problem,(5, 32),
2025-04-01 20:29:08,256 - isGoalState - INFO - O: False
2025-04-01 20:29:08,256 - getSuccessors - INFO - I: q1a_problem,(5, 32),
2025-04-01 20:29:08,256 - getSuccessors - INFO - O: [((5, 33), 'North', 1), ((5, 31), 'South', 1)]
2025-04-01 20:29:08,256 - isGoalState - INFO - I: q1a_problem,(4, 33),
2025-04-01 20:29:08,256 - isGoalState - INFO - O: False
2025-04-01 20:29:08,256 - getSuccessors - INFO - I: q1a_problem,(4, 33),
2025-04-01 20:29:08,256 - getSuccessors - INFO - O: [((4, 34), 'North', 1), ((5, 33), 'East', 1), ((3, 33), 'West', 1)]
2025-04-01 20:29:08,256 - isGoalState - INFO - I: q1a_problem,(3, 34),
2025-04-01 20:29:08,256 - isGoalState - INFO - O: False
2025-04-01 20:29:08,256 - getSuccessors - INFO - I: q1a_problem,(3, 34),
2025-04-01 20:29:08,256 - getSuccessors - INFO - O: [((3, 35), 'North', 1), ((3, 33), 'South', 1), ((4, 34), 'East', 1), ((2, 34), 'West', 1)]
2025-04-01 20:29:08,256 - isGoalState - INFO - I: q1a_problem,(5, 31),
2025-04-01 20:29:08,256 - isGoalState - INFO - O: False
2025-04-01 20:29:08,256 - getSuccessors - INFO - I: q1a_problem,(5, 31),
2025-04-01 20:29:08,256 - getSuccessors - INFO - O: [((5, 32), 'North', 1), ((5, 30), 'South', 1)]
2025-04-01 20:29:08,256 - isGoalState - INFO - I: q1a_problem,(3, 33),
2025-04-01 20:29:08,256 - isGoalState - INFO - O: False
2025-04-01 20:29:08,256 - getSuccessors - INFO - I: q1a_problem,(3, 33),
2025-04-01 20:29:08,256 - getSuccessors - INFO - O: [((3, 34), 'North', 1), ((4, 33), 'East', 1), ((2, 33), 'West', 1)]
2025-04-01 20:29:08,256 - isGoalState - INFO - I: q1a_problem,(2, 34),
2025-04-01 20:29:08,256 - isGoalState - INFO - O: False
2025-04-01 20:29:08,256 - getSuccessors - INFO - I: q1a_problem,(2, 34),
2025-04-01 20:29:08,256 - getSuccessors - INFO - O: [((2, 35), 'North', 1), ((2, 33), 'South', 1), ((3, 34), 'East', 1), ((1, 34), 'West', 1)]
2025-04-01 20:29:08,256 - isGoalState - INFO - I: q1a_problem,(5, 30),
2025-04-01 20:29:08,256 - isGoalState - INFO - O: False
2025-04-01 20:29:08,256 - getSuccessors - INFO - I: q1a_problem,(5, 30),
2025-04-01 20:29:08,256 - getSuccessors - INFO - O: [((5, 31), 'North', 1), ((5, 29), 'South', 1)]
2025-04-01 20:29:08,256 - isGoalState - INFO - I: q1a_problem,(2, 33),
2025-04-01 20:29:08,256 - isGoalState - INFO - O: False
2025-04-01 20:29:08,256 - getSuccessors - INFO - I: q1a_problem,(2, 33),
2025-04-01 20:29:08,256 - getSuccessors - INFO - O: [((2, 34), 'North', 1), ((3, 33), 'East', 1), ((1, 33), 'West', 1)]
2025-04-01 20:29:08,256 - isGoalState - INFO - I: q1a_problem,(1, 34),
2025-04-01 20:29:08,256 - isGoalState - INFO - O: False
2025-04-01 20:29:08,256 - getSuccessors - INFO - I: q1a_problem,(1, 34),
2025-04-01 20:29:08,256 - getSuccessors - INFO - O: [((1, 35), 'North', 1), ((1, 33), 'South', 1), ((2, 34), 'East', 1)]
2025-04-01 20:29:08,256 - isGoalState - INFO - I: q1a_problem,(5, 29),
2025-04-01 20:29:08,256 - isGoalState - INFO - O: False
2025-04-01 20:29:08,256 - getSuccessors - INFO - I: q1a_problem,(5, 29),
2025-04-01 20:29:08,256 - getSuccessors - INFO - O: [((5, 30), 'North', 1), ((6, 29), 'East', 1), ((4, 29), 'West', 1)]
2025-04-01 20:29:08,256 - isGoalState - INFO - I: q1a_problem,(1, 33),
2025-04-01 20:29:08,256 - isGoalState - INFO - O: False
2025-04-01 20:29:08,256 - getSuccessors - INFO - I: q1a_problem,(1, 33),
2025-04-01 20:29:08,256 - getSuccessors - INFO - O: [((1, 34), 'North', 1), ((2, 33), 'East', 1)]
2025-04-01 20:29:08,256 - isGoalState - INFO - I: q1a_problem,(4, 29),
2025-04-01 20:29:08,256 - isGoalState - INFO - O: False
2025-04-01 20:29:08,256 - getSuccessors - INFO - I: q1a_problem,(4, 29),
2025-04-01 20:29:08,256 - getSuccessors - INFO - O: [((5, 29), 'East', 1), ((3, 29), 'West', 1)]
2025-04-01 20:29:08,256 - isGoalState - INFO - I: q1a_problem,(3, 29),
2025-04-01 20:29:08,256 - isGoalState - INFO - O: False
2025-04-01 20:29:08,256 - getSuccessors - INFO - I: q1a_problem,(3, 29),
2025-04-01 20:29:08,256 - getSuccessors - INFO - O: [((3, 28), 'South', 1), ((4, 29), 'East', 1), ((2, 29), 'West', 1)]
2025-04-01 20:29:08,256 - isGoalState - INFO - I: q1a_problem,(3, 28),
2025-04-01 20:29:08,256 - isGoalState - INFO - O: False
2025-04-01 20:29:08,256 - getSuccessors - INFO - I: q1a_problem,(3, 28),
2025-04-01 20:29:08,256 - getSuccessors - INFO - O: [((3, 29), 'North', 1), ((3, 27), 'South', 1)]
2025-04-01 20:29:08,256 - isGoalState - INFO - I: q1a_problem,(2, 29),
2025-04-01 20:29:08,257 - isGoalState - INFO - O: False
2025-04-01 20:29:08,257 - getSuccessors - INFO - I: q1a_problem,(2, 29),
2025-04-01 20:29:08,257 - getSuccessors - INFO - O: [((3, 29), 'East', 1), ((1, 29), 'West', 1)]
2025-04-01 20:29:08,257 - isGoalState - INFO - I: q1a_problem,(3, 27),
2025-04-01 20:29:08,257 - isGoalState - INFO - O: False
2025-04-01 20:29:08,257 - getSuccessors - INFO - I: q1a_problem,(3, 27),
2025-04-01 20:29:08,257 - getSuccessors - INFO - O: [((3, 28), 'North', 1), ((3, 26), 'South', 1), ((4, 27), 'East', 1), ((2, 27), 'West', 1)]
2025-04-01 20:29:08,257 - isGoalState - INFO - I: q1a_problem,(1, 29),
2025-04-01 20:29:08,257 - isGoalState - INFO - O: False
2025-04-01 20:29:08,257 - getSuccessors - INFO - I: q1a_problem,(1, 29),
2025-04-01 20:29:08,257 - getSuccessors - INFO - O: [((1, 30), 'North', 1), ((2, 29), 'East', 1)]
2025-04-01 20:29:08,257 - isGoalState - INFO - I: q1a_problem,(3, 26),
2025-04-01 20:29:08,257 - isGoalState - INFO - O: False
2025-04-01 20:29:08,257 - getSuccessors - INFO - I: q1a_problem,(3, 26),
2025-04-01 20:29:08,257 - getSuccessors - INFO - O: [((3, 27), 'North', 1), ((3, 25), 'South', 1)]
2025-04-01 20:29:08,257 - isGoalState - INFO - I: q1a_problem,(2, 27),
2025-04-01 20:29:08,257 - isGoalState - INFO - O: False
2025-04-01 20:29:08,257 - getSuccessors - INFO - I: q1a_problem,(2, 27),
2025-04-01 20:29:08,257 - getSuccessors - INFO - O: [((3, 27), 'East', 1), ((1, 27), 'West', 1)]
2025-04-01 20:29:08,257 - isGoalState - INFO - I: q1a_problem,(3, 25),
2025-04-01 20:29:08,257 - isGoalState - INFO - O: False
2025-04-01 20:29:08,257 - getSuccessors - INFO - I: q1a_problem,(3, 25),
2025-04-01 20:29:08,257 - getSuccessors - INFO - O: [((3, 26), 'North', 1), ((3, 24), 'South', 1)]
2025-04-01 20:29:08,257 - isGoalState - INFO - I: q1a_problem,(1, 27),
2025-04-01 20:29:08,257 - isGoalState - INFO - O: False
2025-04-01 20:29:08,257 - getSuccessors - INFO - I: q1a_problem,(1, 27),
2025-04-01 20:29:08,257 - getSuccessors - INFO - O: [((1, 26), 'South', 1), ((2, 27), 'East', 1)]
2025-04-01 20:29:08,257 - isGoalState - INFO - I: q1a_problem,(3, 24),
2025-04-01 20:29:08,257 - isGoalState - INFO - O: False
2025-04-01 20:29:08,257 - getSuccessors - INFO - I: q1a_problem,(3, 24),
2025-04-01 20:29:08,257 - getSuccessors - INFO - O: [((3, 25), 'North', 1), ((3, 23), 'South', 1)]
2025-04-01 20:29:08,257 - isGoalState - INFO - I: q1a_problem,(1, 26),
2025-04-01 20:29:08,257 - isGoalState - INFO - O: False
2025-04-01 20:29:08,257 - getSuccessors - INFO - I: q1a_problem,(1, 26),
2025-04-01 20:29:08,257 - getSuccessors - INFO - O: [((1, 27), 'North', 1), ((1, 25), 'South', 1)]
2025-04-01 20:29:08,257 - isGoalState - INFO - I: q1a_problem,(3, 23),
2025-04-01 20:29:08,257 - isGoalState - INFO - O: False
2025-04-01 20:29:08,257 - getSuccessors - INFO - I: q1a_problem,(3, 23),
2025-04-01 20:29:08,257 - getSuccessors - INFO - O: [((3, 24), 'North', 1), ((3, 22), 'South', 1)]
2025-04-01 20:29:08,257 - isGoalState - INFO - I: q1a_problem,(1, 25),
2025-04-01 20:29:08,257 - isGoalState - INFO - O: False
2025-04-01 20:29:08,257 - getSuccessors - INFO - I: q1a_problem,(1, 25),
2025-04-01 20:29:08,257 - getSuccessors - INFO - O: [((1, 26), 'North', 1), ((1, 24), 'South', 1)]
2025-04-01 20:29:08,257 - isGoalState - INFO - I: q1a_problem,(3, 22),
2025-04-01 20:29:08,257 - isGoalState - INFO - O: False
2025-04-01 20:29:08,257 - getSuccessors - INFO - I: q1a_problem,(3, 22),
2025-04-01 20:29:08,257 - getSuccessors - INFO - O: [((3, 23), 'North', 1), ((3, 21), 'South', 1)]
2025-04-01 20:29:08,257 - isGoalState - INFO - I: q1a_problem,(1, 24),
2025-04-01 20:29:08,257 - isGoalState - INFO - O: False
2025-04-01 20:29:08,257 - getSuccessors - INFO - I: q1a_problem,(1, 24),
2025-04-01 20:29:08,257 - getSuccessors - INFO - O: [((1, 25), 'North', 1), ((1, 23), 'South', 1)]
2025-04-01 20:29:08,257 - isGoalState - INFO - I: q1a_problem,(3, 21),
2025-04-01 20:29:08,257 - isGoalState - INFO - O: False
2025-04-01 20:29:08,257 - getSuccessors - INFO - I: q1a_problem,(3, 21),
2025-04-01 20:29:08,257 - getSuccessors - INFO - O: [((3, 22), 'North', 1), ((3, 20), 'South', 1), ((4, 21), 'East', 1), ((2, 21), 'West', 1)]
2025-04-01 20:29:08,257 - isGoalState - INFO - I: q1a_problem,(1, 23),
2025-04-01 20:29:08,257 - isGoalState - INFO - O: False
2025-04-01 20:29:08,257 - getSuccessors - INFO - I: q1a_problem,(1, 23),
2025-04-01 20:29:08,257 - getSuccessors - INFO - O: [((1, 24), 'North', 1)]
2025-04-01 20:29:08,257 - isGoalState - INFO - I: q1a_problem,(3, 20),
2025-04-01 20:29:08,257 - isGoalState - INFO - O: False
2025-04-01 20:29:08,257 - getSuccessors - INFO - I: q1a_problem,(3, 20),
2025-04-01 20:29:08,257 - getSuccessors - INFO - O: [((3, 21), 'North', 1), ((3, 19), 'South', 1)]
2025-04-01 20:29:08,257 - isGoalState - INFO - I: q1a_problem,(2, 21),
2025-04-01 20:29:08,257 - isGoalState - INFO - O: False
2025-04-01 20:29:08,257 - getSuccessors - INFO - I: q1a_problem,(2, 21),
2025-04-01 20:29:08,258 - getSuccessors - INFO - O: [((3, 21), 'East', 1), ((1, 21), 'West', 1)]
2025-04-01 20:29:08,258 - isGoalState - INFO - I: q1a_problem,(3, 19),
2025-04-01 20:29:08,258 - isGoalState - INFO - O: False
2025-04-01 20:29:08,258 - getSuccessors - INFO - I: q1a_problem,(3, 19),
2025-04-01 20:29:08,258 - getSuccessors - INFO - O: [((3, 20), 'North', 1), ((3, 18), 'South', 1)]
2025-04-01 20:29:08,258 - isGoalState - INFO - I: q1a_problem,(1, 21),
2025-04-01 20:29:08,258 - isGoalState - INFO - O: False
2025-04-01 20:29:08,258 - getSuccessors - INFO - I: q1a_problem,(1, 21),
2025-04-01 20:29:08,258 - getSuccessors - INFO - O: [((1, 20), 'South', 1), ((2, 21), 'East', 1)]
2025-04-01 20:29:08,258 - isGoalState - INFO - I: q1a_problem,(3, 18),
2025-04-01 20:29:08,258 - isGoalState - INFO - O: False
2025-04-01 20:29:08,258 - getSuccessors - INFO - I: q1a_problem,(3, 18),
2025-04-01 20:29:08,258 - getSuccessors - INFO - O: [((3, 19), 'North', 1), ((3, 17), 'South', 1)]
2025-04-01 20:29:08,258 - isGoalState - INFO - I: q1a_problem,(1, 20),
2025-04-01 20:29:08,258 - isGoalState - INFO - O: False
2025-04-01 20:29:08,258 - getSuccessors - INFO - I: q1a_problem,(1, 20),
2025-04-01 20:29:08,258 - getSuccessors - INFO - O: [((1, 21), 'North', 1), ((1, 19), 'South', 1)]
2025-04-01 20:29:08,258 - isGoalState - INFO - I: q1a_problem,(3, 17),
2025-04-01 20:29:08,258 - isGoalState - INFO - O: False
2025-04-01 20:29:08,258 - getSuccessors - INFO - I: q1a_problem,(3, 17),
2025-04-01 20:29:08,258 - getSuccessors - INFO - O: [((3, 18), 'North', 1), ((4, 17), 'East', 1), ((2, 17), 'West', 1)]
2025-04-01 20:29:08,258 - isGoalState - INFO - I: q1a_problem,(1, 19),
2025-04-01 20:29:08,258 - isGoalState - INFO - O: False
2025-04-01 20:29:08,258 - getSuccessors - INFO - I: q1a_problem,(1, 19),
2025-04-01 20:29:08,258 - getSuccessors - INFO - O: [((1, 20), 'North', 1), ((1, 18), 'South', 1)]
2025-04-01 20:29:08,258 - isGoalState - INFO - I: q1a_problem,(2, 17),
2025-04-01 20:29:08,258 - isGoalState - INFO - O: False
2025-04-01 20:29:08,258 - getSuccessors - INFO - I: q1a_problem,(2, 17),
2025-04-01 20:29:08,258 - getSuccessors - INFO - O: [((3, 17), 'East', 1), ((1, 17), 'West', 1)]
2025-04-01 20:29:08,258 - isGoalState - INFO - I: q1a_problem,(1, 18),
2025-04-01 20:29:08,258 - isGoalState - INFO - O: False
2025-04-01 20:29:08,258 - getSuccessors - INFO - I: q1a_problem,(1, 18),
2025-04-01 20:29:08,258 - getSuccessors - INFO - O: [((1, 19), 'North', 1), ((1, 17), 'South', 1)]
2025-04-01 20:29:08,258 - isGoalState - INFO - I: q1a_problem,(1, 17),
2025-04-01 20:29:08,258 - isGoalState - INFO - O: False
2025-04-01 20:29:08,258 - getSuccessors - INFO - I: q1a_problem,(1, 17),
2025-04-01 20:29:08,258 - getSuccessors - INFO - O: [((1, 18), 'North', 1), ((1, 16), 'South', 1), ((2, 17), 'East', 1)]
2025-04-01 20:29:08,258 - isGoalState - INFO - I: q1a_problem,(1, 16),
2025-04-01 20:29:08,258 - isGoalState - INFO - O: False
2025-04-01 20:29:08,258 - getSuccessors - INFO - I: q1a_problem,(1, 16),
2025-04-01 20:29:08,258 - getSuccessors - INFO - O: [((1, 17), 'North', 1), ((1, 15), 'South', 1)]
2025-04-01 20:29:08,258 - isGoalState - INFO - I: q1a_problem,(1, 15),
2025-04-01 20:29:08,258 - isGoalState - INFO - O: False
2025-04-01 20:29:08,258 - getSuccessors - INFO - I: q1a_problem,(1, 15),
2025-04-01 20:29:08,258 - getSuccessors - INFO - O: [((1, 16), 'North', 1), ((1, 14), 'South', 1), ((2, 15), 'East', 1)]
2025-04-01 20:29:08,258 - isGoalState - INFO - I: q1a_problem,(1, 14),
2025-04-01 20:29:08,258 - isGoalState - INFO - O: False
2025-04-01 20:29:08,258 - getSuccessors - INFO - I: q1a_problem,(1, 14),
2025-04-01 20:29:08,258 - getSuccessors - INFO - O: [((1, 15), 'North', 1), ((1, 13), 'South', 1)]
2025-04-01 20:29:08,258 - isGoalState - INFO - I: q1a_problem,(1, 13),
2025-04-01 20:29:08,258 - isGoalState - INFO - O: False
2025-04-01 20:29:08,258 - getSuccessors - INFO - I: q1a_problem,(1, 13),
2025-04-01 20:29:08,258 - getSuccessors - INFO - O: [((1, 14), 'North', 1), ((1, 12), 'South', 1)]
2025-04-01 20:29:08,258 - isGoalState - INFO - I: q1a_problem,(1, 12),
2025-04-01 20:29:08,258 - isGoalState - INFO - O: False
2025-04-01 20:29:08,258 - getSuccessors - INFO - I: q1a_problem,(1, 12),
2025-04-01 20:29:08,258 - getSuccessors - INFO - O: [((1, 13), 'North', 1), ((1, 11), 'South', 1)]
2025-04-01 20:29:08,258 - isGoalState - INFO - I: q1a_problem,(1, 11),
2025-04-01 20:29:08,258 - isGoalState - INFO - O: False
2025-04-01 20:29:08,258 - getSuccessors - INFO - I: q1a_problem,(1, 11),
2025-04-01 20:29:08,258 - getSuccessors - INFO - O: [((1, 12), 'North', 1), ((1, 10), 'South', 1)]
2025-04-01 20:29:08,258 - isGoalState - INFO - I: q1a_problem,(1, 10),
2025-04-01 20:29:08,258 - isGoalState - INFO - O: False
2025-04-01 20:29:08,258 - getSuccessors - INFO - I: q1a_problem,(1, 10),
2025-04-01 20:29:08,258 - getSuccessors - INFO - O: [((1, 11), 'North', 1), ((1, 9), 'South', 1)]
2025-04-01 20:29:08,258 - isGoalState - INFO - I: q1a_problem,(1, 9),
2025-04-01 20:29:08,258 - isGoalState - INFO - O: False
2025-04-01 20:29:08,259 - getSuccessors - INFO - I: q1a_problem,(1, 9),
2025-04-01 20:29:08,259 - getSuccessors - INFO - O: [((1, 10), 'North', 1), ((1, 8), 'South', 1)]
2025-04-01 20:29:08,259 - isGoalState - INFO - I: q1a_problem,(1, 8),
2025-04-01 20:29:08,259 - isGoalState - INFO - O: False
2025-04-01 20:29:08,259 - getSuccessors - INFO - I: q1a_problem,(1, 8),
2025-04-01 20:29:08,259 - getSuccessors - INFO - O: [((1, 9), 'North', 1), ((1, 7), 'South', 1)]
2025-04-01 20:29:08,259 - isGoalState - INFO - I: q1a_problem,(1, 7),
2025-04-01 20:29:08,259 - isGoalState - INFO - O: False
2025-04-01 20:29:08,259 - getSuccessors - INFO - I: q1a_problem,(1, 7),
2025-04-01 20:29:08,259 - getSuccessors - INFO - O: [((1, 8), 'North', 1), ((2, 7), 'East', 1)]
2025-04-01 20:29:08,259 - isGoalState - INFO - I: q1a_problem,(15, 35),
2025-04-01 20:29:08,259 - isGoalState - INFO - O: False
2025-04-01 20:29:08,259 - getSuccessors - INFO - I: q1a_problem,(15, 35),
2025-04-01 20:29:08,259 - getSuccessors - INFO - O: [((15, 34), 'South', 1), ((16, 35), 'East', 1), ((14, 35), 'West', 1)]
2025-04-01 20:29:08,259 - isGoalState - INFO - I: q1a_problem,(13, 31),
2025-04-01 20:29:08,259 - isGoalState - INFO - O: False
2025-04-01 20:29:08,259 - getSuccessors - INFO - I: q1a_problem,(13, 31),
2025-04-01 20:29:08,259 - getSuccessors - INFO - O: [((12, 31), 'West', 1)]
2025-04-01 20:29:08,259 - isGoalState - INFO - I: q1a_problem,(9, 35),
2025-04-01 20:29:08,259 - isGoalState - INFO - O: False
2025-04-01 20:29:08,259 - getSuccessors - INFO - I: q1a_problem,(9, 35),
2025-04-01 20:29:08,259 - getSuccessors - INFO - O: [((9, 34), 'South', 1), ((10, 35), 'East', 1)]
2025-04-01 20:29:08,259 - isGoalState - INFO - I: q1a_problem,(13, 29),
2025-04-01 20:29:08,259 - isGoalState - INFO - O: False
2025-04-01 20:29:08,259 - getSuccessors - INFO - I: q1a_problem,(13, 29),
2025-04-01 20:29:08,259 - getSuccessors - INFO - O: [((13, 28), 'South', 1), ((12, 29), 'West', 1)]
2025-04-01 20:29:08,259 - isGoalState - INFO - I: q1a_problem,(9, 31),
2025-04-01 20:29:08,259 - isGoalState - INFO - O: False
2025-04-01 20:29:08,259 - getSuccessors - INFO - I: q1a_problem,(9, 31),
2025-04-01 20:29:08,259 - getSuccessors - INFO - O: [((9, 30), 'South', 1)]
2025-04-01 20:29:08,259 - isGoalState - INFO - I: q1a_problem,(7, 35),
2025-04-01 20:29:08,259 - isGoalState - INFO - O: False
2025-04-01 20:29:08,259 - getSuccessors - INFO - I: q1a_problem,(7, 35),
2025-04-01 20:29:08,259 - getSuccessors - INFO - O: [((7, 34), 'South', 1), ((6, 35), 'West', 1)]
2025-04-01 20:29:08,259 - isGoalState - INFO - I: q1a_problem,(6, 35),
2025-04-01 20:29:08,259 - isGoalState - INFO - O: False
2025-04-01 20:29:08,259 - getSuccessors - INFO - I: q1a_problem,(6, 35),
2025-04-01 20:29:08,259 - getSuccessors - INFO - O: [((6, 34), 'South', 1), ((7, 35), 'East', 1), ((5, 35), 'West', 1)]
2025-04-01 20:29:08,259 - isGoalState - INFO - I: q1a_problem,(5, 35),
2025-04-01 20:29:08,259 - isGoalState - INFO - O: False
2025-04-01 20:29:08,259 - getSuccessors - INFO - I: q1a_problem,(5, 35),
2025-04-01 20:29:08,259 - getSuccessors - INFO - O: [((5, 34), 'South', 1), ((6, 35), 'East', 1), ((4, 35), 'West', 1)]
2025-04-01 20:29:08,259 - isGoalState - INFO - I: q1a_problem,(4, 35),
2025-04-01 20:29:08,259 - isGoalState - INFO - O: False
2025-04-01 20:29:08,259 - getSuccessors - INFO - I: q1a_problem,(4, 35),
2025-04-01 20:29:08,259 - getSuccessors - INFO - O: [((4, 34), 'South', 1), ((5, 35), 'East', 1), ((3, 35), 'West', 1)]
2025-04-01 20:29:08,259 - isGoalState - INFO - I: q1a_problem,(3, 35),
2025-04-01 20:29:08,259 - isGoalState - INFO - O: False
2025-04-01 20:29:08,259 - getSuccessors - INFO - I: q1a_problem,(3, 35),
2025-04-01 20:29:08,259 - getSuccessors - INFO - O: [((3, 34), 'South', 1), ((4, 35), 'East', 1), ((2, 35), 'West', 1)]
2025-04-01 20:29:08,259 - isGoalState - INFO - I: q1a_problem,(2, 35),
2025-04-01 20:29:08,259 - isGoalState - INFO - O: False
2025-04-01 20:29:08,259 - getSuccessors - INFO - I: q1a_problem,(2, 35),
2025-04-01 20:29:08,259 - getSuccessors - INFO - O: [((2, 34), 'South', 1), ((3, 35), 'East', 1), ((1, 35), 'West', 1)]
2025-04-01 20:29:08,259 - isGoalState - INFO - I: q1a_problem,(1, 35),
2025-04-01 20:29:08,259 - isGoalState - INFO - O: False
2025-04-01 20:29:08,259 - getSuccessors - INFO - I: q1a_problem,(1, 35),
2025-04-01 20:29:08,259 - getSuccessors - INFO - O: [((1, 34), 'South', 1), ((2, 35), 'East', 1)]
2025-04-01 20:29:08,259 - isGoalState - INFO - I: q1a_problem,(6, 29),
2025-04-01 20:29:08,259 - isGoalState - INFO - O: False
2025-04-01 20:29:08,259 - getSuccessors - INFO - I: q1a_problem,(6, 29),
2025-04-01 20:29:08,259 - getSuccessors - INFO - O: [((7, 29), 'East', 1), ((5, 29), 'West', 1)]
2025-04-01 20:29:08,259 - isGoalState - INFO - I: q1a_problem,(4, 27),
2025-04-01 20:29:08,259 - isGoalState - INFO - O: False
2025-04-01 20:29:08,259 - getSuccessors - INFO - I: q1a_problem,(4, 27),
2025-04-01 20:29:08,259 - getSuccessors - INFO - O: [((5, 27), 'East', 1), ((3, 27), 'West', 1)]
2025-04-01 20:29:08,259 - isGoalState - INFO - I: q1a_problem,(1, 30),
2025-04-01 20:29:08,260 - isGoalState - INFO - O: False
2025-04-01 20:29:08,260 - getSuccessors - INFO - I: q1a_problem,(1, 30),
2025-04-01 20:29:08,260 - getSuccessors - INFO - O: [((1, 31), 'North', 1), ((1, 29), 'South', 1)]
2025-04-01 20:29:08,260 - isGoalState - INFO - I: q1a_problem,(4, 21),
2025-04-01 20:29:08,260 - isGoalState - INFO - O: False
2025-04-01 20:29:08,260 - getSuccessors - INFO - I: q1a_problem,(4, 21),
2025-04-01 20:29:08,260 - getSuccessors - INFO - O: [((5, 21), 'East', 1), ((3, 21), 'West', 1)]
2025-04-01 20:29:08,260 - isGoalState - INFO - I: q1a_problem,(4, 17),
2025-04-01 20:29:08,260 - isGoalState - INFO - O: False
2025-04-01 20:29:08,260 - getSuccessors - INFO - I: q1a_problem,(4, 17),
2025-04-01 20:29:08,260 - getSuccessors - INFO - O: [((5, 17), 'East', 1), ((3, 17), 'West', 1)]
2025-04-01 20:29:08,260 - isGoalState - INFO - I: q1a_problem,(2, 15),
2025-04-01 20:29:08,260 - isGoalState - INFO - O: False
2025-04-01 20:29:08,260 - getSuccessors - INFO - I: q1a_problem,(2, 15),
2025-04-01 20:29:08,260 - getSuccessors - INFO - O: [((3, 15), 'East', 1), ((1, 15), 'West', 1)]
2025-04-01 20:29:08,260 - isGoalState - INFO - I: q1a_problem,(2, 7),
2025-04-01 20:29:08,260 - isGoalState - INFO - O: False
2025-04-01 20:29:08,260 - getSuccessors - INFO - I: q1a_problem,(2, 7),
2025-04-01 20:29:08,260 - getSuccessors - INFO - O: [((3, 7), 'East', 1), ((1, 7), 'West', 1)]
2025-04-01 20:29:08,260 - isGoalState - INFO - I: q1a_problem,(14, 35),
2025-04-01 20:29:08,260 - isGoalState - INFO - O: False
2025-04-01 20:29:08,260 - getSuccessors - INFO - I: q1a_problem,(14, 35),
2025-04-01 20:29:08,260 - getSuccessors - INFO - O: [((15, 35), 'East', 1), ((13, 35), 'West', 1)]
2025-04-01 20:29:08,260 - isGoalState - INFO - I: q1a_problem,(13, 28),
2025-04-01 20:29:08,260 - isGoalState - INFO - O: False
2025-04-01 20:29:08,260 - getSuccessors - INFO - I: q1a_problem,(13, 28),
2025-04-01 20:29:08,260 - getSuccessors - INFO - O: [((13, 29), 'North', 1), ((13, 27), 'South', 1)]
2025-04-01 20:29:08,260 - isGoalState - INFO - I: q1a_problem,(13, 35),
2025-04-01 20:29:08,260 - isGoalState - INFO - O: False
2025-04-01 20:29:08,260 - getSuccessors - INFO - I: q1a_problem,(13, 35),
2025-04-01 20:29:08,260 - getSuccessors - INFO - O: [((14, 35), 'East', 1), ((12, 35), 'West', 1)]
2025-04-01 20:29:08,260 - isGoalState - INFO - I: q1a_problem,(13, 27),
2025-04-01 20:29:08,260 - isGoalState - INFO - O: False
2025-04-01 20:29:08,260 - getSuccessors - INFO - I: q1a_problem,(13, 27),
2025-04-01 20:29:08,260 - getSuccessors - INFO - O: [((13, 28), 'North', 1), ((12, 27), 'West', 1)]
2025-04-01 20:29:08,260 - isGoalState - INFO - I: q1a_problem,(12, 35),
2025-04-01 20:29:08,260 - isGoalState - INFO - O: False
2025-04-01 20:29:08,260 - getSuccessors - INFO - I: q1a_problem,(12, 35),
2025-04-01 20:29:08,260 - getSuccessors - INFO - O: [((13, 35), 'East', 1), ((11, 35), 'West', 1)]
2025-04-01 20:29:08,260 - isGoalState - INFO - I: q1a_problem,(12, 27),
2025-04-01 20:29:08,260 - isGoalState - INFO - O: False
2025-04-01 20:29:08,260 - getSuccessors - INFO - I: q1a_problem,(12, 27),
2025-04-01 20:29:08,260 - getSuccessors - INFO - O: [((13, 27), 'East', 1), ((11, 27), 'West', 1)]
2025-04-01 20:29:08,260 - isGoalState - INFO - I: q1a_problem,(11, 35),
2025-04-01 20:29:08,260 - isGoalState - INFO - O: False
2025-04-01 20:29:08,260 - getSuccessors - INFO - I: q1a_problem,(11, 35),
2025-04-01 20:29:08,260 - getSuccessors - INFO - O: [((12, 35), 'East', 1), ((10, 35), 'West', 1)]
2025-04-01 20:29:08,260 - isGoalState - INFO - I: q1a_problem,(11, 27),
2025-04-01 20:29:08,260 - isGoalState - INFO - O: False
2025-04-01 20:29:08,260 - getSuccessors - INFO - I: q1a_problem,(11, 27),
2025-04-01 20:29:08,260 - getSuccessors - INFO - O: [((11, 26), 'South', 1), ((12, 27), 'East', 1), ((10, 27), 'West', 1)]
2025-04-01 20:29:08,260 - isGoalState - INFO - I: q1a_problem,(10, 35),
2025-04-01 20:29:08,260 - isGoalState - INFO - O: False
2025-04-01 20:29:08,260 - getSuccessors - INFO - I: q1a_problem,(10, 35),
2025-04-01 20:29:08,260 - getSuccessors - INFO - O: [((11, 35), 'East', 1), ((9, 35), 'West', 1)]
2025-04-01 20:29:08,260 - isGoalState - INFO - I: q1a_problem,(11, 26),
2025-04-01 20:29:08,260 - isGoalState - INFO - O: False
2025-04-01 20:29:08,260 - getSuccessors - INFO - I: q1a_problem,(11, 26),
2025-04-01 20:29:08,260 - getSuccessors - INFO - O: [((11, 27), 'North', 1), ((11, 25), 'South', 1)]
2025-04-01 20:29:08,260 - isGoalState - INFO - I: q1a_problem,(10, 27),
2025-04-01 20:29:08,260 - isGoalState - INFO - O: False
2025-04-01 20:29:08,260 - getSuccessors - INFO - I: q1a_problem,(10, 27),
2025-04-01 20:29:08,260 - getSuccessors - INFO - O: [((11, 27), 'East', 1), ((9, 27), 'West', 1)]
2025-04-01 20:29:08,260 - isGoalState - INFO - I: q1a_problem,(11, 25),
2025-04-01 20:29:08,261 - isGoalState - INFO - O: False
2025-04-01 20:29:08,261 - getSuccessors - INFO - I: q1a_problem,(11, 25),
2025-04-01 20:29:08,261 - getSuccessors - INFO - O: [((11, 26), 'North', 1)]
2025-04-01 20:29:08,261 - isGoalState - INFO - I: q1a_problem,(9, 27),
2025-04-01 20:29:08,261 - isGoalState - INFO - O: False
2025-04-01 20:29:08,261 - getSuccessors - INFO - I: q1a_problem,(9, 27),
2025-04-01 20:29:08,261 - getSuccessors - INFO - O: [((9, 26), 'South', 1), ((10, 27), 'East', 1), ((8, 27), 'West', 1)]
2025-04-01 20:29:08,261 - isGoalState - INFO - I: q1a_problem,(9, 26),
2025-04-01 20:29:08,261 - isGoalState - INFO - O: False
2025-04-01 20:29:08,261 - getSuccessors - INFO - I: q1a_problem,(9, 26),
2025-04-01 20:29:08,261 - getSuccessors - INFO - O: [((9, 27), 'North', 1), ((9, 25), 'South', 1)]
2025-04-01 20:29:08,261 - isGoalState - INFO - I: q1a_problem,(8, 27),
2025-04-01 20:29:08,261 - isGoalState - INFO - O: False
2025-04-01 20:29:08,261 - getSuccessors - INFO - I: q1a_problem,(8, 27),
2025-04-01 20:29:08,261 - getSuccessors - INFO - O: [((9, 27), 'East', 1), ((7, 27), 'West', 1)]
2025-04-01 20:29:08,261 - isGoalState - INFO - I: q1a_problem,(9, 25),
2025-04-01 20:29:08,261 - isGoalState - INFO - O: False
2025-04-01 20:29:08,261 - getSuccessors - INFO - I: q1a_problem,(9, 25),
2025-04-01 20:29:08,261 - getSuccessors - INFO - O: [((9, 26), 'North', 1), ((8, 25), 'West', 1)]
2025-04-01 20:29:08,261 - isGoalState - INFO - I: q1a_problem,(7, 27),
2025-04-01 20:29:08,261 - isGoalState - INFO - O: False
2025-04-01 20:29:08,261 - getSuccessors - INFO - I: q1a_problem,(7, 27),
2025-04-01 20:29:08,261 - getSuccessors - INFO - O: [((8, 27), 'East', 1), ((6, 27), 'West', 1)]
2025-04-01 20:29:08,261 - isGoalState - INFO - I: q1a_problem,(8, 25),
2025-04-01 20:29:08,261 - isGoalState - INFO - O: False
2025-04-01 20:29:08,261 - getSuccessors - INFO - I: q1a_problem,(8, 25),
2025-04-01 20:29:08,261 - getSuccessors - INFO - O: [((9, 25), 'East', 1), ((7, 25), 'West', 1)]
2025-04-01 20:29:08,261 - isGoalState - INFO - I: q1a_problem,(6, 27),
2025-04-01 20:29:08,261 - isGoalState - INFO - O: False
2025-04-01 20:29:08,261 - getSuccessors - INFO - I: q1a_problem,(6, 27),
2025-04-01 20:29:08,261 - getSuccessors - INFO - O: [((7, 27), 'East', 1), ((5, 27), 'West', 1)]
2025-04-01 20:29:08,261 - isGoalState - INFO - I: q1a_problem,(7, 25),
2025-04-01 20:29:08,261 - isGoalState - INFO - O: False
2025-04-01 20:29:08,261 - getSuccessors - INFO - I: q1a_problem,(7, 25),
2025-04-01 20:29:08,261 - getSuccessors - INFO - O: [((8, 25), 'East', 1), ((6, 25), 'West', 1)]
2025-04-01 20:29:08,261 - isGoalState - INFO - I: q1a_problem,(5, 27),
2025-04-01 20:29:08,261 - isGoalState - INFO - O: False
2025-04-01 20:29:08,261 - getSuccessors - INFO - I: q1a_problem,(5, 27),
2025-04-01 20:29:08,261 - getSuccessors - INFO - O: [((6, 27), 'East', 1), ((4, 27), 'West', 1)]
2025-04-01 20:29:08,261 - isGoalState - INFO - I: q1a_problem,(6, 25),
2025-04-01 20:29:08,261 - isGoalState - INFO - O: False
2025-04-01 20:29:08,261 - getSuccessors - INFO - I: q1a_problem,(6, 25),
2025-04-01 20:29:08,261 - getSuccessors - INFO - O: [((7, 25), 'East', 1), ((5, 25), 'West', 1)]
2025-04-01 20:29:08,261 - isGoalState - INFO - I: q1a_problem,(5, 25),
2025-04-01 20:29:08,261 - isGoalState - INFO - O: False
2025-04-01 20:29:08,261 - getSuccessors - INFO - I: q1a_problem,(5, 25),
2025-04-01 20:29:08,261 - getSuccessors - INFO - O: [((5, 24), 'South', 1), ((6, 25), 'East', 1)]
2025-04-01 20:29:08,261 - isGoalState - INFO - I: q1a_problem,(5, 24),
2025-04-01 20:29:08,261 - isGoalState - INFO - O: False
2025-04-01 20:29:08,261 - getSuccessors - INFO - I: q1a_problem,(5, 24),
2025-04-01 20:29:08,261 - getSuccessors - INFO - O: [((5, 25), 'North', 1), ((5, 23), 'South', 1)]
2025-04-01 20:29:08,261 - isGoalState - INFO - I: q1a_problem,(5, 23),
2025-04-01 20:29:08,261 - isGoalState - INFO - O: False
2025-04-01 20:29:08,261 - getSuccessors - INFO - I: q1a_problem,(5, 23),
2025-04-01 20:29:08,261 - getSuccessors - INFO - O: [((5, 24), 'North', 1)]
2025-04-01 20:29:08,261 - isGoalState - INFO - I: q1a_problem,(16, 35),
2025-04-01 20:29:08,261 - isGoalState - INFO - O: False
2025-04-01 20:29:08,261 - getSuccessors - INFO - I: q1a_problem,(16, 35),
2025-04-01 20:29:08,261 - getSuccessors - INFO - O: [((17, 35), 'East', 1), ((15, 35), 'West', 1)]
2025-04-01 20:29:08,261 - isGoalState - INFO - I: q1a_problem,(7, 29),
2025-04-01 20:29:08,261 - isGoalState - INFO - O: False
2025-04-01 20:29:08,261 - getSuccessors - INFO - I: q1a_problem,(7, 29),
2025-04-01 20:29:08,261 - getSuccessors - INFO - O: [((7, 30), 'North', 1), ((6, 29), 'West', 1)]
2025-04-01 20:29:08,261 - isGoalState - INFO - I: q1a_problem,(1, 31),
2025-04-01 20:29:08,261 - isGoalState - INFO - O: False
2025-04-01 20:29:08,262 - getSuccessors - INFO - I: q1a_problem,(1, 31),
2025-04-01 20:29:08,262 - getSuccessors - INFO - O: [((1, 30), 'South', 1), ((2, 31), 'East', 1)]
2025-04-01 20:29:08,262 - isGoalState - INFO - I: q1a_problem,(5, 21),
2025-04-01 20:29:08,262 - isGoalState - INFO - O: False
2025-04-01 20:29:08,262 - getSuccessors - INFO - I: q1a_problem,(5, 21),
2025-04-01 20:29:08,262 - getSuccessors - INFO - O: [((5, 20), 'South', 1), ((4, 21), 'West', 1)]
2025-04-01 20:29:08,262 - isGoalState - INFO - I: q1a_problem,(5, 17),
2025-04-01 20:29:08,262 - isGoalState - INFO - O: False
2025-04-01 20:29:08,262 - getSuccessors - INFO - I: q1a_problem,(5, 17),
2025-04-01 20:29:08,262 - getSuccessors - INFO - O: [((5, 16), 'South', 1), ((6, 17), 'East', 1), ((4, 17), 'West', 1)]
2025-04-01 20:29:08,262 - isGoalState - INFO - I: q1a_problem,(3, 15),
2025-04-01 20:29:08,262 - isGoalState - INFO - O: False
2025-04-01 20:29:08,262 - getSuccessors - INFO - I: q1a_problem,(3, 15),
2025-04-01 20:29:08,262 - getSuccessors - INFO - O: [((2, 15), 'West', 1)]
2025-04-01 20:29:08,262 - isGoalState - INFO - I: q1a_problem,(3, 7),
2025-04-01 20:29:08,262 - isGoalState - INFO - O: False
2025-04-01 20:29:08,262 - getSuccessors - INFO - I: q1a_problem,(3, 7),
2025-04-01 20:29:08,262 - getSuccessors - INFO - O: [((3, 6), 'South', 1), ((4, 7), 'East', 1), ((2, 7), 'West', 1)]
2025-04-01 20:29:08,262 - isGoalState - INFO - I: q1a_problem,(5, 20),
2025-04-01 20:29:08,262 - isGoalState - INFO - O: False
2025-04-01 20:29:08,262 - getSuccessors - INFO - I: q1a_problem,(5, 20),
2025-04-01 20:29:08,262 - getSuccessors - INFO - O: [((5, 21), 'North', 1), ((5, 19), 'South', 1)]
2025-04-01 20:29:08,262 - isGoalState - INFO - I: q1a_problem,(5, 16),
2025-04-01 20:29:08,262 - isGoalState - INFO - O: False
2025-04-01 20:29:08,262 - getSuccessors - INFO - I: q1a_problem,(5, 16),
2025-04-01 20:29:08,262 - getSuccessors - INFO - O: [((5, 17), 'North', 1), ((5, 15), 'South', 1)]
2025-04-01 20:29:08,262 - isGoalState - INFO - I: q1a_problem,(3, 6),
2025-04-01 20:29:08,262 - isGoalState - INFO - O: False
2025-04-01 20:29:08,262 - getSuccessors - INFO - I: q1a_problem,(3, 6),
2025-04-01 20:29:08,262 - getSuccessors - INFO - O: [((3, 7), 'North', 1), ((3, 5), 'South', 1)]
2025-04-01 20:29:08,262 - isGoalState - INFO - I: q1a_problem,(5, 19),
2025-04-01 20:29:08,262 - isGoalState - INFO - O: False
2025-04-01 20:29:08,262 - getSuccessors - INFO - I: q1a_problem,(5, 19),
2025-04-01 20:29:08,262 - getSuccessors - INFO - O: [((5, 20), 'North', 1)]
2025-04-01 20:29:08,263 - isGoalState - INFO - I: q1a_problem,(5, 15),
2025-04-01 20:29:08,263 - isGoalState - INFO - O: False
2025-04-01 20:29:08,263 - getSuccessors - INFO - I: q1a_problem,(5, 15),
2025-04-01 20:29:08,263 - getSuccessors - INFO - O: [((5, 16), 'North', 1), ((5, 14), 'South', 1)]
2025-04-01 20:29:08,263 - isGoalState - INFO - I: q1a_problem,(3, 5),
2025-04-01 20:29:08,263 - isGoalState - INFO - O: False
2025-04-01 20:29:08,263 - getSuccessors - INFO - I: q1a_problem,(3, 5),
2025-04-01 20:29:08,263 - getSuccessors - INFO - O: [((3, 6), 'North', 1), ((3, 4), 'South', 1)]
2025-04-01 20:29:08,263 - isGoalState - INFO - I: q1a_problem,(5, 14),
2025-04-01 20:29:08,263 - isGoalState - INFO - O: False
2025-04-01 20:29:08,263 - getSuccessors - INFO - I: q1a_problem,(5, 14),
2025-04-01 20:29:08,263 - getSuccessors - INFO - O: [((5, 15), 'North', 1), ((5, 13), 'South', 1)]
2025-04-01 20:29:08,263 - isGoalState - INFO - I: q1a_problem,(3, 4),
2025-04-01 20:29:08,263 - isGoalState - INFO - O: False
2025-04-01 20:29:08,263 - getSuccessors - INFO - I: q1a_problem,(3, 4),
2025-04-01 20:29:08,263 - getSuccessors - INFO - O: [((3, 5), 'North', 1), ((3, 3), 'South', 1)]
2025-04-01 20:29:08,263 - isGoalState - INFO - I: q1a_problem,(5, 13),
2025-04-01 20:29:08,263 - isGoalState - INFO - O: False
2025-04-01 20:29:08,263 - getSuccessors - INFO - I: q1a_problem,(5, 13),
2025-04-01 20:29:08,263 - getSuccessors - INFO - O: [((5, 14), 'North', 1), ((5, 12), 'South', 1), ((6, 13), 'East', 1), ((4, 13), 'West', 1)]
2025-04-01 20:29:08,263 - isGoalState - INFO - I: q1a_problem,(3, 3),
2025-04-01 20:29:08,263 - isGoalState - INFO - O: False
2025-04-01 20:29:08,263 - getSuccessors - INFO - I: q1a_problem,(3, 3),
2025-04-01 20:29:08,263 - getSuccessors - INFO - O: [((3, 4), 'North', 1), ((3, 2), 'South', 1), ((4, 3), 'East', 1), ((2, 3), 'West', 1)]
2025-04-01 20:29:08,263 - isGoalState - INFO - I: q1a_problem,(5, 12),
2025-04-01 20:29:08,263 - isGoalState - INFO - O: False
2025-04-01 20:29:08,263 - getSuccessors - INFO - I: q1a_problem,(5, 12),
2025-04-01 20:29:08,263 - getSuccessors - INFO - O: [((5, 13), 'North', 1), ((5, 11), 'South', 1)]
2025-04-01 20:29:08,263 - isGoalState - INFO - I: q1a_problem,(4, 13),
2025-04-01 20:29:08,263 - isGoalState - INFO - O: False
2025-04-01 20:29:08,263 - getSuccessors - INFO - I: q1a_problem,(4, 13),
2025-04-01 20:29:08,263 - getSuccessors - INFO - O: [((5, 13), 'East', 1), ((3, 13), 'West', 1)]
2025-04-01 20:29:08,263 - isGoalState - INFO - I: q1a_problem,(3, 2),
2025-04-01 20:29:08,263 - isGoalState - INFO - O: False
2025-04-01 20:29:08,263 - getSuccessors - INFO - I: q1a_problem,(3, 2),
2025-04-01 20:29:08,263 - getSuccessors - INFO - O: [((3, 3), 'North', 1), ((3, 1), 'South', 1), ((4, 2), 'East', 1)]
2025-04-01 20:29:08,263 - isGoalState - INFO - I: q1a_problem,(2, 3),
2025-04-01 20:29:08,263 - isGoalState - INFO - O: False
2025-04-01 20:29:08,263 - getSuccessors - INFO - I: q1a_problem,(2, 3),
2025-04-01 20:29:08,263 - getSuccessors - INFO - O: [((3, 3), 'East', 1), ((1, 3), 'West', 1)]
2025-04-01 20:29:08,263 - isGoalState - INFO - I: q1a_problem,(5, 11),
2025-04-01 20:29:08,263 - isGoalState - INFO - O: False
2025-04-01 20:29:08,263 - getSuccessors - INFO - I: q1a_problem,(5, 11),
2025-04-01 20:29:08,263 - getSuccessors - INFO - O: [((5, 12), 'North', 1), ((6, 11), 'East', 1)]
2025-04-01 20:29:08,263 - isGoalState - INFO - I: q1a_problem,(3, 13),
2025-04-01 20:29:08,263 - isGoalState - INFO - O: False
2025-04-01 20:29:08,263 - getSuccessors - INFO - I: q1a_problem,(3, 13),
2025-04-01 20:29:08,263 - getSuccessors - INFO - O: [((3, 12), 'South', 1), ((4, 13), 'East', 1)]
2025-04-01 20:29:08,263 - isGoalState - INFO - I: q1a_problem,(3, 1),
2025-04-01 20:29:08,263 - isGoalState - INFO - O: False
2025-04-01 20:29:08,263 - getSuccessors - INFO - I: q1a_problem,(3, 1),
2025-04-01 20:29:08,263 - getSuccessors - INFO - O: [((3, 2), 'North', 1), ((4, 1), 'East', 1)]
2025-04-01 20:29:08,263 - isGoalState - INFO - I: q1a_problem,(1, 3),
2025-04-01 20:29:08,263 - isGoalState - INFO - O: False
2025-04-01 20:29:08,263 - getSuccessors - INFO - I: q1a_problem,(1, 3),
2025-04-01 20:29:08,263 - getSuccessors - INFO - O: [((1, 4), 'North', 1), ((1, 2), 'South', 1), ((2, 3), 'East', 1)]
2025-04-01 20:29:08,263 - isGoalState - INFO - I: q1a_problem,(3, 12),
2025-04-01 20:29:08,263 - isGoalState - INFO - O: False
2025-04-01 20:29:08,263 - getSuccessors - INFO - I: q1a_problem,(3, 12),
2025-04-01 20:29:08,263 - getSuccessors - INFO - O: [((3, 13), 'North', 1), ((3, 11), 'South', 1)]
2025-04-01 20:29:08,263 - isGoalState - INFO - I: q1a_problem,(1, 2),
2025-04-01 20:29:08,264 - isGoalState - INFO - O: False
2025-04-01 20:29:08,264 - getSuccessors - INFO - I: q1a_problem,(1, 2),
2025-04-01 20:29:08,264 - getSuccessors - INFO - O: [((1, 3), 'North', 1), ((1, 1), 'South', 1)]
2025-04-01 20:29:08,264 - isGoalState - INFO - I: q1a_problem,(3, 11),
2025-04-01 20:29:08,264 - isGoalState - INFO - O: False
2025-04-01 20:29:08,264 - getSuccessors - INFO - I: q1a_problem,(3, 11),
2025-04-01 20:29:08,264 - getSuccessors - INFO - O: [((3, 12), 'North', 1), ((3, 10), 'South', 1)]
2025-04-01 20:29:08,264 - isGoalState - INFO - I: q1a_problem,(1, 1),
2025-04-01 20:29:08,264 - isGoalState - INFO - O: True
2025-04-01 20:29:08,295 - root - INFO - Remaining Food: 0
2025-04-01 20:29:08,295 - root - INFO - moveHistory: [[(0, 'West'), (0, 'West'), (0, 'North'), (0, 'North'), (0, 'North'), (0, 'North'), (0, 'West'), (0, 'West'), (0, 'West'), (0, 'West'), (0, 'West'), (0, 'West'), (0, 'North'), (0, 'West'), (0, 'West'), (0, 'South'), (0, 'West'), (0, 'West'), (0, 'South'), (0, 'South'), (0, 'South'), (0, 'South'), (0, 'West'), (0, 'West'), (0, 'South'), (0, 'South'), (0, 'South'), (0, 'South'), (0, 'South'), (0, 'South'), (0, 'South'), (0, 'South'), (0, 'South'), (0, 'South'), (0, 'South'), (0, 'South'), (0, 'West'), (0, 'West'), (0, 'South'), (0, 'South'), (0, 'South'), (0, 'South'), (0, 'South'), (0, 'South'), (0, 'South'), (0, 'South'), (0, 'South'), (0, 'South'), (0, 'East'), (0, 'East'), (0, 'South'), (0, 'South'), (0, 'South'), (0, 'South'), (0, 'West'), (0, 'West'), (0, 'South'), (0, 'South')]]
2025-04-01 20:29:08,295 - root - INFO - pathLength: [58]
2025-04-01 20:29:08,295 - root - INFO - Average Score: 452.00
2025-04-01 20:29:08,295 - root - INFO - Scores: 452.0
2025-04-01 20:29:08,295 - root - INFO - Win Rate:      1/1 (1.00)
2025-04-01 20:29:08,295 - root - INFO - Record:       Win
