2025-04-01 20:29:11,754 - root - INFO - Logger Version: 2.0.0
2025-04-01 20:29:11,755 - main - INFO - input_args: dict_items([('layout', './layouts\\q1a_trickyMaze.lay'), ('pacman', <SearchAgent.SearchAgent object at 0x0000019CD698C7A0>), ('ghosts', [<RandomGhost.RandomGhost object at 0x0000019CD6E8C890>, <RandomGhost.RandomGhost object at 0x0000019CD6EB1820>, <RandomGhost.RandomGhost object at 0x0000019CD6EB1730>, <RandomGhost.RandomGhost object at 0x0000019CD6EB1850>]), ('display', <textDisplay.NullGraphics object at 0x0000019CD6EB18E0>), ('numGames', 1), ('record', False), ('catchExceptions', True), ('timeout', 1), ('outfile', 'q1a_trickyMaze')])
2025-04-01 20:29:11,755 - root - INFO - runGames
2025-04-01 20:29:11,755 - root - INFO - 0/1
2025-04-01 20:29:11,756 - root - INFO - newGame
2025-04-01 20:29:11,756 - root - INFO - layout: %%%%%%%%%%%%%%%%%%%%
% P           %    %
% %% %% %% %% %% % %
%                % %
%%%%%%%%%%%%%%%%%% %
%.                 %
%%%%%%%%%%%%%%%%%%%%
2025-04-01 20:29:11,756 - root - INFO - runGame
2025-04-01 20:29:11,757 - root - INFO - #agents:1
2025-04-01 20:29:11,757 - root - INFO - #pacman:1
2025-04-01 20:29:11,757 - root - INFO - #ghosts:0
2025-04-01 20:29:11,757 - getStartState - INFO - I: q1a_problem,
2025-04-01 20:29:11,757 - getStartState - INFO - O: (2, 5)
2025-04-01 20:29:11,757 - isGoalState - INFO - I: q1a_problem,(2, 5),
2025-04-01 20:29:11,757 - isGoalState - INFO - O: False
2025-04-01 20:29:11,757 - getSuccessors - INFO - I: q1a_problem,(2, 5),
2025-04-01 20:29:11,757 - getSuccessors - INFO - O: [((3, 5), 'East', 1), ((1, 5), 'West', 1)]
2025-04-01 20:29:11,757 - isGoalState - INFO - I: q1a_problem,(1, 5),
2025-04-01 20:29:11,757 - isGoalState - INFO - O: False
2025-04-01 20:29:11,757 - getSuccessors - INFO - I: q1a_problem,(1, 5),
2025-04-01 20:29:11,757 - getSuccessors - INFO - O: [((1, 4), 'South', 1), ((2, 5), 'East', 1)]
2025-04-01 20:29:11,757 - isGoalState - INFO - I: q1a_problem,(1, 4),
2025-04-01 20:29:11,757 - isGoalState - INFO - O: False
2025-04-01 20:29:11,757 - getSuccessors - INFO - I: q1a_problem,(1, 4),
2025-04-01 20:29:11,757 - getSuccessors - INFO - O: [((1, 5), 'North', 1), ((1, 3), 'South', 1)]
2025-04-01 20:29:11,757 - isGoalState - INFO - I: q1a_problem,(1, 3),
2025-04-01 20:29:11,757 - isGoalState - INFO - O: False
2025-04-01 20:29:11,757 - getSuccessors - INFO - I: q1a_problem,(1, 3),
2025-04-01 20:29:11,757 - getSuccessors - INFO - O: [((1, 4), 'North', 1), ((2, 3), 'East', 1)]
2025-04-01 20:29:11,757 - isGoalState - INFO - I: q1a_problem,(3, 5),
2025-04-01 20:29:11,757 - isGoalState - INFO - O: False
2025-04-01 20:29:11,757 - getSuccessors - INFO - I: q1a_problem,(3, 5),
2025-04-01 20:29:11,757 - getSuccessors - INFO - O: [((4, 5), 'East', 1), ((2, 5), 'West', 1)]
2025-04-01 20:29:11,757 - isGoalState - INFO - I: q1a_problem,(2, 3),
2025-04-01 20:29:11,757 - isGoalState - INFO - O: False
2025-04-01 20:29:11,757 - getSuccessors - INFO - I: q1a_problem,(2, 3),
2025-04-01 20:29:11,757 - getSuccessors - INFO - O: [((3, 3), 'East', 1), ((1, 3), 'West', 1)]
2025-04-01 20:29:11,757 - isGoalState - INFO - I: q1a_problem,(4, 5),
2025-04-01 20:29:11,757 - isGoalState - INFO - O: False
2025-04-01 20:29:11,757 - getSuccessors - INFO - I: q1a_problem,(4, 5),
2025-04-01 20:29:11,757 - getSuccessors - INFO - O: [((4, 4), 'South', 1), ((5, 5), 'East', 1), ((3, 5), 'West', 1)]
2025-04-01 20:29:11,757 - isGoalState - INFO - I: q1a_problem,(3, 3),
2025-04-01 20:29:11,757 - isGoalState - INFO - O: False
2025-04-01 20:29:11,757 - getSuccessors - INFO - I: q1a_problem,(3, 3),
2025-04-01 20:29:11,757 - getSuccessors - INFO - O: [((4, 3), 'East', 1), ((2, 3), 'West', 1)]
2025-04-01 20:29:11,757 - isGoalState - INFO - I: q1a_problem,(4, 4),
2025-04-01 20:29:11,757 - isGoalState - INFO - O: False
2025-04-01 20:29:11,757 - getSuccessors - INFO - I: q1a_problem,(4, 4),
2025-04-01 20:29:11,757 - getSuccessors - INFO - O: [((4, 5), 'North', 1), ((4, 3), 'South', 1)]
2025-04-01 20:29:11,757 - isGoalState - INFO - I: q1a_problem,(4, 3),
2025-04-01 20:29:11,758 - isGoalState - INFO - O: False
2025-04-01 20:29:11,758 - getSuccessors - INFO - I: q1a_problem,(4, 3),
2025-04-01 20:29:11,758 - getSuccessors - INFO - O: [((4, 4), 'North', 1), ((5, 3), 'East', 1), ((3, 3), 'West', 1)]
2025-04-01 20:29:11,758 - isGoalState - INFO - I: q1a_problem,(5, 5),
2025-04-01 20:29:11,758 - isGoalState - INFO - O: False
2025-04-01 20:29:11,758 - getSuccessors - INFO - I: q1a_problem,(5, 5),
2025-04-01 20:29:11,758 - getSuccessors - INFO - O: [((6, 5), 'East', 1), ((4, 5), 'West', 1)]
2025-04-01 20:29:11,758 - isGoalState - INFO - I: q1a_problem,(5, 3),
2025-04-01 20:29:11,758 - isGoalState - INFO - O: False
2025-04-01 20:29:11,758 - getSuccessors - INFO - I: q1a_problem,(5, 3),
2025-04-01 20:29:11,758 - getSuccessors - INFO - O: [((6, 3), 'East', 1), ((4, 3), 'West', 1)]
2025-04-01 20:29:11,758 - isGoalState - INFO - I: q1a_problem,(6, 5),
2025-04-01 20:29:11,758 - isGoalState - INFO - O: False
2025-04-01 20:29:11,758 - getSuccessors - INFO - I: q1a_problem,(6, 5),
2025-04-01 20:29:11,758 - getSuccessors - INFO - O: [((7, 5), 'East', 1), ((5, 5), 'West', 1)]
2025-04-01 20:29:11,758 - isGoalState - INFO - I: q1a_problem,(6, 3),
2025-04-01 20:29:11,758 - isGoalState - INFO - O: False
2025-04-01 20:29:11,758 - getSuccessors - INFO - I: q1a_problem,(6, 3),
2025-04-01 20:29:11,758 - getSuccessors - INFO - O: [((7, 3), 'East', 1), ((5, 3), 'West', 1)]
2025-04-01 20:29:11,758 - isGoalState - INFO - I: q1a_problem,(7, 5),
2025-04-01 20:29:11,758 - isGoalState - INFO - O: False
2025-04-01 20:29:11,758 - getSuccessors - INFO - I: q1a_problem,(7, 5),
2025-04-01 20:29:11,758 - getSuccessors - INFO - O: [((7, 4), 'South', 1), ((8, 5), 'East', 1), ((6, 5), 'West', 1)]
2025-04-01 20:29:11,758 - isGoalState - INFO - I: q1a_problem,(7, 3),
2025-04-01 20:29:11,758 - isGoalState - INFO - O: False
2025-04-01 20:29:11,758 - getSuccessors - INFO - I: q1a_problem,(7, 3),
2025-04-01 20:29:11,758 - getSuccessors - INFO - O: [((7, 4), 'North', 1), ((8, 3), 'East', 1), ((6, 3), 'West', 1)]
2025-04-01 20:29:11,758 - isGoalState - INFO - I: q1a_problem,(7, 4),
2025-04-01 20:29:11,758 - isGoalState - INFO - O: False
2025-04-01 20:29:11,758 - getSuccessors - INFO - I: q1a_problem,(7, 4),
2025-04-01 20:29:11,758 - getSuccessors - INFO - O: [((7, 5), 'North', 1), ((7, 3), 'South', 1)]
2025-04-01 20:29:11,758 - isGoalState - INFO - I: q1a_problem,(8, 5),
2025-04-01 20:29:11,758 - isGoalState - INFO - O: False
2025-04-01 20:29:11,758 - getSuccessors - INFO - I: q1a_problem,(8, 5),
2025-04-01 20:29:11,758 - getSuccessors - INFO - O: [((9, 5), 'East', 1), ((7, 5), 'West', 1)]
2025-04-01 20:29:11,758 - isGoalState - INFO - I: q1a_problem,(8, 3),
2025-04-01 20:29:11,758 - isGoalState - INFO - O: False
2025-04-01 20:29:11,758 - getSuccessors - INFO - I: q1a_problem,(8, 3),
2025-04-01 20:29:11,758 - getSuccessors - INFO - O: [((9, 3), 'East', 1), ((7, 3), 'West', 1)]
2025-04-01 20:29:11,758 - isGoalState - INFO - I: q1a_problem,(9, 5),
2025-04-01 20:29:11,758 - isGoalState - INFO - O: False
2025-04-01 20:29:11,758 - getSuccessors - INFO - I: q1a_problem,(9, 5),
2025-04-01 20:29:11,758 - getSuccessors - INFO - O: [((10, 5), 'East', 1), ((8, 5), 'West', 1)]
2025-04-01 20:29:11,758 - isGoalState - INFO - I: q1a_problem,(9, 3),
2025-04-01 20:29:11,758 - isGoalState - INFO - O: False
2025-04-01 20:29:11,758 - getSuccessors - INFO - I: q1a_problem,(9, 3),
2025-04-01 20:29:11,758 - getSuccessors - INFO - O: [((10, 3), 'East', 1), ((8, 3), 'West', 1)]
2025-04-01 20:29:11,758 - isGoalState - INFO - I: q1a_problem,(10, 5),
2025-04-01 20:29:11,758 - isGoalState - INFO - O: False
2025-04-01 20:29:11,758 - getSuccessors - INFO - I: q1a_problem,(10, 5),
2025-04-01 20:29:11,758 - getSuccessors - INFO - O: [((10, 4), 'South', 1), ((11, 5), 'East', 1), ((9, 5), 'West', 1)]
2025-04-01 20:29:11,758 - isGoalState - INFO - I: q1a_problem,(10, 3),
2025-04-01 20:29:11,758 - isGoalState - INFO - O: False
2025-04-01 20:29:11,758 - getSuccessors - INFO - I: q1a_problem,(10, 3),
2025-04-01 20:29:11,758 - getSuccessors - INFO - O: [((10, 4), 'North', 1), ((11, 3), 'East', 1), ((9, 3), 'West', 1)]
2025-04-01 20:29:11,758 - isGoalState - INFO - I: q1a_problem,(10, 4),
2025-04-01 20:29:11,758 - isGoalState - INFO - O: False
2025-04-01 20:29:11,758 - getSuccessors - INFO - I: q1a_problem,(10, 4),
2025-04-01 20:29:11,758 - getSuccessors - INFO - O: [((10, 5), 'North', 1), ((10, 3), 'South', 1)]
2025-04-01 20:29:11,758 - isGoalState - INFO - I: q1a_problem,(11, 5),
2025-04-01 20:29:11,758 - isGoalState - INFO - O: False
2025-04-01 20:29:11,758 - getSuccessors - INFO - I: q1a_problem,(11, 5),
2025-04-01 20:29:11,758 - getSuccessors - INFO - O: [((12, 5), 'East', 1), ((10, 5), 'West', 1)]
2025-04-01 20:29:11,758 - isGoalState - INFO - I: q1a_problem,(11, 3),
2025-04-01 20:29:11,758 - isGoalState - INFO - O: False
2025-04-01 20:29:11,759 - getSuccessors - INFO - I: q1a_problem,(11, 3),
2025-04-01 20:29:11,759 - getSuccessors - INFO - O: [((12, 3), 'East', 1), ((10, 3), 'West', 1)]
2025-04-01 20:29:11,759 - isGoalState - INFO - I: q1a_problem,(12, 5),
2025-04-01 20:29:11,759 - isGoalState - INFO - O: False
2025-04-01 20:29:11,759 - getSuccessors - INFO - I: q1a_problem,(12, 5),
2025-04-01 20:29:11,759 - getSuccessors - INFO - O: [((13, 5), 'East', 1), ((11, 5), 'West', 1)]
2025-04-01 20:29:11,759 - isGoalState - INFO - I: q1a_problem,(12, 3),
2025-04-01 20:29:11,759 - isGoalState - INFO - O: False
2025-04-01 20:29:11,759 - getSuccessors - INFO - I: q1a_problem,(12, 3),
2025-04-01 20:29:11,759 - getSuccessors - INFO - O: [((13, 3), 'East', 1), ((11, 3), 'West', 1)]
2025-04-01 20:29:11,759 - isGoalState - INFO - I: q1a_problem,(13, 5),
2025-04-01 20:29:11,759 - isGoalState - INFO - O: False
2025-04-01 20:29:11,759 - getSuccessors - INFO - I: q1a_problem,(13, 5),
2025-04-01 20:29:11,759 - getSuccessors - INFO - O: [((13, 4), 'South', 1), ((12, 5), 'West', 1)]
2025-04-01 20:29:11,759 - isGoalState - INFO - I: q1a_problem,(13, 3),
2025-04-01 20:29:11,759 - isGoalState - INFO - O: False
2025-04-01 20:29:11,759 - getSuccessors - INFO - I: q1a_problem,(13, 3),
2025-04-01 20:29:11,759 - getSuccessors - INFO - O: [((13, 4), 'North', 1), ((14, 3), 'East', 1), ((12, 3), 'West', 1)]
2025-04-01 20:29:11,759 - isGoalState - INFO - I: q1a_problem,(13, 4),
2025-04-01 20:29:11,759 - isGoalState - INFO - O: False
2025-04-01 20:29:11,759 - getSuccessors - INFO - I: q1a_problem,(13, 4),
2025-04-01 20:29:11,759 - getSuccessors - INFO - O: [((13, 5), 'North', 1), ((13, 3), 'South', 1)]
2025-04-01 20:29:11,759 - isGoalState - INFO - I: q1a_problem,(14, 3),
2025-04-01 20:29:11,759 - isGoalState - INFO - O: False
2025-04-01 20:29:11,759 - getSuccessors - INFO - I: q1a_problem,(14, 3),
2025-04-01 20:29:11,759 - getSuccessors - INFO - O: [((15, 3), 'East', 1), ((13, 3), 'West', 1)]
2025-04-01 20:29:11,759 - isGoalState - INFO - I: q1a_problem,(15, 3),
2025-04-01 20:29:11,759 - isGoalState - INFO - O: False
2025-04-01 20:29:11,759 - getSuccessors - INFO - I: q1a_problem,(15, 3),
2025-04-01 20:29:11,759 - getSuccessors - INFO - O: [((16, 3), 'East', 1), ((14, 3), 'West', 1)]
2025-04-01 20:29:11,759 - isGoalState - INFO - I: q1a_problem,(16, 3),
2025-04-01 20:29:11,759 - isGoalState - INFO - O: False
2025-04-01 20:29:11,759 - getSuccessors - INFO - I: q1a_problem,(16, 3),
2025-04-01 20:29:11,759 - getSuccessors - INFO - O: [((16, 4), 'North', 1), ((15, 3), 'West', 1)]
2025-04-01 20:29:11,759 - isGoalState - INFO - I: q1a_problem,(16, 4),
2025-04-01 20:29:11,759 - isGoalState - INFO - O: False
2025-04-01 20:29:11,759 - getSuccessors - INFO - I: q1a_problem,(16, 4),
2025-04-01 20:29:11,759 - getSuccessors - INFO - O: [((16, 5), 'North', 1), ((16, 3), 'South', 1)]
2025-04-01 20:29:11,759 - isGoalState - INFO - I: q1a_problem,(16, 5),
2025-04-01 20:29:11,759 - isGoalState - INFO - O: False
2025-04-01 20:29:11,759 - getSuccessors - INFO - I: q1a_problem,(16, 5),
2025-04-01 20:29:11,759 - getSuccessors - INFO - O: [((16, 4), 'South', 1), ((17, 5), 'East', 1), ((15, 5), 'West', 1)]
2025-04-01 20:29:11,759 - isGoalState - INFO - I: q1a_problem,(15, 5),
2025-04-01 20:29:11,759 - isGoalState - INFO - O: False
2025-04-01 20:29:11,759 - getSuccessors - INFO - I: q1a_problem,(15, 5),
2025-04-01 20:29:11,759 - getSuccessors - INFO - O: [((16, 5), 'East', 1)]
2025-04-01 20:29:11,759 - isGoalState - INFO - I: q1a_problem,(17, 5),
2025-04-01 20:29:11,759 - isGoalState - INFO - O: False
2025-04-01 20:29:11,759 - getSuccessors - INFO - I: q1a_problem,(17, 5),
2025-04-01 20:29:11,759 - getSuccessors - INFO - O: [((18, 5), 'East', 1), ((16, 5), 'West', 1)]
2025-04-01 20:29:11,759 - isGoalState - INFO - I: q1a_problem,(18, 5),
2025-04-01 20:29:11,759 - isGoalState - INFO - O: False
2025-04-01 20:29:11,759 - getSuccessors - INFO - I: q1a_problem,(18, 5),
2025-04-01 20:29:11,759 - getSuccessors - INFO - O: [((18, 4), 'South', 1), ((17, 5), 'West', 1)]
2025-04-01 20:29:11,759 - isGoalState - INFO - I: q1a_problem,(18, 4),
2025-04-01 20:29:11,759 - isGoalState - INFO - O: False
2025-04-01 20:29:11,759 - getSuccessors - INFO - I: q1a_problem,(18, 4),
2025-04-01 20:29:11,759 - getSuccessors - INFO - O: [((18, 5), 'North', 1), ((18, 3), 'South', 1)]
2025-04-01 20:29:11,759 - isGoalState - INFO - I: q1a_problem,(18, 3),
2025-04-01 20:29:11,759 - isGoalState - INFO - O: False
2025-04-01 20:29:11,759 - getSuccessors - INFO - I: q1a_problem,(18, 3),
2025-04-01 20:29:11,759 - getSuccessors - INFO - O: [((18, 4), 'North', 1), ((18, 2), 'South', 1)]
2025-04-01 20:29:11,759 - isGoalState - INFO - I: q1a_problem,(18, 2),
2025-04-01 20:29:11,759 - isGoalState - INFO - O: False
2025-04-01 20:29:11,759 - getSuccessors - INFO - I: q1a_problem,(18, 2),
2025-04-01 20:29:11,760 - getSuccessors - INFO - O: [((18, 3), 'North', 1), ((18, 1), 'South', 1)]
2025-04-01 20:29:11,760 - isGoalState - INFO - I: q1a_problem,(18, 1),
2025-04-01 20:29:11,760 - isGoalState - INFO - O: False
2025-04-01 20:29:11,760 - getSuccessors - INFO - I: q1a_problem,(18, 1),
2025-04-01 20:29:11,760 - getSuccessors - INFO - O: [((18, 2), 'North', 1), ((17, 1), 'West', 1)]
2025-04-01 20:29:11,760 - isGoalState - INFO - I: q1a_problem,(17, 1),
2025-04-01 20:29:11,760 - isGoalState - INFO - O: False
2025-04-01 20:29:11,760 - getSuccessors - INFO - I: q1a_problem,(17, 1),
2025-04-01 20:29:11,760 - getSuccessors - INFO - O: [((18, 1), 'East', 1), ((16, 1), 'West', 1)]
2025-04-01 20:29:11,760 - isGoalState - INFO - I: q1a_problem,(16, 1),
2025-04-01 20:29:11,760 - isGoalState - INFO - O: False
2025-04-01 20:29:11,760 - getSuccessors - INFO - I: q1a_problem,(16, 1),
2025-04-01 20:29:11,760 - getSuccessors - INFO - O: [((17, 1), 'East', 1), ((15, 1), 'West', 1)]
2025-04-01 20:29:11,760 - isGoalState - INFO - I: q1a_problem,(15, 1),
2025-04-01 20:29:11,760 - isGoalState - INFO - O: False
2025-04-01 20:29:11,760 - getSuccessors - INFO - I: q1a_problem,(15, 1),
2025-04-01 20:29:11,760 - getSuccessors - INFO - O: [((16, 1), 'East', 1), ((14, 1), 'West', 1)]
2025-04-01 20:29:11,760 - isGoalState - INFO - I: q1a_problem,(14, 1),
2025-04-01 20:29:11,760 - isGoalState - INFO - O: False
2025-04-01 20:29:11,760 - getSuccessors - INFO - I: q1a_problem,(14, 1),
2025-04-01 20:29:11,760 - getSuccessors - INFO - O: [((15, 1), 'East', 1), ((13, 1), 'West', 1)]
2025-04-01 20:29:11,760 - isGoalState - INFO - I: q1a_problem,(13, 1),
2025-04-01 20:29:11,760 - isGoalState - INFO - O: False
2025-04-01 20:29:11,760 - getSuccessors - INFO - I: q1a_problem,(13, 1),
2025-04-01 20:29:11,760 - getSuccessors - INFO - O: [((14, 1), 'East', 1), ((12, 1), 'West', 1)]
2025-04-01 20:29:11,760 - isGoalState - INFO - I: q1a_problem,(12, 1),
2025-04-01 20:29:11,760 - isGoalState - INFO - O: False
2025-04-01 20:29:11,760 - getSuccessors - INFO - I: q1a_problem,(12, 1),
2025-04-01 20:29:11,760 - getSuccessors - INFO - O: [((13, 1), 'East', 1), ((11, 1), 'West', 1)]
2025-04-01 20:29:11,760 - isGoalState - INFO - I: q1a_problem,(11, 1),
2025-04-01 20:29:11,760 - isGoalState - INFO - O: False
2025-04-01 20:29:11,760 - getSuccessors - INFO - I: q1a_problem,(11, 1),
2025-04-01 20:29:11,760 - getSuccessors - INFO - O: [((12, 1), 'East', 1), ((10, 1), 'West', 1)]
2025-04-01 20:29:11,760 - isGoalState - INFO - I: q1a_problem,(10, 1),
2025-04-01 20:29:11,760 - isGoalState - INFO - O: False
2025-04-01 20:29:11,760 - getSuccessors - INFO - I: q1a_problem,(10, 1),
2025-04-01 20:29:11,760 - getSuccessors - INFO - O: [((11, 1), 'East', 1), ((9, 1), 'West', 1)]
2025-04-01 20:29:11,760 - isGoalState - INFO - I: q1a_problem,(9, 1),
2025-04-01 20:29:11,760 - isGoalState - INFO - O: False
2025-04-01 20:29:11,760 - getSuccessors - INFO - I: q1a_problem,(9, 1),
2025-04-01 20:29:11,760 - getSuccessors - INFO - O: [((10, 1), 'East', 1), ((8, 1), 'West', 1)]
2025-04-01 20:29:11,760 - isGoalState - INFO - I: q1a_problem,(8, 1),
2025-04-01 20:29:11,760 - isGoalState - INFO - O: False
2025-04-01 20:29:11,760 - getSuccessors - INFO - I: q1a_problem,(8, 1),
2025-04-01 20:29:11,760 - getSuccessors - INFO - O: [((9, 1), 'East', 1), ((7, 1), 'West', 1)]
2025-04-01 20:29:11,760 - isGoalState - INFO - I: q1a_problem,(7, 1),
2025-04-01 20:29:11,760 - isGoalState - INFO - O: False
2025-04-01 20:29:11,760 - getSuccessors - INFO - I: q1a_problem,(7, 1),
2025-04-01 20:29:11,760 - getSuccessors - INFO - O: [((8, 1), 'East', 1), ((6, 1), 'West', 1)]
2025-04-01 20:29:11,760 - isGoalState - INFO - I: q1a_problem,(6, 1),
2025-04-01 20:29:11,760 - isGoalState - INFO - O: False
2025-04-01 20:29:11,760 - getSuccessors - INFO - I: q1a_problem,(6, 1),
2025-04-01 20:29:11,760 - getSuccessors - INFO - O: [((7, 1), 'East', 1), ((5, 1), 'West', 1)]
2025-04-01 20:29:11,760 - isGoalState - INFO - I: q1a_problem,(5, 1),
2025-04-01 20:29:11,760 - isGoalState - INFO - O: False
2025-04-01 20:29:11,760 - getSuccessors - INFO - I: q1a_problem,(5, 1),
2025-04-01 20:29:11,760 - getSuccessors - INFO - O: [((6, 1), 'East', 1), ((4, 1), 'West', 1)]
2025-04-01 20:29:11,760 - isGoalState - INFO - I: q1a_problem,(4, 1),
2025-04-01 20:29:11,760 - isGoalState - INFO - O: False
2025-04-01 20:29:11,760 - getSuccessors - INFO - I: q1a_problem,(4, 1),
2025-04-01 20:29:11,760 - getSuccessors - INFO - O: [((5, 1), 'East', 1), ((3, 1), 'West', 1)]
2025-04-01 20:29:11,760 - isGoalState - INFO - I: q1a_problem,(3, 1),
2025-04-01 20:29:11,761 - isGoalState - INFO - O: False
2025-04-01 20:29:11,761 - getSuccessors - INFO - I: q1a_problem,(3, 1),
2025-04-01 20:29:11,761 - getSuccessors - INFO - O: [((4, 1), 'East', 1), ((2, 1), 'West', 1)]
2025-04-01 20:29:11,761 - isGoalState - INFO - I: q1a_problem,(2, 1),
2025-04-01 20:29:11,761 - isGoalState - INFO - O: False
2025-04-01 20:29:11,761 - getSuccessors - INFO - I: q1a_problem,(2, 1),
2025-04-01 20:29:11,761 - getSuccessors - INFO - O: [((3, 1), 'East', 1), ((1, 1), 'West', 1)]
2025-04-01 20:29:11,761 - isGoalState - INFO - I: q1a_problem,(1, 1),
2025-04-01 20:29:11,761 - isGoalState - INFO - O: True
2025-04-01 20:29:11,764 - root - INFO - Remaining Food: 0
2025-04-01 20:29:11,764 - root - INFO - moveHistory: [[(0, 'East'), (0, 'East'), (0, 'South'), (0, 'South'), (0, 'East'), (0, 'East'), (0, 'East'), (0, 'East'), (0, 'East'), (0, 'East'), (0, 'East'), (0, 'East'), (0, 'East'), (0, 'East'), (0, 'East'), (0, 'East'), (0, 'North'), (0, 'North'), (0, 'East'), (0, 'East'), (0, 'South'), (0, 'South'), (0, 'South'), (0, 'South'), (0, 'West'), (0, 'West'), (0, 'West'), (0, 'West'), (0, 'West'), (0, 'West'), (0, 'West'), (0, 'West'), (0, 'West'), (0, 'West'), (0, 'West'), (0, 'West'), (0, 'West'), (0, 'West'), (0, 'West'), (0, 'West'), (0, 'West')]]
2025-04-01 20:29:11,764 - root - INFO - pathLength: [41]
2025-04-01 20:29:11,764 - root - INFO - Average Score: 469.00
2025-04-01 20:29:11,764 - root - INFO - Scores: 469.0
2025-04-01 20:29:11,764 - root - INFO - Win Rate:      1/1 (1.00)
2025-04-01 20:29:11,764 - root - INFO - Record:       Win
