2025-04-01 20:29:09,201 - root - INFO - Logger Version: 2.0.0
2025-04-01 20:29:09,201 - main - INFO - input_args: dict_items([('layout', './layouts\\q1a_mediumMaze.lay'), ('pacman', <SearchAgent.SearchAgent object at 0x000001B9EA67C7A0>), ('ghosts', [<RandomGhost.RandomGhost object at 0x000001B9EAB7C890>, <RandomGhost.RandomGhost object at 0x000001B9EABA17F0>, <RandomGhost.RandomGhost object at 0x000001B9EABA1700>, <RandomGhost.RandomGhost object at 0x000001B9EABA1820>]), ('display', <textDisplay.NullGraphics object at 0x000001B9EABA18B0>), ('numGames', 1), ('record', False), ('catchExceptions', True), ('timeout', 1), ('outfile', 'q1a_mediumMaze')])
2025-04-01 20:29:09,201 - root - INFO - runGames
2025-04-01 20:29:09,201 - root - INFO - 0/1
2025-04-01 20:29:09,210 - root - INFO - newGame
2025-04-01 20:29:09,210 - root - INFO - layout: %%%%%%%%%%%%%%%%%%%%%%%%%%%%%%%%%%%%
%                                 P%
% %%%%%%%%%%%%%%%%%%%%%%% %%%%%%%% %
% %%   %   %      %%%%%%%   %%     %
% %% % % % % %%%% %%%%%%%%% %% %%%%%
% %% % % % %             %% %%     %
% %% % % % % % %%%%  %%%    %%%%%% %
% %  % % %   %    %% %%%%%%%%      %
% %% % % %%%%%%%% %%        %% %%%%%
% %% %   %%       %%%%%%%%% %%     %
%    %%%%%% %%%%%%%      %% %%%%%% %
%%%%%%      %       %%%% %% %      %
%      %%%%%% %%%%% %    %% %% %%%%%
% %%%%%%      %       %%%%% %%     %
%        %%%%%% %%%%%%%%%%% %%  %% %
%%%%%%%%%%                  %%%%%% %
%.         %%%%%%%%%%%%%%%%        %
%%%%%%%%%%%%%%%%%%%%%%%%%%%%%%%%%%%%
2025-04-01 20:29:09,211 - root - INFO - runGame
2025-04-01 20:29:09,213 - root - INFO - #agents:1
2025-04-01 20:29:09,213 - root - INFO - #pacman:1
2025-04-01 20:29:09,213 - root - INFO - #ghosts:0
2025-04-01 20:29:09,213 - getStartState - INFO - I: q1a_problem,
2025-04-01 20:29:09,213 - getStartState - INFO - O: (34, 16)
2025-04-01 20:29:09,213 - isGoalState - INFO - I: q1a_problem,(34, 16),
2025-04-01 20:29:09,213 - isGoalState - INFO - O: False
2025-04-01 20:29:09,213 - getSuccessors - INFO - I: q1a_problem,(34, 16),
2025-04-01 20:29:09,214 - getSuccessors - INFO - O: [((34, 15), 'South', 1), ((33, 16), 'West', 1)]
2025-04-01 20:29:09,214 - isGoalState - INFO - I: q1a_problem,(34, 15),
2025-04-01 20:29:09,214 - isGoalState - INFO - O: False
2025-04-01 20:29:09,214 - getSuccessors - INFO - I: q1a_problem,(34, 15),
2025-04-01 20:29:09,214 - getSuccessors - INFO - O: [((34, 16), 'North', 1), ((34, 14), 'South', 1)]
2025-04-01 20:29:09,214 - isGoalState - INFO - I: q1a_problem,(33, 16),
2025-04-01 20:29:09,214 - isGoalState - INFO - O: False
2025-04-01 20:29:09,214 - getSuccessors - INFO - I: q1a_problem,(33, 16),
2025-04-01 20:29:09,214 - getSuccessors - INFO - O: [((34, 16), 'East', 1), ((32, 16), 'West', 1)]
2025-04-01 20:29:09,214 - isGoalState - INFO - I: q1a_problem,(34, 14),
2025-04-01 20:29:09,214 - isGoalState - INFO - O: False
2025-04-01 20:29:09,214 - getSuccessors - INFO - I: q1a_problem,(34, 14),
2025-04-01 20:29:09,214 - getSuccessors - INFO - O: [((34, 15), 'North', 1), ((33, 14), 'West', 1)]
2025-04-01 20:29:09,214 - isGoalState - INFO - I: q1a_problem,(32, 16),
2025-04-01 20:29:09,214 - isGoalState - INFO - O: False
2025-04-01 20:29:09,214 - getSuccessors - INFO - I: q1a_problem,(32, 16),
2025-04-01 20:29:09,214 - getSuccessors - INFO - O: [((33, 16), 'East', 1), ((31, 16), 'West', 1)]
2025-04-01 20:29:09,214 - isGoalState - INFO - I: q1a_problem,(33, 14),
2025-04-01 20:29:09,214 - isGoalState - INFO - O: False
2025-04-01 20:29:09,214 - getSuccessors - INFO - I: q1a_problem,(33, 14),
2025-04-01 20:29:09,214 - getSuccessors - INFO - O: [((34, 14), 'East', 1), ((32, 14), 'West', 1)]
2025-04-01 20:29:09,214 - isGoalState - INFO - I: q1a_problem,(31, 16),
2025-04-01 20:29:09,214 - isGoalState - INFO - O: False
2025-04-01 20:29:09,214 - getSuccessors - INFO - I: q1a_problem,(31, 16),
2025-04-01 20:29:09,214 - getSuccessors - INFO - O: [((32, 16), 'East', 1), ((30, 16), 'West', 1)]
2025-04-01 20:29:09,214 - isGoalState - INFO - I: q1a_problem,(32, 14),
2025-04-01 20:29:09,214 - isGoalState - INFO - O: False
2025-04-01 20:29:09,214 - getSuccessors - INFO - I: q1a_problem,(32, 14),
2025-04-01 20:29:09,214 - getSuccessors - INFO - O: [((33, 14), 'East', 1), ((31, 14), 'West', 1)]
2025-04-01 20:29:09,214 - isGoalState - INFO - I: q1a_problem,(30, 16),
2025-04-01 20:29:09,214 - isGoalState - INFO - O: False
2025-04-01 20:29:09,214 - getSuccessors - INFO - I: q1a_problem,(30, 16),
2025-04-01 20:29:09,214 - getSuccessors - INFO - O: [((31, 16), 'East', 1), ((29, 16), 'West', 1)]
2025-04-01 20:29:09,214 - isGoalState - INFO - I: q1a_problem,(31, 14),
2025-04-01 20:29:09,214 - isGoalState - INFO - O: False
2025-04-01 20:29:09,214 - getSuccessors - INFO - I: q1a_problem,(31, 14),
2025-04-01 20:29:09,214 - getSuccessors - INFO - O: [((32, 14), 'East', 1), ((30, 14), 'West', 1)]
2025-04-01 20:29:09,214 - isGoalState - INFO - I: q1a_problem,(29, 16),
2025-04-01 20:29:09,214 - isGoalState - INFO - O: False
2025-04-01 20:29:09,214 - getSuccessors - INFO - I: q1a_problem,(29, 16),
2025-04-01 20:29:09,214 - getSuccessors - INFO - O: [((30, 16), 'East', 1), ((28, 16), 'West', 1)]
2025-04-01 20:29:09,214 - isGoalState - INFO - I: q1a_problem,(30, 14),
2025-04-01 20:29:09,214 - isGoalState - INFO - O: False
2025-04-01 20:29:09,214 - getSuccessors - INFO - I: q1a_problem,(30, 14),
2025-04-01 20:29:09,215 - getSuccessors - INFO - O: [((30, 13), 'South', 1), ((31, 14), 'East', 1)]
2025-04-01 20:29:09,215 - isGoalState - INFO - I: q1a_problem,(28, 16),
2025-04-01 20:29:09,215 - isGoalState - INFO - O: False
2025-04-01 20:29:09,215 - getSuccessors - INFO - I: q1a_problem,(28, 16),
2025-04-01 20:29:09,215 - getSuccessors - INFO - O: [((29, 16), 'East', 1), ((27, 16), 'West', 1)]
2025-04-01 20:29:09,215 - isGoalState - INFO - I: q1a_problem,(30, 13),
2025-04-01 20:29:09,215 - isGoalState - INFO - O: False
2025-04-01 20:29:09,215 - getSuccessors - INFO - I: q1a_problem,(30, 13),
2025-04-01 20:29:09,215 - getSuccessors - INFO - O: [((30, 14), 'North', 1), ((30, 12), 'South', 1)]
2025-04-01 20:29:09,215 - isGoalState - INFO - I: q1a_problem,(27, 16),
2025-04-01 20:29:09,215 - isGoalState - INFO - O: False
2025-04-01 20:29:09,215 - getSuccessors - INFO - I: q1a_problem,(27, 16),
2025-04-01 20:29:09,215 - getSuccessors - INFO - O: [((28, 16), 'East', 1), ((26, 16), 'West', 1)]
2025-04-01 20:29:09,215 - isGoalState - INFO - I: q1a_problem,(30, 12),
2025-04-01 20:29:09,215 - isGoalState - INFO - O: False
2025-04-01 20:29:09,215 - getSuccessors - INFO - I: q1a_problem,(30, 12),
2025-04-01 20:29:09,215 - getSuccessors - INFO - O: [((30, 13), 'North', 1), ((31, 12), 'East', 1)]
2025-04-01 20:29:09,215 - isGoalState - INFO - I: q1a_problem,(26, 16),
2025-04-01 20:29:09,215 - isGoalState - INFO - O: False
2025-04-01 20:29:09,215 - getSuccessors - INFO - I: q1a_problem,(26, 16),
2025-04-01 20:29:09,215 - getSuccessors - INFO - O: [((27, 16), 'East', 1), ((25, 16), 'West', 1)]
2025-04-01 20:29:09,215 - isGoalState - INFO - I: q1a_problem,(25, 16),
2025-04-01 20:29:09,215 - isGoalState - INFO - O: False
2025-04-01 20:29:09,215 - getSuccessors - INFO - I: q1a_problem,(25, 16),
2025-04-01 20:29:09,215 - getSuccessors - INFO - O: [((25, 15), 'South', 1), ((26, 16), 'East', 1), ((24, 16), 'West', 1)]
2025-04-01 20:29:09,215 - isGoalState - INFO - I: q1a_problem,(25, 15),
2025-04-01 20:29:09,215 - isGoalState - INFO - O: False
2025-04-01 20:29:09,215 - getSuccessors - INFO - I: q1a_problem,(25, 15),
2025-04-01 20:29:09,215 - getSuccessors - INFO - O: [((25, 16), 'North', 1), ((25, 14), 'South', 1)]
2025-04-01 20:29:09,215 - isGoalState - INFO - I: q1a_problem,(24, 16),
2025-04-01 20:29:09,215 - isGoalState - INFO - O: False
2025-04-01 20:29:09,215 - getSuccessors - INFO - I: q1a_problem,(24, 16),
2025-04-01 20:29:09,215 - getSuccessors - INFO - O: [((25, 16), 'East', 1), ((23, 16), 'West', 1)]
2025-04-01 20:29:09,215 - isGoalState - INFO - I: q1a_problem,(25, 14),
2025-04-01 20:29:09,215 - isGoalState - INFO - O: False
2025-04-01 20:29:09,215 - getSuccessors - INFO - I: q1a_problem,(25, 14),
2025-04-01 20:29:09,215 - getSuccessors - INFO - O: [((25, 15), 'North', 1), ((26, 14), 'East', 1)]
2025-04-01 20:29:09,215 - isGoalState - INFO - I: q1a_problem,(23, 16),
2025-04-01 20:29:09,215 - isGoalState - INFO - O: False
2025-04-01 20:29:09,215 - getSuccessors - INFO - I: q1a_problem,(23, 16),
2025-04-01 20:29:09,215 - getSuccessors - INFO - O: [((24, 16), 'East', 1), ((22, 16), 'West', 1)]
2025-04-01 20:29:09,215 - isGoalState - INFO - I: q1a_problem,(22, 16),
2025-04-01 20:29:09,215 - isGoalState - INFO - O: False
2025-04-01 20:29:09,215 - getSuccessors - INFO - I: q1a_problem,(22, 16),
2025-04-01 20:29:09,215 - getSuccessors - INFO - O: [((23, 16), 'East', 1), ((21, 16), 'West', 1)]
2025-04-01 20:29:09,215 - isGoalState - INFO - I: q1a_problem,(21, 16),
2025-04-01 20:29:09,215 - isGoalState - INFO - O: False
2025-04-01 20:29:09,215 - getSuccessors - INFO - I: q1a_problem,(21, 16),
2025-04-01 20:29:09,215 - getSuccessors - INFO - O: [((22, 16), 'East', 1), ((20, 16), 'West', 1)]
2025-04-01 20:29:09,215 - isGoalState - INFO - I: q1a_problem,(20, 16),
2025-04-01 20:29:09,215 - isGoalState - INFO - O: False
2025-04-01 20:29:09,215 - getSuccessors - INFO - I: q1a_problem,(20, 16),
2025-04-01 20:29:09,215 - getSuccessors - INFO - O: [((21, 16), 'East', 1), ((19, 16), 'West', 1)]
2025-04-01 20:29:09,215 - isGoalState - INFO - I: q1a_problem,(19, 16),
2025-04-01 20:29:09,215 - isGoalState - INFO - O: False
2025-04-01 20:29:09,215 - getSuccessors - INFO - I: q1a_problem,(19, 16),
2025-04-01 20:29:09,215 - getSuccessors - INFO - O: [((20, 16), 'East', 1), ((18, 16), 'West', 1)]
2025-04-01 20:29:09,215 - isGoalState - INFO - I: q1a_problem,(18, 16),
2025-04-01 20:29:09,215 - isGoalState - INFO - O: False
2025-04-01 20:29:09,215 - getSuccessors - INFO - I: q1a_problem,(18, 16),
2025-04-01 20:29:09,215 - getSuccessors - INFO - O: [((19, 16), 'East', 1), ((17, 16), 'West', 1)]
2025-04-01 20:29:09,215 - isGoalState - INFO - I: q1a_problem,(17, 16),
2025-04-01 20:29:09,215 - isGoalState - INFO - O: False
2025-04-01 20:29:09,216 - getSuccessors - INFO - I: q1a_problem,(17, 16),
2025-04-01 20:29:09,216 - getSuccessors - INFO - O: [((18, 16), 'East', 1), ((16, 16), 'West', 1)]
2025-04-01 20:29:09,216 - isGoalState - INFO - I: q1a_problem,(16, 16),
2025-04-01 20:29:09,216 - isGoalState - INFO - O: False
2025-04-01 20:29:09,216 - getSuccessors - INFO - I: q1a_problem,(16, 16),
2025-04-01 20:29:09,216 - getSuccessors - INFO - O: [((17, 16), 'East', 1), ((15, 16), 'West', 1)]
2025-04-01 20:29:09,216 - isGoalState - INFO - I: q1a_problem,(15, 16),
2025-04-01 20:29:09,216 - isGoalState - INFO - O: False
2025-04-01 20:29:09,216 - getSuccessors - INFO - I: q1a_problem,(15, 16),
2025-04-01 20:29:09,216 - getSuccessors - INFO - O: [((16, 16), 'East', 1), ((14, 16), 'West', 1)]
2025-04-01 20:29:09,216 - isGoalState - INFO - I: q1a_problem,(14, 16),
2025-04-01 20:29:09,216 - isGoalState - INFO - O: False
2025-04-01 20:29:09,216 - getSuccessors - INFO - I: q1a_problem,(14, 16),
2025-04-01 20:29:09,216 - getSuccessors - INFO - O: [((15, 16), 'East', 1), ((13, 16), 'West', 1)]
2025-04-01 20:29:09,216 - isGoalState - INFO - I: q1a_problem,(13, 16),
2025-04-01 20:29:09,216 - isGoalState - INFO - O: False
2025-04-01 20:29:09,216 - getSuccessors - INFO - I: q1a_problem,(13, 16),
2025-04-01 20:29:09,216 - getSuccessors - INFO - O: [((14, 16), 'East', 1), ((12, 16), 'West', 1)]
2025-04-01 20:29:09,216 - isGoalState - INFO - I: q1a_problem,(12, 16),
2025-04-01 20:29:09,216 - isGoalState - INFO - O: False
2025-04-01 20:29:09,216 - getSuccessors - INFO - I: q1a_problem,(12, 16),
2025-04-01 20:29:09,216 - getSuccessors - INFO - O: [((13, 16), 'East', 1), ((11, 16), 'West', 1)]
2025-04-01 20:29:09,216 - isGoalState - INFO - I: q1a_problem,(11, 16),
2025-04-01 20:29:09,216 - isGoalState - INFO - O: False
2025-04-01 20:29:09,216 - getSuccessors - INFO - I: q1a_problem,(11, 16),
2025-04-01 20:29:09,216 - getSuccessors - INFO - O: [((12, 16), 'East', 1), ((10, 16), 'West', 1)]
2025-04-01 20:29:09,216 - isGoalState - INFO - I: q1a_problem,(10, 16),
2025-04-01 20:29:09,216 - isGoalState - INFO - O: False
2025-04-01 20:29:09,216 - getSuccessors - INFO - I: q1a_problem,(10, 16),
2025-04-01 20:29:09,216 - getSuccessors - INFO - O: [((11, 16), 'East', 1), ((9, 16), 'West', 1)]
2025-04-01 20:29:09,216 - isGoalState - INFO - I: q1a_problem,(9, 16),
2025-04-01 20:29:09,216 - isGoalState - INFO - O: False
2025-04-01 20:29:09,216 - getSuccessors - INFO - I: q1a_problem,(9, 16),
2025-04-01 20:29:09,216 - getSuccessors - INFO - O: [((10, 16), 'East', 1), ((8, 16), 'West', 1)]
2025-04-01 20:29:09,216 - isGoalState - INFO - I: q1a_problem,(8, 16),
2025-04-01 20:29:09,216 - isGoalState - INFO - O: False
2025-04-01 20:29:09,216 - getSuccessors - INFO - I: q1a_problem,(8, 16),
2025-04-01 20:29:09,216 - getSuccessors - INFO - O: [((9, 16), 'East', 1), ((7, 16), 'West', 1)]
2025-04-01 20:29:09,216 - isGoalState - INFO - I: q1a_problem,(7, 16),
2025-04-01 20:29:09,216 - isGoalState - INFO - O: False
2025-04-01 20:29:09,216 - getSuccessors - INFO - I: q1a_problem,(7, 16),
2025-04-01 20:29:09,216 - getSuccessors - INFO - O: [((8, 16), 'East', 1), ((6, 16), 'West', 1)]
2025-04-01 20:29:09,216 - isGoalState - INFO - I: q1a_problem,(6, 16),
2025-04-01 20:29:09,216 - isGoalState - INFO - O: False
2025-04-01 20:29:09,216 - getSuccessors - INFO - I: q1a_problem,(6, 16),
2025-04-01 20:29:09,216 - getSuccessors - INFO - O: [((7, 16), 'East', 1), ((5, 16), 'West', 1)]
2025-04-01 20:29:09,216 - isGoalState - INFO - I: q1a_problem,(5, 16),
2025-04-01 20:29:09,216 - isGoalState - INFO - O: False
2025-04-01 20:29:09,216 - getSuccessors - INFO - I: q1a_problem,(5, 16),
2025-04-01 20:29:09,216 - getSuccessors - INFO - O: [((6, 16), 'East', 1), ((4, 16), 'West', 1)]
2025-04-01 20:29:09,216 - isGoalState - INFO - I: q1a_problem,(4, 16),
2025-04-01 20:29:09,216 - isGoalState - INFO - O: False
2025-04-01 20:29:09,216 - getSuccessors - INFO - I: q1a_problem,(4, 16),
2025-04-01 20:29:09,216 - getSuccessors - INFO - O: [((5, 16), 'East', 1), ((3, 16), 'West', 1)]
2025-04-01 20:29:09,216 - isGoalState - INFO - I: q1a_problem,(3, 16),
2025-04-01 20:29:09,216 - isGoalState - INFO - O: False
2025-04-01 20:29:09,216 - getSuccessors - INFO - I: q1a_problem,(3, 16),
2025-04-01 20:29:09,216 - getSuccessors - INFO - O: [((4, 16), 'East', 1), ((2, 16), 'West', 1)]
2025-04-01 20:29:09,216 - isGoalState - INFO - I: q1a_problem,(2, 16),
2025-04-01 20:29:09,216 - isGoalState - INFO - O: False
2025-04-01 20:29:09,216 - getSuccessors - INFO - I: q1a_problem,(2, 16),
2025-04-01 20:29:09,216 - getSuccessors - INFO - O: [((3, 16), 'East', 1), ((1, 16), 'West', 1)]
2025-04-01 20:29:09,216 - isGoalState - INFO - I: q1a_problem,(1, 16),
2025-04-01 20:29:09,216 - isGoalState - INFO - O: False
2025-04-01 20:29:09,216 - getSuccessors - INFO - I: q1a_problem,(1, 16),
2025-04-01 20:29:09,216 - getSuccessors - INFO - O: [((1, 15), 'South', 1), ((2, 16), 'East', 1)]
2025-04-01 20:29:09,216 - isGoalState - INFO - I: q1a_problem,(1, 15),
2025-04-01 20:29:09,217 - isGoalState - INFO - O: False
2025-04-01 20:29:09,217 - getSuccessors - INFO - I: q1a_problem,(1, 15),
2025-04-01 20:29:09,217 - getSuccessors - INFO - O: [((1, 16), 'North', 1), ((1, 14), 'South', 1)]
2025-04-01 20:29:09,217 - isGoalState - INFO - I: q1a_problem,(1, 14),
2025-04-01 20:29:09,217 - isGoalState - INFO - O: False
2025-04-01 20:29:09,217 - getSuccessors - INFO - I: q1a_problem,(1, 14),
2025-04-01 20:29:09,217 - getSuccessors - INFO - O: [((1, 15), 'North', 1), ((1, 13), 'South', 1)]
2025-04-01 20:29:09,217 - isGoalState - INFO - I: q1a_problem,(1, 13),
2025-04-01 20:29:09,217 - isGoalState - INFO - O: False
2025-04-01 20:29:09,217 - getSuccessors - INFO - I: q1a_problem,(1, 13),
2025-04-01 20:29:09,217 - getSuccessors - INFO - O: [((1, 14), 'North', 1), ((1, 12), 'South', 1)]
2025-04-01 20:29:09,217 - isGoalState - INFO - I: q1a_problem,(1, 12),
2025-04-01 20:29:09,217 - isGoalState - INFO - O: False
2025-04-01 20:29:09,217 - getSuccessors - INFO - I: q1a_problem,(1, 12),
2025-04-01 20:29:09,217 - getSuccessors - INFO - O: [((1, 13), 'North', 1), ((1, 11), 'South', 1)]
2025-04-01 20:29:09,217 - isGoalState - INFO - I: q1a_problem,(1, 11),
2025-04-01 20:29:09,217 - isGoalState - INFO - O: False
2025-04-01 20:29:09,217 - getSuccessors - INFO - I: q1a_problem,(1, 11),
2025-04-01 20:29:09,217 - getSuccessors - INFO - O: [((1, 12), 'North', 1), ((1, 10), 'South', 1)]
2025-04-01 20:29:09,217 - isGoalState - INFO - I: q1a_problem,(1, 10),
2025-04-01 20:29:09,217 - isGoalState - INFO - O: False
2025-04-01 20:29:09,217 - getSuccessors - INFO - I: q1a_problem,(1, 10),
2025-04-01 20:29:09,217 - getSuccessors - INFO - O: [((1, 11), 'North', 1), ((1, 9), 'South', 1)]
2025-04-01 20:29:09,217 - isGoalState - INFO - I: q1a_problem,(1, 9),
2025-04-01 20:29:09,217 - isGoalState - INFO - O: False
2025-04-01 20:29:09,217 - getSuccessors - INFO - I: q1a_problem,(1, 9),
2025-04-01 20:29:09,217 - getSuccessors - INFO - O: [((1, 10), 'North', 1), ((1, 8), 'South', 1)]
2025-04-01 20:29:09,217 - isGoalState - INFO - I: q1a_problem,(1, 8),
2025-04-01 20:29:09,217 - isGoalState - INFO - O: False
2025-04-01 20:29:09,217 - getSuccessors - INFO - I: q1a_problem,(1, 8),
2025-04-01 20:29:09,217 - getSuccessors - INFO - O: [((1, 9), 'North', 1), ((1, 7), 'South', 1)]
2025-04-01 20:29:09,217 - isGoalState - INFO - I: q1a_problem,(1, 7),
2025-04-01 20:29:09,217 - isGoalState - INFO - O: False
2025-04-01 20:29:09,217 - getSuccessors - INFO - I: q1a_problem,(1, 7),
2025-04-01 20:29:09,217 - getSuccessors - INFO - O: [((1, 8), 'North', 1), ((2, 7), 'East', 1)]
2025-04-01 20:29:09,217 - isGoalState - INFO - I: q1a_problem,(31, 12),
2025-04-01 20:29:09,217 - isGoalState - INFO - O: False
2025-04-01 20:29:09,217 - getSuccessors - INFO - I: q1a_problem,(31, 12),
2025-04-01 20:29:09,217 - getSuccessors - INFO - O: [((32, 12), 'East', 1), ((30, 12), 'West', 1)]
2025-04-01 20:29:09,217 - isGoalState - INFO - I: q1a_problem,(26, 14),
2025-04-01 20:29:09,217 - isGoalState - INFO - O: False
2025-04-01 20:29:09,217 - getSuccessors - INFO - I: q1a_problem,(26, 14),
2025-04-01 20:29:09,217 - getSuccessors - INFO - O: [((27, 14), 'East', 1), ((25, 14), 'West', 1)]
2025-04-01 20:29:09,217 - isGoalState - INFO - I: q1a_problem,(2, 7),
2025-04-01 20:29:09,217 - isGoalState - INFO - O: False
2025-04-01 20:29:09,217 - getSuccessors - INFO - I: q1a_problem,(2, 7),
2025-04-01 20:29:09,217 - getSuccessors - INFO - O: [((3, 7), 'East', 1), ((1, 7), 'West', 1)]
2025-04-01 20:29:09,217 - isGoalState - INFO - I: q1a_problem,(32, 12),
2025-04-01 20:29:09,217 - isGoalState - INFO - O: False
2025-04-01 20:29:09,217 - getSuccessors - INFO - I: q1a_problem,(32, 12),
2025-04-01 20:29:09,217 - getSuccessors - INFO - O: [((33, 12), 'East', 1), ((31, 12), 'West', 1)]
2025-04-01 20:29:09,217 - isGoalState - INFO - I: q1a_problem,(27, 14),
2025-04-01 20:29:09,217 - isGoalState - INFO - O: False
2025-04-01 20:29:09,217 - getSuccessors - INFO - I: q1a_problem,(27, 14),
2025-04-01 20:29:09,217 - getSuccessors - INFO - O: [((27, 13), 'South', 1), ((26, 14), 'West', 1)]
2025-04-01 20:29:09,217 - isGoalState - INFO - I: q1a_problem,(3, 7),
2025-04-01 20:29:09,217 - isGoalState - INFO - O: False
2025-04-01 20:29:09,217 - getSuccessors - INFO - I: q1a_problem,(3, 7),
2025-04-01 20:29:09,217 - getSuccessors - INFO - O: [((4, 7), 'East', 1), ((2, 7), 'West', 1)]
2025-04-01 20:29:09,217 - isGoalState - INFO - I: q1a_problem,(27, 13),
2025-04-01 20:29:09,217 - isGoalState - INFO - O: False
2025-04-01 20:29:09,217 - getSuccessors - INFO - I: q1a_problem,(27, 13),
2025-04-01 20:29:09,217 - getSuccessors - INFO - O: [((27, 14), 'North', 1), ((27, 12), 'South', 1)]
2025-04-01 20:29:09,217 - isGoalState - INFO - I: q1a_problem,(27, 12),
2025-04-01 20:29:09,217 - isGoalState - INFO - O: False
2025-04-01 20:29:09,217 - getSuccessors - INFO - I: q1a_problem,(27, 12),
2025-04-01 20:29:09,217 - getSuccessors - INFO - O: [((27, 13), 'North', 1), ((27, 11), 'South', 1)]
2025-04-01 20:29:09,217 - isGoalState - INFO - I: q1a_problem,(27, 11),
2025-04-01 20:29:09,217 - isGoalState - INFO - O: False
2025-04-01 20:29:09,218 - getSuccessors - INFO - I: q1a_problem,(27, 11),
2025-04-01 20:29:09,218 - getSuccessors - INFO - O: [((27, 12), 'North', 1), ((26, 11), 'West', 1)]
2025-04-01 20:29:09,218 - isGoalState - INFO - I: q1a_problem,(26, 11),
2025-04-01 20:29:09,218 - isGoalState - INFO - O: False
2025-04-01 20:29:09,218 - getSuccessors - INFO - I: q1a_problem,(26, 11),
2025-04-01 20:29:09,218 - getSuccessors - INFO - O: [((27, 11), 'East', 1), ((25, 11), 'West', 1)]
2025-04-01 20:29:09,218 - isGoalState - INFO - I: q1a_problem,(25, 11),
2025-04-01 20:29:09,218 - isGoalState - INFO - O: False
2025-04-01 20:29:09,218 - getSuccessors - INFO - I: q1a_problem,(25, 11),
2025-04-01 20:29:09,218 - getSuccessors - INFO - O: [((26, 11), 'East', 1), ((24, 11), 'West', 1)]
2025-04-01 20:29:09,218 - isGoalState - INFO - I: q1a_problem,(24, 11),
2025-04-01 20:29:09,218 - isGoalState - INFO - O: False
2025-04-01 20:29:09,218 - getSuccessors - INFO - I: q1a_problem,(24, 11),
2025-04-01 20:29:09,218 - getSuccessors - INFO - O: [((24, 12), 'North', 1), ((25, 11), 'East', 1)]
2025-04-01 20:29:09,218 - isGoalState - INFO - I: q1a_problem,(33, 12),
2025-04-01 20:29:09,218 - isGoalState - INFO - O: False
2025-04-01 20:29:09,218 - getSuccessors - INFO - I: q1a_problem,(33, 12),
2025-04-01 20:29:09,218 - getSuccessors - INFO - O: [((34, 12), 'East', 1), ((32, 12), 'West', 1)]
2025-04-01 20:29:09,218 - isGoalState - INFO - I: q1a_problem,(4, 7),
2025-04-01 20:29:09,218 - isGoalState - INFO - O: False
2025-04-01 20:29:09,218 - getSuccessors - INFO - I: q1a_problem,(4, 7),
2025-04-01 20:29:09,218 - getSuccessors - INFO - O: [((4, 8), 'North', 1), ((3, 7), 'West', 1)]
2025-04-01 20:29:09,218 - isGoalState - INFO - I: q1a_problem,(24, 12),
2025-04-01 20:29:09,218 - isGoalState - INFO - O: False
2025-04-01 20:29:09,218 - getSuccessors - INFO - I: q1a_problem,(24, 12),
2025-04-01 20:29:09,218 - getSuccessors - INFO - O: [((24, 11), 'South', 1), ((23, 12), 'West', 1)]
2025-04-01 20:29:09,218 - isGoalState - INFO - I: q1a_problem,(23, 12),
2025-04-01 20:29:09,218 - isGoalState - INFO - O: False
2025-04-01 20:29:09,218 - getSuccessors - INFO - I: q1a_problem,(23, 12),
2025-04-01 20:29:09,218 - getSuccessors - INFO - O: [((24, 12), 'East', 1), ((22, 12), 'West', 1)]
2025-04-01 20:29:09,218 - isGoalState - INFO - I: q1a_problem,(22, 12),
2025-04-01 20:29:09,218 - isGoalState - INFO - O: False
2025-04-01 20:29:09,218 - getSuccessors - INFO - I: q1a_problem,(22, 12),
2025-04-01 20:29:09,218 - getSuccessors - INFO - O: [((23, 12), 'East', 1), ((21, 12), 'West', 1)]
2025-04-01 20:29:09,218 - isGoalState - INFO - I: q1a_problem,(21, 12),
2025-04-01 20:29:09,218 - isGoalState - INFO - O: False
2025-04-01 20:29:09,218 - getSuccessors - INFO - I: q1a_problem,(21, 12),
2025-04-01 20:29:09,218 - getSuccessors - INFO - O: [((22, 12), 'East', 1), ((20, 12), 'West', 1)]
2025-04-01 20:29:09,218 - isGoalState - INFO - I: q1a_problem,(20, 12),
2025-04-01 20:29:09,218 - isGoalState - INFO - O: False
2025-04-01 20:29:09,218 - getSuccessors - INFO - I: q1a_problem,(20, 12),
2025-04-01 20:29:09,218 - getSuccessors - INFO - O: [((20, 11), 'South', 1), ((21, 12), 'East', 1), ((19, 12), 'West', 1)]
2025-04-01 20:29:09,218 - isGoalState - INFO - I: q1a_problem,(20, 11),
2025-04-01 20:29:09,218 - isGoalState - INFO - O: False
2025-04-01 20:29:09,218 - getSuccessors - INFO - I: q1a_problem,(20, 11),
2025-04-01 20:29:09,218 - getSuccessors - INFO - O: [((20, 12), 'North', 1), ((20, 10), 'South', 1), ((19, 11), 'West', 1)]
2025-04-01 20:29:09,218 - isGoalState - INFO - I: q1a_problem,(19, 12),
2025-04-01 20:29:09,218 - isGoalState - INFO - O: False
2025-04-01 20:29:09,218 - getSuccessors - INFO - I: q1a_problem,(19, 12),
2025-04-01 20:29:09,218 - getSuccessors - INFO - O: [((19, 11), 'South', 1), ((20, 12), 'East', 1), ((18, 12), 'West', 1)]
2025-04-01 20:29:09,218 - isGoalState - INFO - I: q1a_problem,(20, 10),
2025-04-01 20:29:09,218 - isGoalState - INFO - O: False
2025-04-01 20:29:09,218 - getSuccessors - INFO - I: q1a_problem,(20, 10),
2025-04-01 20:29:09,218 - getSuccessors - INFO - O: [((20, 11), 'North', 1), ((20, 9), 'South', 1)]
2025-04-01 20:29:09,218 - isGoalState - INFO - I: q1a_problem,(19, 11),
2025-04-01 20:29:09,218 - isGoalState - INFO - O: False
2025-04-01 20:29:09,218 - getSuccessors - INFO - I: q1a_problem,(19, 11),
2025-04-01 20:29:09,218 - getSuccessors - INFO - O: [((19, 12), 'North', 1), ((20, 11), 'East', 1)]
2025-04-01 20:29:09,218 - isGoalState - INFO - I: q1a_problem,(18, 12),
2025-04-01 20:29:09,218 - isGoalState - INFO - O: False
2025-04-01 20:29:09,218 - getSuccessors - INFO - I: q1a_problem,(18, 12),
2025-04-01 20:29:09,218 - getSuccessors - INFO - O: [((19, 12), 'East', 1), ((17, 12), 'West', 1)]
2025-04-01 20:29:09,218 - isGoalState - INFO - I: q1a_problem,(20, 9),
2025-04-01 20:29:09,219 - isGoalState - INFO - O: False
2025-04-01 20:29:09,219 - getSuccessors - INFO - I: q1a_problem,(20, 9),
2025-04-01 20:29:09,219 - getSuccessors - INFO - O: [((20, 10), 'North', 1), ((21, 9), 'East', 1)]
2025-04-01 20:29:09,219 - isGoalState - INFO - I: q1a_problem,(17, 12),
2025-04-01 20:29:09,219 - isGoalState - INFO - O: False
2025-04-01 20:29:09,219 - getSuccessors - INFO - I: q1a_problem,(17, 12),
2025-04-01 20:29:09,219 - getSuccessors - INFO - O: [((17, 13), 'North', 1), ((18, 12), 'East', 1), ((16, 12), 'West', 1)]
2025-04-01 20:29:09,219 - isGoalState - INFO - I: q1a_problem,(16, 12),
2025-04-01 20:29:09,219 - isGoalState - INFO - O: False
2025-04-01 20:29:09,219 - getSuccessors - INFO - I: q1a_problem,(16, 12),
2025-04-01 20:29:09,219 - getSuccessors - INFO - O: [((17, 12), 'East', 1), ((15, 12), 'West', 1)]
2025-04-01 20:29:09,219 - isGoalState - INFO - I: q1a_problem,(15, 12),
2025-04-01 20:29:09,219 - isGoalState - INFO - O: False
2025-04-01 20:29:09,219 - getSuccessors - INFO - I: q1a_problem,(15, 12),
2025-04-01 20:29:09,219 - getSuccessors - INFO - O: [((16, 12), 'East', 1), ((14, 12), 'West', 1)]
2025-04-01 20:29:09,219 - isGoalState - INFO - I: q1a_problem,(14, 12),
2025-04-01 20:29:09,219 - isGoalState - INFO - O: False
2025-04-01 20:29:09,219 - getSuccessors - INFO - I: q1a_problem,(14, 12),
2025-04-01 20:29:09,219 - getSuccessors - INFO - O: [((14, 11), 'South', 1), ((15, 12), 'East', 1), ((13, 12), 'West', 1)]
2025-04-01 20:29:09,219 - isGoalState - INFO - I: q1a_problem,(14, 11),
2025-04-01 20:29:09,219 - isGoalState - INFO - O: False
2025-04-01 20:29:09,219 - getSuccessors - INFO - I: q1a_problem,(14, 11),
2025-04-01 20:29:09,219 - getSuccessors - INFO - O: [((14, 12), 'North', 1), ((14, 10), 'South', 1)]
2025-04-01 20:29:09,219 - isGoalState - INFO - I: q1a_problem,(13, 12),
2025-04-01 20:29:09,219 - isGoalState - INFO - O: False
2025-04-01 20:29:09,219 - getSuccessors - INFO - I: q1a_problem,(13, 12),
2025-04-01 20:29:09,219 - getSuccessors - INFO - O: [((14, 12), 'East', 1), ((12, 12), 'West', 1)]
2025-04-01 20:29:09,219 - isGoalState - INFO - I: q1a_problem,(14, 10),
2025-04-01 20:29:09,219 - isGoalState - INFO - O: False
2025-04-01 20:29:09,219 - getSuccessors - INFO - I: q1a_problem,(14, 10),
2025-04-01 20:29:09,219 - getSuccessors - INFO - O: [((14, 11), 'North', 1), ((15, 10), 'East', 1)]
2025-04-01 20:29:09,219 - isGoalState - INFO - I: q1a_problem,(12, 12),
2025-04-01 20:29:09,219 - isGoalState - INFO - O: False
2025-04-01 20:29:09,219 - getSuccessors - INFO - I: q1a_problem,(12, 12),
2025-04-01 20:29:09,219 - getSuccessors - INFO - O: [((12, 13), 'North', 1), ((12, 11), 'South', 1), ((13, 12), 'East', 1)]
2025-04-01 20:29:09,219 - isGoalState - INFO - I: q1a_problem,(12, 11),
2025-04-01 20:29:09,219 - isGoalState - INFO - O: False
2025-04-01 20:29:09,219 - getSuccessors - INFO - I: q1a_problem,(12, 11),
2025-04-01 20:29:09,219 - getSuccessors - INFO - O: [((12, 12), 'North', 1), ((12, 10), 'South', 1)]
2025-04-01 20:29:09,219 - isGoalState - INFO - I: q1a_problem,(12, 10),
2025-04-01 20:29:09,219 - isGoalState - INFO - O: False
2025-04-01 20:29:09,219 - getSuccessors - INFO - I: q1a_problem,(12, 10),
2025-04-01 20:29:09,219 - getSuccessors - INFO - O: [((12, 11), 'North', 1), ((11, 10), 'West', 1)]
2025-04-01 20:29:09,219 - isGoalState - INFO - I: q1a_problem,(11, 10),
2025-04-01 20:29:09,219 - isGoalState - INFO - O: False
2025-04-01 20:29:09,219 - getSuccessors - INFO - I: q1a_problem,(11, 10),
2025-04-01 20:29:09,219 - getSuccessors - INFO - O: [((12, 10), 'East', 1), ((10, 10), 'West', 1)]
2025-04-01 20:29:09,219 - isGoalState - INFO - I: q1a_problem,(10, 10),
2025-04-01 20:29:09,219 - isGoalState - INFO - O: False
2025-04-01 20:29:09,219 - getSuccessors - INFO - I: q1a_problem,(10, 10),
2025-04-01 20:29:09,219 - getSuccessors - INFO - O: [((10, 11), 'North', 1), ((11, 10), 'East', 1)]
2025-04-01 20:29:09,219 - isGoalState - INFO - I: q1a_problem,(34, 12),
2025-04-01 20:29:09,219 - isGoalState - INFO - O: False
2025-04-01 20:29:09,219 - getSuccessors - INFO - I: q1a_problem,(34, 12),
2025-04-01 20:29:09,219 - getSuccessors - INFO - O: [((34, 11), 'South', 1), ((33, 12), 'West', 1)]
2025-04-01 20:29:09,219 - isGoalState - INFO - I: q1a_problem,(4, 8),
2025-04-01 20:29:09,219 - isGoalState - INFO - O: False
2025-04-01 20:29:09,219 - getSuccessors - INFO - I: q1a_problem,(4, 8),
2025-04-01 20:29:09,219 - getSuccessors - INFO - O: [((4, 9), 'North', 1), ((4, 7), 'South', 1)]
2025-04-01 20:29:09,219 - isGoalState - INFO - I: q1a_problem,(21, 9),
2025-04-01 20:29:09,219 - isGoalState - INFO - O: False
2025-04-01 20:29:09,219 - getSuccessors - INFO - I: q1a_problem,(21, 9),
2025-04-01 20:29:09,219 - getSuccessors - INFO - O: [((22, 9), 'East', 1), ((20, 9), 'West', 1)]
2025-04-01 20:29:09,219 - isGoalState - INFO - I: q1a_problem,(17, 13),
2025-04-01 20:29:09,220 - isGoalState - INFO - O: False
2025-04-01 20:29:09,220 - getSuccessors - INFO - I: q1a_problem,(17, 13),
2025-04-01 20:29:09,220 - getSuccessors - INFO - O: [((17, 14), 'North', 1), ((17, 12), 'South', 1)]
2025-04-01 20:29:09,220 - isGoalState - INFO - I: q1a_problem,(15, 10),
2025-04-01 20:29:09,220 - isGoalState - INFO - O: False
2025-04-01 20:29:09,220 - getSuccessors - INFO - I: q1a_problem,(15, 10),
2025-04-01 20:29:09,220 - getSuccessors - INFO - O: [((16, 10), 'East', 1), ((14, 10), 'West', 1)]
2025-04-01 20:29:09,220 - isGoalState - INFO - I: q1a_problem,(12, 13),
2025-04-01 20:29:09,220 - isGoalState - INFO - O: False
2025-04-01 20:29:09,220 - getSuccessors - INFO - I: q1a_problem,(12, 13),
2025-04-01 20:29:09,220 - getSuccessors - INFO - O: [((12, 14), 'North', 1), ((12, 12), 'South', 1)]
2025-04-01 20:29:09,220 - isGoalState - INFO - I: q1a_problem,(10, 11),
2025-04-01 20:29:09,220 - isGoalState - INFO - O: False
2025-04-01 20:29:09,220 - getSuccessors - INFO - I: q1a_problem,(10, 11),
2025-04-01 20:29:09,220 - getSuccessors - INFO - O: [((10, 12), 'North', 1), ((10, 10), 'South', 1)]
2025-04-01 20:29:09,220 - isGoalState - INFO - I: q1a_problem,(34, 11),
2025-04-01 20:29:09,220 - isGoalState - INFO - O: False
2025-04-01 20:29:09,220 - getSuccessors - INFO - I: q1a_problem,(34, 11),
2025-04-01 20:29:09,220 - getSuccessors - INFO - O: [((34, 12), 'North', 1), ((34, 10), 'South', 1)]
2025-04-01 20:29:09,220 - isGoalState - INFO - I: q1a_problem,(34, 10),
2025-04-01 20:29:09,220 - isGoalState - INFO - O: False
2025-04-01 20:29:09,220 - getSuccessors - INFO - I: q1a_problem,(34, 10),
2025-04-01 20:29:09,220 - getSuccessors - INFO - O: [((34, 11), 'North', 1), ((33, 10), 'West', 1)]
2025-04-01 20:29:09,220 - isGoalState - INFO - I: q1a_problem,(33, 10),
2025-04-01 20:29:09,220 - isGoalState - INFO - O: False
2025-04-01 20:29:09,220 - getSuccessors - INFO - I: q1a_problem,(33, 10),
2025-04-01 20:29:09,220 - getSuccessors - INFO - O: [((34, 10), 'East', 1), ((32, 10), 'West', 1)]
2025-04-01 20:29:09,220 - isGoalState - INFO - I: q1a_problem,(32, 10),
2025-04-01 20:29:09,220 - isGoalState - INFO - O: False
2025-04-01 20:29:09,220 - getSuccessors - INFO - I: q1a_problem,(32, 10),
2025-04-01 20:29:09,220 - getSuccessors - INFO - O: [((33, 10), 'East', 1), ((31, 10), 'West', 1)]
2025-04-01 20:29:09,220 - isGoalState - INFO - I: q1a_problem,(31, 10),
2025-04-01 20:29:09,220 - isGoalState - INFO - O: False
2025-04-01 20:29:09,220 - getSuccessors - INFO - I: q1a_problem,(31, 10),
2025-04-01 20:29:09,220 - getSuccessors - INFO - O: [((32, 10), 'East', 1), ((30, 10), 'West', 1)]
2025-04-01 20:29:09,220 - isGoalState - INFO - I: q1a_problem,(30, 10),
2025-04-01 20:29:09,220 - isGoalState - INFO - O: False
2025-04-01 20:29:09,220 - getSuccessors - INFO - I: q1a_problem,(30, 10),
2025-04-01 20:29:09,220 - getSuccessors - INFO - O: [((30, 9), 'South', 1), ((31, 10), 'East', 1), ((29, 10), 'West', 1)]
2025-04-01 20:29:09,220 - isGoalState - INFO - I: q1a_problem,(30, 9),
2025-04-01 20:29:09,220 - isGoalState - INFO - O: False
2025-04-01 20:29:09,220 - getSuccessors - INFO - I: q1a_problem,(30, 9),
2025-04-01 20:29:09,220 - getSuccessors - INFO - O: [((30, 10), 'North', 1), ((30, 8), 'South', 1)]
2025-04-01 20:29:09,220 - isGoalState - INFO - I: q1a_problem,(29, 10),
2025-04-01 20:29:09,220 - isGoalState - INFO - O: False
2025-04-01 20:29:09,220 - getSuccessors - INFO - I: q1a_problem,(29, 10),
2025-04-01 20:29:09,220 - getSuccessors - INFO - O: [((30, 10), 'East', 1)]
2025-04-01 20:29:09,220 - isGoalState - INFO - I: q1a_problem,(30, 8),
2025-04-01 20:29:09,220 - isGoalState - INFO - O: False
2025-04-01 20:29:09,220 - getSuccessors - INFO - I: q1a_problem,(30, 8),
2025-04-01 20:29:09,220 - getSuccessors - INFO - O: [((30, 9), 'North', 1), ((31, 8), 'East', 1)]
2025-04-01 20:29:09,220 - isGoalState - INFO - I: q1a_problem,(4, 9),
2025-04-01 20:29:09,220 - isGoalState - INFO - O: False
2025-04-01 20:29:09,220 - getSuccessors - INFO - I: q1a_problem,(4, 9),
2025-04-01 20:29:09,220 - getSuccessors - INFO - O: [((4, 10), 'North', 1), ((4, 8), 'South', 1)]
2025-04-01 20:29:09,220 - isGoalState - INFO - I: q1a_problem,(22, 9),
2025-04-01 20:29:09,220 - isGoalState - INFO - O: False
2025-04-01 20:29:09,220 - getSuccessors - INFO - I: q1a_problem,(22, 9),
2025-04-01 20:29:09,220 - getSuccessors - INFO - O: [((23, 9), 'East', 1), ((21, 9), 'West', 1)]
2025-04-01 20:29:09,220 - isGoalState - INFO - I: q1a_problem,(17, 14),
2025-04-01 20:29:09,220 - isGoalState - INFO - O: False
2025-04-01 20:29:09,220 - getSuccessors - INFO - I: q1a_problem,(17, 14),
2025-04-01 20:29:09,220 - getSuccessors - INFO - O: [((17, 13), 'South', 1), ((16, 14), 'West', 1)]
2025-04-01 20:29:09,220 - isGoalState - INFO - I: q1a_problem,(16, 10),
2025-04-01 20:29:09,220 - isGoalState - INFO - O: False
2025-04-01 20:29:09,220 - getSuccessors - INFO - I: q1a_problem,(16, 10),
2025-04-01 20:29:09,221 - getSuccessors - INFO - O: [((17, 10), 'East', 1), ((15, 10), 'West', 1)]
2025-04-01 20:29:09,221 - isGoalState - INFO - I: q1a_problem,(12, 14),
2025-04-01 20:29:09,221 - isGoalState - INFO - O: False
2025-04-01 20:29:09,221 - getSuccessors - INFO - I: q1a_problem,(12, 14),
2025-04-01 20:29:09,221 - getSuccessors - INFO - O: [((12, 13), 'South', 1), ((13, 14), 'East', 1)]
2025-04-01 20:29:09,221 - isGoalState - INFO - I: q1a_problem,(10, 12),
2025-04-01 20:29:09,221 - isGoalState - INFO - O: False
2025-04-01 20:29:09,221 - getSuccessors - INFO - I: q1a_problem,(10, 12),
2025-04-01 20:29:09,221 - getSuccessors - INFO - O: [((10, 13), 'North', 1), ((10, 11), 'South', 1)]
2025-04-01 20:29:09,221 - isGoalState - INFO - I: q1a_problem,(31, 8),
2025-04-01 20:29:09,221 - isGoalState - INFO - O: False
2025-04-01 20:29:09,221 - getSuccessors - INFO - I: q1a_problem,(31, 8),
2025-04-01 20:29:09,221 - getSuccessors - INFO - O: [((32, 8), 'East', 1), ((30, 8), 'West', 1)]
2025-04-01 20:29:09,221 - isGoalState - INFO - I: q1a_problem,(16, 14),
2025-04-01 20:29:09,221 - isGoalState - INFO - O: False
2025-04-01 20:29:09,221 - getSuccessors - INFO - I: q1a_problem,(16, 14),
2025-04-01 20:29:09,221 - getSuccessors - INFO - O: [((17, 14), 'East', 1), ((15, 14), 'West', 1)]
2025-04-01 20:29:09,221 - isGoalState - INFO - I: q1a_problem,(15, 14),
2025-04-01 20:29:09,221 - isGoalState - INFO - O: False
2025-04-01 20:29:09,221 - getSuccessors - INFO - I: q1a_problem,(15, 14),
2025-04-01 20:29:09,221 - getSuccessors - INFO - O: [((16, 14), 'East', 1), ((14, 14), 'West', 1)]
2025-04-01 20:29:09,221 - isGoalState - INFO - I: q1a_problem,(14, 14),
2025-04-01 20:29:09,221 - isGoalState - INFO - O: False
2025-04-01 20:29:09,221 - getSuccessors - INFO - I: q1a_problem,(14, 14),
2025-04-01 20:29:09,221 - getSuccessors - INFO - O: [((15, 14), 'East', 1), ((13, 14), 'West', 1)]
2025-04-01 20:29:09,221 - isGoalState - INFO - I: q1a_problem,(13, 14),
2025-04-01 20:29:09,221 - isGoalState - INFO - O: False
2025-04-01 20:29:09,221 - getSuccessors - INFO - I: q1a_problem,(13, 14),
2025-04-01 20:29:09,221 - getSuccessors - INFO - O: [((14, 14), 'East', 1), ((12, 14), 'West', 1)]
2025-04-01 20:29:09,221 - isGoalState - INFO - I: q1a_problem,(4, 10),
2025-04-01 20:29:09,221 - isGoalState - INFO - O: False
2025-04-01 20:29:09,221 - getSuccessors - INFO - I: q1a_problem,(4, 10),
2025-04-01 20:29:09,221 - getSuccessors - INFO - O: [((4, 11), 'North', 1), ((4, 9), 'South', 1), ((3, 10), 'West', 1)]
2025-04-01 20:29:09,221 - isGoalState - INFO - I: q1a_problem,(23, 9),
2025-04-01 20:29:09,221 - isGoalState - INFO - O: False
2025-04-01 20:29:09,221 - getSuccessors - INFO - I: q1a_problem,(23, 9),
2025-04-01 20:29:09,221 - getSuccessors - INFO - O: [((24, 9), 'East', 1), ((22, 9), 'West', 1)]
2025-04-01 20:29:09,221 - isGoalState - INFO - I: q1a_problem,(17, 10),
2025-04-01 20:29:09,221 - isGoalState - INFO - O: False
2025-04-01 20:29:09,221 - getSuccessors - INFO - I: q1a_problem,(17, 10),
2025-04-01 20:29:09,221 - getSuccessors - INFO - O: [((17, 9), 'South', 1), ((16, 10), 'West', 1)]
2025-04-01 20:29:09,221 - isGoalState - INFO - I: q1a_problem,(10, 13),
2025-04-01 20:29:09,221 - isGoalState - INFO - O: False
2025-04-01 20:29:09,221 - getSuccessors - INFO - I: q1a_problem,(10, 13),
2025-04-01 20:29:09,221 - getSuccessors - INFO - O: [((10, 14), 'North', 1), ((10, 12), 'South', 1)]
2025-04-01 20:29:09,221 - isGoalState - INFO - I: q1a_problem,(32, 8),
2025-04-01 20:29:09,221 - isGoalState - INFO - O: False
2025-04-01 20:29:09,221 - getSuccessors - INFO - I: q1a_problem,(32, 8),
2025-04-01 20:29:09,221 - getSuccessors - INFO - O: [((33, 8), 'East', 1), ((31, 8), 'West', 1)]
2025-04-01 20:29:09,221 - isGoalState - INFO - I: q1a_problem,(3, 10),
2025-04-01 20:29:09,221 - isGoalState - INFO - O: False
2025-04-01 20:29:09,221 - getSuccessors - INFO - I: q1a_problem,(3, 10),
2025-04-01 20:29:09,221 - getSuccessors - INFO - O: [((4, 10), 'East', 1)]
2025-04-01 20:29:09,221 - isGoalState - INFO - I: q1a_problem,(17, 9),
2025-04-01 20:29:09,221 - isGoalState - INFO - O: False
2025-04-01 20:29:09,221 - getSuccessors - INFO - I: q1a_problem,(17, 9),
2025-04-01 20:29:09,221 - getSuccessors - INFO - O: [((17, 10), 'North', 1), ((17, 8), 'South', 1)]
2025-04-01 20:29:09,221 - isGoalState - INFO - I: q1a_problem,(17, 8),
2025-04-01 20:29:09,221 - isGoalState - INFO - O: False
2025-04-01 20:29:09,221 - getSuccessors - INFO - I: q1a_problem,(17, 8),
2025-04-01 20:29:09,221 - getSuccessors - INFO - O: [((17, 9), 'North', 1), ((16, 8), 'West', 1)]
2025-04-01 20:29:09,221 - isGoalState - INFO - I: q1a_problem,(16, 8),
2025-04-01 20:29:09,221 - isGoalState - INFO - O: False
2025-04-01 20:29:09,221 - getSuccessors - INFO - I: q1a_problem,(16, 8),
2025-04-01 20:29:09,221 - getSuccessors - INFO - O: [((17, 8), 'East', 1), ((15, 8), 'West', 1)]
2025-04-01 20:29:09,221 - isGoalState - INFO - I: q1a_problem,(15, 8),
2025-04-01 20:29:09,221 - isGoalState - INFO - O: False
2025-04-01 20:29:09,221 - getSuccessors - INFO - I: q1a_problem,(15, 8),
2025-04-01 20:29:09,221 - getSuccessors - INFO - O: [((16, 8), 'East', 1), ((14, 8), 'West', 1)]
2025-04-01 20:29:09,222 - isGoalState - INFO - I: q1a_problem,(14, 8),
2025-04-01 20:29:09,222 - isGoalState - INFO - O: False
2025-04-01 20:29:09,222 - getSuccessors - INFO - I: q1a_problem,(14, 8),
2025-04-01 20:29:09,222 - getSuccessors - INFO - O: [((15, 8), 'East', 1), ((13, 8), 'West', 1)]
2025-04-01 20:29:09,222 - isGoalState - INFO - I: q1a_problem,(13, 8),
2025-04-01 20:29:09,222 - isGoalState - INFO - O: False
2025-04-01 20:29:09,222 - getSuccessors - INFO - I: q1a_problem,(13, 8),
2025-04-01 20:29:09,222 - getSuccessors - INFO - O: [((14, 8), 'East', 1), ((12, 8), 'West', 1)]
2025-04-01 20:29:09,222 - isGoalState - INFO - I: q1a_problem,(12, 8),
2025-04-01 20:29:09,222 - isGoalState - INFO - O: False
2025-04-01 20:29:09,222 - getSuccessors - INFO - I: q1a_problem,(12, 8),
2025-04-01 20:29:09,222 - getSuccessors - INFO - O: [((13, 8), 'East', 1), ((11, 8), 'West', 1)]
2025-04-01 20:29:09,222 - isGoalState - INFO - I: q1a_problem,(11, 8),
2025-04-01 20:29:09,222 - isGoalState - INFO - O: False
2025-04-01 20:29:09,222 - getSuccessors - INFO - I: q1a_problem,(11, 8),
2025-04-01 20:29:09,222 - getSuccessors - INFO - O: [((11, 7), 'South', 1), ((12, 8), 'East', 1)]
2025-04-01 20:29:09,222 - isGoalState - INFO - I: q1a_problem,(11, 7),
2025-04-01 20:29:09,222 - isGoalState - INFO - O: False
2025-04-01 20:29:09,222 - getSuccessors - INFO - I: q1a_problem,(11, 7),
2025-04-01 20:29:09,222 - getSuccessors - INFO - O: [((11, 8), 'North', 1), ((11, 6), 'South', 1)]
2025-04-01 20:29:09,222 - isGoalState - INFO - I: q1a_problem,(11, 6),
2025-04-01 20:29:09,222 - isGoalState - INFO - O: False
2025-04-01 20:29:09,222 - getSuccessors - INFO - I: q1a_problem,(11, 6),
2025-04-01 20:29:09,222 - getSuccessors - INFO - O: [((11, 7), 'North', 1), ((10, 6), 'West', 1)]
2025-04-01 20:29:09,222 - isGoalState - INFO - I: q1a_problem,(10, 6),
2025-04-01 20:29:09,222 - isGoalState - INFO - O: False
2025-04-01 20:29:09,222 - getSuccessors - INFO - I: q1a_problem,(10, 6),
2025-04-01 20:29:09,222 - getSuccessors - INFO - O: [((11, 6), 'East', 1), ((9, 6), 'West', 1)]
2025-04-01 20:29:09,222 - isGoalState - INFO - I: q1a_problem,(9, 6),
2025-04-01 20:29:09,222 - isGoalState - INFO - O: False
2025-04-01 20:29:09,222 - getSuccessors - INFO - I: q1a_problem,(9, 6),
2025-04-01 20:29:09,222 - getSuccessors - INFO - O: [((10, 6), 'East', 1), ((8, 6), 'West', 1)]
2025-04-01 20:29:09,222 - isGoalState - INFO - I: q1a_problem,(8, 6),
2025-04-01 20:29:09,222 - isGoalState - INFO - O: False
2025-04-01 20:29:09,222 - getSuccessors - INFO - I: q1a_problem,(8, 6),
2025-04-01 20:29:09,222 - getSuccessors - INFO - O: [((9, 6), 'East', 1), ((7, 6), 'West', 1)]
2025-04-01 20:29:09,222 - isGoalState - INFO - I: q1a_problem,(7, 6),
2025-04-01 20:29:09,222 - isGoalState - INFO - O: False
2025-04-01 20:29:09,222 - getSuccessors - INFO - I: q1a_problem,(7, 6),
2025-04-01 20:29:09,222 - getSuccessors - INFO - O: [((8, 6), 'East', 1), ((6, 6), 'West', 1)]
2025-04-01 20:29:09,222 - isGoalState - INFO - I: q1a_problem,(6, 6),
2025-04-01 20:29:09,222 - isGoalState - INFO - O: False
2025-04-01 20:29:09,222 - getSuccessors - INFO - I: q1a_problem,(6, 6),
2025-04-01 20:29:09,222 - getSuccessors - INFO - O: [((6, 5), 'South', 1), ((7, 6), 'East', 1)]
2025-04-01 20:29:09,222 - isGoalState - INFO - I: q1a_problem,(6, 5),
2025-04-01 20:29:09,222 - isGoalState - INFO - O: False
2025-04-01 20:29:09,222 - getSuccessors - INFO - I: q1a_problem,(6, 5),
2025-04-01 20:29:09,222 - getSuccessors - INFO - O: [((6, 6), 'North', 1), ((5, 5), 'West', 1)]
2025-04-01 20:29:09,222 - isGoalState - INFO - I: q1a_problem,(5, 5),
2025-04-01 20:29:09,222 - isGoalState - INFO - O: False
2025-04-01 20:29:09,223 - getSuccessors - INFO - I: q1a_problem,(5, 5),
2025-04-01 20:29:09,223 - getSuccessors - INFO - O: [((6, 5), 'East', 1), ((4, 5), 'West', 1)]
2025-04-01 20:29:09,223 - isGoalState - INFO - I: q1a_problem,(4, 5),
2025-04-01 20:29:09,223 - isGoalState - INFO - O: False
2025-04-01 20:29:09,223 - getSuccessors - INFO - I: q1a_problem,(4, 5),
2025-04-01 20:29:09,223 - getSuccessors - INFO - O: [((5, 5), 'East', 1), ((3, 5), 'West', 1)]
2025-04-01 20:29:09,223 - isGoalState - INFO - I: q1a_problem,(3, 5),
2025-04-01 20:29:09,223 - isGoalState - INFO - O: False
2025-04-01 20:29:09,223 - getSuccessors - INFO - I: q1a_problem,(3, 5),
2025-04-01 20:29:09,223 - getSuccessors - INFO - O: [((4, 5), 'East', 1), ((2, 5), 'West', 1)]
2025-04-01 20:29:09,223 - isGoalState - INFO - I: q1a_problem,(2, 5),
2025-04-01 20:29:09,223 - isGoalState - INFO - O: False
2025-04-01 20:29:09,223 - getSuccessors - INFO - I: q1a_problem,(2, 5),
2025-04-01 20:29:09,223 - getSuccessors - INFO - O: [((3, 5), 'East', 1), ((1, 5), 'West', 1)]
2025-04-01 20:29:09,223 - isGoalState - INFO - I: q1a_problem,(1, 5),
2025-04-01 20:29:09,223 - isGoalState - INFO - O: False
2025-04-01 20:29:09,223 - getSuccessors - INFO - I: q1a_problem,(1, 5),
2025-04-01 20:29:09,223 - getSuccessors - INFO - O: [((1, 4), 'South', 1), ((2, 5), 'East', 1)]
2025-04-01 20:29:09,223 - isGoalState - INFO - I: q1a_problem,(1, 4),
2025-04-01 20:29:09,223 - isGoalState - INFO - O: False
2025-04-01 20:29:09,223 - getSuccessors - INFO - I: q1a_problem,(1, 4),
2025-04-01 20:29:09,223 - getSuccessors - INFO - O: [((1, 5), 'North', 1), ((1, 3), 'South', 1)]
2025-04-01 20:29:09,223 - isGoalState - INFO - I: q1a_problem,(1, 3),
2025-04-01 20:29:09,223 - isGoalState - INFO - O: False
2025-04-01 20:29:09,223 - getSuccessors - INFO - I: q1a_problem,(1, 3),
2025-04-01 20:29:09,223 - getSuccessors - INFO - O: [((1, 4), 'North', 1), ((2, 3), 'East', 1)]
2025-04-01 20:29:09,223 - isGoalState - INFO - I: q1a_problem,(4, 11),
2025-04-01 20:29:09,223 - isGoalState - INFO - O: False
2025-04-01 20:29:09,223 - getSuccessors - INFO - I: q1a_problem,(4, 11),
2025-04-01 20:29:09,223 - getSuccessors - INFO - O: [((4, 12), 'North', 1), ((4, 10), 'South', 1)]
2025-04-01 20:29:09,223 - isGoalState - INFO - I: q1a_problem,(24, 9),
2025-04-01 20:29:09,223 - isGoalState - INFO - O: False
2025-04-01 20:29:09,223 - getSuccessors - INFO - I: q1a_problem,(24, 9),
2025-04-01 20:29:09,223 - getSuccessors - INFO - O: [((25, 9), 'East', 1), ((23, 9), 'West', 1)]
2025-04-01 20:29:09,223 - isGoalState - INFO - I: q1a_problem,(10, 14),
2025-04-01 20:29:09,223 - isGoalState - INFO - O: False
2025-04-01 20:29:09,223 - getSuccessors - INFO - I: q1a_problem,(10, 14),
2025-04-01 20:29:09,223 - getSuccessors - INFO - O: [((10, 13), 'South', 1), ((9, 14), 'West', 1)]
2025-04-01 20:29:09,223 - isGoalState - INFO - I: q1a_problem,(33, 8),
2025-04-01 20:29:09,223 - isGoalState - INFO - O: False
2025-04-01 20:29:09,223 - getSuccessors - INFO - I: q1a_problem,(33, 8),
2025-04-01 20:29:09,223 - getSuccessors - INFO - O: [((34, 8), 'East', 1), ((32, 8), 'West', 1)]
2025-04-01 20:29:09,223 - isGoalState - INFO - I: q1a_problem,(2, 3),
2025-04-01 20:29:09,224 - isGoalState - INFO - O: False
2025-04-01 20:29:09,224 - getSuccessors - INFO - I: q1a_problem,(2, 3),
2025-04-01 20:29:09,224 - getSuccessors - INFO - O: [((3, 3), 'East', 1), ((1, 3), 'West', 1)]
2025-04-01 20:29:09,224 - isGoalState - INFO - I: q1a_problem,(9, 14),
2025-04-01 20:29:09,224 - isGoalState - INFO - O: False
2025-04-01 20:29:09,224 - getSuccessors - INFO - I: q1a_problem,(9, 14),
2025-04-01 20:29:09,224 - getSuccessors - INFO - O: [((10, 14), 'East', 1), ((8, 14), 'West', 1)]
2025-04-01 20:29:09,224 - isGoalState - INFO - I: q1a_problem,(8, 14),
2025-04-01 20:29:09,224 - isGoalState - INFO - O: False
2025-04-01 20:29:09,224 - getSuccessors - INFO - I: q1a_problem,(8, 14),
2025-04-01 20:29:09,224 - getSuccessors - INFO - O: [((8, 13), 'South', 1), ((9, 14), 'East', 1)]
2025-04-01 20:29:09,224 - isGoalState - INFO - I: q1a_problem,(8, 13),
2025-04-01 20:29:09,224 - isGoalState - INFO - O: False
2025-04-01 20:29:09,224 - getSuccessors - INFO - I: q1a_problem,(8, 13),
2025-04-01 20:29:09,224 - getSuccessors - INFO - O: [((8, 14), 'North', 1), ((8, 12), 'South', 1)]
2025-04-01 20:29:09,224 - isGoalState - INFO - I: q1a_problem,(8, 12),
2025-04-01 20:29:09,224 - isGoalState - INFO - O: False
2025-04-01 20:29:09,224 - getSuccessors - INFO - I: q1a_problem,(8, 12),
2025-04-01 20:29:09,224 - getSuccessors - INFO - O: [((8, 13), 'North', 1), ((8, 11), 'South', 1)]
2025-04-01 20:29:09,224 - isGoalState - INFO - I: q1a_problem,(8, 11),
2025-04-01 20:29:09,224 - isGoalState - INFO - O: False
2025-04-01 20:29:09,224 - getSuccessors - INFO - I: q1a_problem,(8, 11),
2025-04-01 20:29:09,224 - getSuccessors - INFO - O: [((8, 12), 'North', 1), ((8, 10), 'South', 1)]
2025-04-01 20:29:09,224 - isGoalState - INFO - I: q1a_problem,(8, 10),
2025-04-01 20:29:09,224 - isGoalState - INFO - O: False
2025-04-01 20:29:09,224 - getSuccessors - INFO - I: q1a_problem,(8, 10),
2025-04-01 20:29:09,224 - getSuccessors - INFO - O: [((8, 11), 'North', 1), ((8, 9), 'South', 1)]
2025-04-01 20:29:09,224 - isGoalState - INFO - I: q1a_problem,(8, 9),
2025-04-01 20:29:09,224 - isGoalState - INFO - O: False
2025-04-01 20:29:09,224 - getSuccessors - INFO - I: q1a_problem,(8, 9),
2025-04-01 20:29:09,224 - getSuccessors - INFO - O: [((8, 10), 'North', 1), ((8, 8), 'South', 1)]
2025-04-01 20:29:09,224 - isGoalState - INFO - I: q1a_problem,(8, 8),
2025-04-01 20:29:09,224 - isGoalState - INFO - O: False
2025-04-01 20:29:09,224 - getSuccessors - INFO - I: q1a_problem,(8, 8),
2025-04-01 20:29:09,224 - getSuccessors - INFO - O: [((8, 9), 'North', 1), ((7, 8), 'West', 1)]
2025-04-01 20:29:09,224 - isGoalState - INFO - I: q1a_problem,(7, 8),
2025-04-01 20:29:09,224 - isGoalState - INFO - O: False
2025-04-01 20:29:09,224 - getSuccessors - INFO - I: q1a_problem,(7, 8),
2025-04-01 20:29:09,224 - getSuccessors - INFO - O: [((8, 8), 'East', 1), ((6, 8), 'West', 1)]
2025-04-01 20:29:09,224 - isGoalState - INFO - I: q1a_problem,(6, 8),
2025-04-01 20:29:09,224 - isGoalState - INFO - O: False
2025-04-01 20:29:09,224 - getSuccessors - INFO - I: q1a_problem,(6, 8),
2025-04-01 20:29:09,224 - getSuccessors - INFO - O: [((6, 9), 'North', 1), ((7, 8), 'East', 1)]
2025-04-01 20:29:09,224 - isGoalState - INFO - I: q1a_problem,(4, 12),
2025-04-01 20:29:09,224 - isGoalState - INFO - O: False
2025-04-01 20:29:09,224 - getSuccessors - INFO - I: q1a_problem,(4, 12),
2025-04-01 20:29:09,224 - getSuccessors - INFO - O: [((4, 13), 'North', 1), ((4, 11), 'South', 1)]
2025-04-01 20:29:09,224 - isGoalState - INFO - I: q1a_problem,(25, 9),
2025-04-01 20:29:09,224 - isGoalState - INFO - O: False
2025-04-01 20:29:09,224 - getSuccessors - INFO - I: q1a_problem,(25, 9),
2025-04-01 20:29:09,224 - getSuccessors - INFO - O: [((26, 9), 'East', 1), ((24, 9), 'West', 1)]
2025-04-01 20:29:09,224 - isGoalState - INFO - I: q1a_problem,(34, 8),
2025-04-01 20:29:09,224 - isGoalState - INFO - O: False
2025-04-01 20:29:09,224 - getSuccessors - INFO - I: q1a_problem,(34, 8),
2025-04-01 20:29:09,224 - getSuccessors - INFO - O: [((34, 7), 'South', 1), ((33, 8), 'West', 1)]
2025-04-01 20:29:09,224 - isGoalState - INFO - I: q1a_problem,(3, 3),
2025-04-01 20:29:09,224 - isGoalState - INFO - O: False
2025-04-01 20:29:09,224 - getSuccessors - INFO - I: q1a_problem,(3, 3),
2025-04-01 20:29:09,224 - getSuccessors - INFO - O: [((4, 3), 'East', 1), ((2, 3), 'West', 1)]
2025-04-01 20:29:09,224 - isGoalState - INFO - I: q1a_problem,(6, 9),
2025-04-01 20:29:09,224 - isGoalState - INFO - O: False
2025-04-01 20:29:09,224 - getSuccessors - INFO - I: q1a_problem,(6, 9),
2025-04-01 20:29:09,224 - getSuccessors - INFO - O: [((6, 10), 'North', 1), ((6, 8), 'South', 1)]
2025-04-01 20:29:09,224 - isGoalState - INFO - I: q1a_problem,(34, 7),
2025-04-01 20:29:09,224 - isGoalState - INFO - O: False
2025-04-01 20:29:09,224 - getSuccessors - INFO - I: q1a_problem,(34, 7),
2025-04-01 20:29:09,224 - getSuccessors - INFO - O: [((34, 8), 'North', 1), ((34, 6), 'South', 1)]
2025-04-01 20:29:09,224 - isGoalState - INFO - I: q1a_problem,(34, 6),
2025-04-01 20:29:09,224 - isGoalState - INFO - O: False
2025-04-01 20:29:09,224 - getSuccessors - INFO - I: q1a_problem,(34, 6),
2025-04-01 20:29:09,224 - getSuccessors - INFO - O: [((34, 7), 'North', 1), ((33, 6), 'West', 1)]
2025-04-01 20:29:09,224 - isGoalState - INFO - I: q1a_problem,(33, 6),
2025-04-01 20:29:09,224 - isGoalState - INFO - O: False
2025-04-01 20:29:09,224 - getSuccessors - INFO - I: q1a_problem,(33, 6),
2025-04-01 20:29:09,224 - getSuccessors - INFO - O: [((34, 6), 'East', 1), ((32, 6), 'West', 1)]
2025-04-01 20:29:09,225 - isGoalState - INFO - I: q1a_problem,(32, 6),
2025-04-01 20:29:09,225 - isGoalState - INFO - O: False
2025-04-01 20:29:09,225 - getSuccessors - INFO - I: q1a_problem,(32, 6),
2025-04-01 20:29:09,225 - getSuccessors - INFO - O: [((33, 6), 'East', 1), ((31, 6), 'West', 1)]
2025-04-01 20:29:09,225 - isGoalState - INFO - I: q1a_problem,(31, 6),
2025-04-01 20:29:09,225 - isGoalState - INFO - O: False
2025-04-01 20:29:09,225 - getSuccessors - INFO - I: q1a_problem,(31, 6),
2025-04-01 20:29:09,225 - getSuccessors - INFO - O: [((32, 6), 'East', 1), ((30, 6), 'West', 1)]
2025-04-01 20:29:09,225 - isGoalState - INFO - I: q1a_problem,(30, 6),
2025-04-01 20:29:09,225 - isGoalState - INFO - O: False
2025-04-01 20:29:09,225 - getSuccessors - INFO - I: q1a_problem,(30, 6),
2025-04-01 20:29:09,225 - getSuccessors - INFO - O: [((30, 5), 'South', 1), ((31, 6), 'East', 1), ((29, 6), 'West', 1)]
2025-04-01 20:29:09,225 - isGoalState - INFO - I: q1a_problem,(30, 5),
2025-04-01 20:29:09,225 - isGoalState - INFO - O: False
2025-04-01 20:29:09,225 - getSuccessors - INFO - I: q1a_problem,(30, 5),
2025-04-01 20:29:09,225 - getSuccessors - INFO - O: [((30, 6), 'North', 1), ((30, 4), 'South', 1)]
2025-04-01 20:29:09,225 - isGoalState - INFO - I: q1a_problem,(29, 6),
2025-04-01 20:29:09,225 - isGoalState - INFO - O: False
2025-04-01 20:29:09,225 - getSuccessors - INFO - I: q1a_problem,(29, 6),
2025-04-01 20:29:09,225 - getSuccessors - INFO - O: [((30, 6), 'East', 1)]
2025-04-01 20:29:09,225 - isGoalState - INFO - I: q1a_problem,(30, 4),
2025-04-01 20:29:09,225 - isGoalState - INFO - O: False
2025-04-01 20:29:09,225 - getSuccessors - INFO - I: q1a_problem,(30, 4),
2025-04-01 20:29:09,225 - getSuccessors - INFO - O: [((30, 5), 'North', 1), ((30, 3), 'South', 1), ((31, 4), 'East', 1)]
2025-04-01 20:29:09,225 - isGoalState - INFO - I: q1a_problem,(30, 3),
2025-04-01 20:29:09,225 - isGoalState - INFO - O: False
2025-04-01 20:29:09,225 - getSuccessors - INFO - I: q1a_problem,(30, 3),
2025-04-01 20:29:09,225 - getSuccessors - INFO - O: [((30, 4), 'North', 1), ((31, 3), 'East', 1)]
2025-04-01 20:29:09,225 - isGoalState - INFO - I: q1a_problem,(4, 13),
2025-04-01 20:29:09,225 - isGoalState - INFO - O: False
2025-04-01 20:29:09,225 - getSuccessors - INFO - I: q1a_problem,(4, 13),
2025-04-01 20:29:09,225 - getSuccessors - INFO - O: [((4, 14), 'North', 1), ((4, 12), 'South', 1)]
2025-04-01 20:29:09,225 - isGoalState - INFO - I: q1a_problem,(26, 9),
2025-04-01 20:29:09,225 - isGoalState - INFO - O: False
2025-04-01 20:29:09,225 - getSuccessors - INFO - I: q1a_problem,(26, 9),
2025-04-01 20:29:09,225 - getSuccessors - INFO - O: [((27, 9), 'East', 1), ((25, 9), 'West', 1)]
2025-04-01 20:29:09,225 - isGoalState - INFO - I: q1a_problem,(4, 3),
2025-04-01 20:29:09,225 - isGoalState - INFO - O: False
2025-04-01 20:29:09,225 - getSuccessors - INFO - I: q1a_problem,(4, 3),
2025-04-01 20:29:09,225 - getSuccessors - INFO - O: [((5, 3), 'East', 1), ((3, 3), 'West', 1)]
2025-04-01 20:29:09,225 - isGoalState - INFO - I: q1a_problem,(6, 10),
2025-04-01 20:29:09,225 - isGoalState - INFO - O: False
2025-04-01 20:29:09,225 - getSuccessors - INFO - I: q1a_problem,(6, 10),
2025-04-01 20:29:09,225 - getSuccessors - INFO - O: [((6, 11), 'North', 1), ((6, 9), 'South', 1)]
2025-04-01 20:29:09,225 - isGoalState - INFO - I: q1a_problem,(31, 4),
2025-04-01 20:29:09,225 - isGoalState - INFO - O: False
2025-04-01 20:29:09,225 - getSuccessors - INFO - I: q1a_problem,(31, 4),
2025-04-01 20:29:09,225 - getSuccessors - INFO - O: [((31, 3), 'South', 1), ((32, 4), 'East', 1), ((30, 4), 'West', 1)]
2025-04-01 20:29:09,225 - isGoalState - INFO - I: q1a_problem,(31, 3),
2025-04-01 20:29:09,225 - isGoalState - INFO - O: False
2025-04-01 20:29:09,225 - getSuccessors - INFO - I: q1a_problem,(31, 3),
2025-04-01 20:29:09,225 - getSuccessors - INFO - O: [((31, 4), 'North', 1), ((30, 3), 'West', 1)]
2025-04-01 20:29:09,225 - isGoalState - INFO - I: q1a_problem,(4, 14),
2025-04-01 20:29:09,225 - isGoalState - INFO - O: False
2025-04-01 20:29:09,225 - getSuccessors - INFO - I: q1a_problem,(4, 14),
2025-04-01 20:29:09,225 - getSuccessors - INFO - O: [((4, 13), 'South', 1), ((5, 14), 'East', 1)]
2025-04-01 20:29:09,225 - isGoalState - INFO - I: q1a_problem,(27, 9),
2025-04-01 20:29:09,225 - isGoalState - INFO - O: False
2025-04-01 20:29:09,225 - getSuccessors - INFO - I: q1a_problem,(27, 9),
2025-04-01 20:29:09,225 - getSuccessors - INFO - O: [((27, 8), 'South', 1), ((26, 9), 'West', 1)]
2025-04-01 20:29:09,225 - isGoalState - INFO - I: q1a_problem,(5, 3),
2025-04-01 20:29:09,225 - isGoalState - INFO - O: False
2025-04-01 20:29:09,225 - getSuccessors - INFO - I: q1a_problem,(5, 3),
2025-04-01 20:29:09,225 - getSuccessors - INFO - O: [((6, 3), 'East', 1), ((4, 3), 'West', 1)]
2025-04-01 20:29:09,225 - isGoalState - INFO - I: q1a_problem,(6, 11),
2025-04-01 20:29:09,225 - isGoalState - INFO - O: False
2025-04-01 20:29:09,226 - getSuccessors - INFO - I: q1a_problem,(6, 11),
2025-04-01 20:29:09,226 - getSuccessors - INFO - O: [((6, 12), 'North', 1), ((6, 10), 'South', 1)]
2025-04-01 20:29:09,226 - isGoalState - INFO - I: q1a_problem,(32, 4),
2025-04-01 20:29:09,226 - isGoalState - INFO - O: False
2025-04-01 20:29:09,226 - getSuccessors - INFO - I: q1a_problem,(32, 4),
2025-04-01 20:29:09,226 - getSuccessors - INFO - O: [((33, 4), 'East', 1), ((31, 4), 'West', 1)]
2025-04-01 20:29:09,226 - isGoalState - INFO - I: q1a_problem,(27, 8),
2025-04-01 20:29:09,226 - isGoalState - INFO - O: False
2025-04-01 20:29:09,226 - getSuccessors - INFO - I: q1a_problem,(27, 8),
2025-04-01 20:29:09,226 - getSuccessors - INFO - O: [((27, 9), 'North', 1), ((27, 7), 'South', 1)]
2025-04-01 20:29:09,226 - isGoalState - INFO - I: q1a_problem,(27, 7),
2025-04-01 20:29:09,226 - isGoalState - INFO - O: False
2025-04-01 20:29:09,226 - getSuccessors - INFO - I: q1a_problem,(27, 7),
2025-04-01 20:29:09,226 - getSuccessors - INFO - O: [((27, 8), 'North', 1), ((27, 6), 'South', 1)]
2025-04-01 20:29:09,226 - isGoalState - INFO - I: q1a_problem,(27, 6),
2025-04-01 20:29:09,226 - isGoalState - INFO - O: False
2025-04-01 20:29:09,226 - getSuccessors - INFO - I: q1a_problem,(27, 6),
2025-04-01 20:29:09,226 - getSuccessors - INFO - O: [((27, 7), 'North', 1), ((27, 5), 'South', 1)]
2025-04-01 20:29:09,226 - isGoalState - INFO - I: q1a_problem,(27, 5),
2025-04-01 20:29:09,226 - isGoalState - INFO - O: False
2025-04-01 20:29:09,226 - getSuccessors - INFO - I: q1a_problem,(27, 5),
2025-04-01 20:29:09,226 - getSuccessors - INFO - O: [((27, 6), 'North', 1), ((27, 4), 'South', 1)]
2025-04-01 20:29:09,226 - isGoalState - INFO - I: q1a_problem,(27, 4),
2025-04-01 20:29:09,226 - isGoalState - INFO - O: False
2025-04-01 20:29:09,226 - getSuccessors - INFO - I: q1a_problem,(27, 4),
2025-04-01 20:29:09,226 - getSuccessors - INFO - O: [((27, 5), 'North', 1), ((27, 3), 'South', 1)]
2025-04-01 20:29:09,226 - isGoalState - INFO - I: q1a_problem,(27, 3),
2025-04-01 20:29:09,226 - isGoalState - INFO - O: False
2025-04-01 20:29:09,226 - getSuccessors - INFO - I: q1a_problem,(27, 3),
2025-04-01 20:29:09,226 - getSuccessors - INFO - O: [((27, 4), 'North', 1), ((27, 2), 'South', 1)]
2025-04-01 20:29:09,226 - isGoalState - INFO - I: q1a_problem,(27, 2),
2025-04-01 20:29:09,226 - isGoalState - INFO - O: False
2025-04-01 20:29:09,226 - getSuccessors - INFO - I: q1a_problem,(27, 2),
2025-04-01 20:29:09,226 - getSuccessors - INFO - O: [((27, 3), 'North', 1), ((27, 1), 'South', 1), ((26, 2), 'West', 1)]
2025-04-01 20:29:09,226 - isGoalState - INFO - I: q1a_problem,(27, 1),
2025-04-01 20:29:09,226 - isGoalState - INFO - O: False
2025-04-01 20:29:09,226 - getSuccessors - INFO - I: q1a_problem,(27, 1),
2025-04-01 20:29:09,226 - getSuccessors - INFO - O: [((27, 2), 'North', 1), ((28, 1), 'East', 1)]
2025-04-01 20:29:09,226 - isGoalState - INFO - I: q1a_problem,(26, 2),
2025-04-01 20:29:09,226 - isGoalState - INFO - O: False
2025-04-01 20:29:09,226 - getSuccessors - INFO - I: q1a_problem,(26, 2),
2025-04-01 20:29:09,226 - getSuccessors - INFO - O: [((27, 2), 'East', 1), ((25, 2), 'West', 1)]
2025-04-01 20:29:09,226 - isGoalState - INFO - I: q1a_problem,(25, 2),
2025-04-01 20:29:09,226 - isGoalState - INFO - O: False
2025-04-01 20:29:09,226 - getSuccessors - INFO - I: q1a_problem,(25, 2),
2025-04-01 20:29:09,226 - getSuccessors - INFO - O: [((26, 2), 'East', 1), ((24, 2), 'West', 1)]
2025-04-01 20:29:09,226 - isGoalState - INFO - I: q1a_problem,(24, 2),
2025-04-01 20:29:09,226 - isGoalState - INFO - O: False
2025-04-01 20:29:09,226 - getSuccessors - INFO - I: q1a_problem,(24, 2),
2025-04-01 20:29:09,226 - getSuccessors - INFO - O: [((25, 2), 'East', 1), ((23, 2), 'West', 1)]
2025-04-01 20:29:09,226 - isGoalState - INFO - I: q1a_problem,(23, 2),
2025-04-01 20:29:09,226 - isGoalState - INFO - O: False
2025-04-01 20:29:09,226 - getSuccessors - INFO - I: q1a_problem,(23, 2),
2025-04-01 20:29:09,226 - getSuccessors - INFO - O: [((24, 2), 'East', 1), ((22, 2), 'West', 1)]
2025-04-01 20:29:09,226 - isGoalState - INFO - I: q1a_problem,(22, 2),
2025-04-01 20:29:09,226 - isGoalState - INFO - O: False
2025-04-01 20:29:09,227 - getSuccessors - INFO - I: q1a_problem,(22, 2),
2025-04-01 20:29:09,227 - getSuccessors - INFO - O: [((23, 2), 'East', 1), ((21, 2), 'West', 1)]
2025-04-01 20:29:09,227 - isGoalState - INFO - I: q1a_problem,(21, 2),
2025-04-01 20:29:09,227 - isGoalState - INFO - O: False
2025-04-01 20:29:09,227 - getSuccessors - INFO - I: q1a_problem,(21, 2),
2025-04-01 20:29:09,227 - getSuccessors - INFO - O: [((22, 2), 'East', 1), ((20, 2), 'West', 1)]
2025-04-01 20:29:09,227 - isGoalState - INFO - I: q1a_problem,(20, 2),
2025-04-01 20:29:09,227 - isGoalState - INFO - O: False
2025-04-01 20:29:09,227 - getSuccessors - INFO - I: q1a_problem,(20, 2),
2025-04-01 20:29:09,227 - getSuccessors - INFO - O: [((21, 2), 'East', 1), ((19, 2), 'West', 1)]
2025-04-01 20:29:09,227 - isGoalState - INFO - I: q1a_problem,(19, 2),
2025-04-01 20:29:09,227 - isGoalState - INFO - O: False
2025-04-01 20:29:09,227 - getSuccessors - INFO - I: q1a_problem,(19, 2),
2025-04-01 20:29:09,227 - getSuccessors - INFO - O: [((20, 2), 'East', 1), ((18, 2), 'West', 1)]
2025-04-01 20:29:09,227 - isGoalState - INFO - I: q1a_problem,(18, 2),
2025-04-01 20:29:09,227 - isGoalState - INFO - O: False
2025-04-01 20:29:09,227 - getSuccessors - INFO - I: q1a_problem,(18, 2),
2025-04-01 20:29:09,227 - getSuccessors - INFO - O: [((19, 2), 'East', 1), ((17, 2), 'West', 1)]
2025-04-01 20:29:09,227 - isGoalState - INFO - I: q1a_problem,(17, 2),
2025-04-01 20:29:09,227 - isGoalState - INFO - O: False
2025-04-01 20:29:09,227 - getSuccessors - INFO - I: q1a_problem,(17, 2),
2025-04-01 20:29:09,227 - getSuccessors - INFO - O: [((18, 2), 'East', 1), ((16, 2), 'West', 1)]
2025-04-01 20:29:09,227 - isGoalState - INFO - I: q1a_problem,(16, 2),
2025-04-01 20:29:09,227 - isGoalState - INFO - O: False
2025-04-01 20:29:09,227 - getSuccessors - INFO - I: q1a_problem,(16, 2),
2025-04-01 20:29:09,227 - getSuccessors - INFO - O: [((17, 2), 'East', 1), ((15, 2), 'West', 1)]
2025-04-01 20:29:09,227 - isGoalState - INFO - I: q1a_problem,(15, 2),
2025-04-01 20:29:09,227 - isGoalState - INFO - O: False
2025-04-01 20:29:09,227 - getSuccessors - INFO - I: q1a_problem,(15, 2),
2025-04-01 20:29:09,227 - getSuccessors - INFO - O: [((15, 3), 'North', 1), ((16, 2), 'East', 1), ((14, 2), 'West', 1)]
2025-04-01 20:29:09,227 - isGoalState - INFO - I: q1a_problem,(14, 2),
2025-04-01 20:29:09,227 - isGoalState - INFO - O: False
2025-04-01 20:29:09,227 - getSuccessors - INFO - I: q1a_problem,(14, 2),
2025-04-01 20:29:09,227 - getSuccessors - INFO - O: [((15, 2), 'East', 1), ((13, 2), 'West', 1)]
2025-04-01 20:29:09,227 - isGoalState - INFO - I: q1a_problem,(13, 2),
2025-04-01 20:29:09,227 - isGoalState - INFO - O: False
2025-04-01 20:29:09,227 - getSuccessors - INFO - I: q1a_problem,(13, 2),
2025-04-01 20:29:09,227 - getSuccessors - INFO - O: [((14, 2), 'East', 1), ((12, 2), 'West', 1)]
2025-04-01 20:29:09,227 - isGoalState - INFO - I: q1a_problem,(12, 2),
2025-04-01 20:29:09,227 - isGoalState - INFO - O: False
2025-04-01 20:29:09,227 - getSuccessors - INFO - I: q1a_problem,(12, 2),
2025-04-01 20:29:09,227 - getSuccessors - INFO - O: [((13, 2), 'East', 1), ((11, 2), 'West', 1)]
2025-04-01 20:29:09,227 - isGoalState - INFO - I: q1a_problem,(11, 2),
2025-04-01 20:29:09,227 - isGoalState - INFO - O: False
2025-04-01 20:29:09,227 - getSuccessors - INFO - I: q1a_problem,(11, 2),
2025-04-01 20:29:09,227 - getSuccessors - INFO - O: [((12, 2), 'East', 1), ((10, 2), 'West', 1)]
2025-04-01 20:29:09,227 - isGoalState - INFO - I: q1a_problem,(10, 2),
2025-04-01 20:29:09,227 - isGoalState - INFO - O: False
2025-04-01 20:29:09,227 - getSuccessors - INFO - I: q1a_problem,(10, 2),
2025-04-01 20:29:09,227 - getSuccessors - INFO - O: [((10, 1), 'South', 1), ((11, 2), 'East', 1)]
2025-04-01 20:29:09,227 - isGoalState - INFO - I: q1a_problem,(10, 1),
2025-04-01 20:29:09,227 - isGoalState - INFO - O: False
2025-04-01 20:29:09,227 - getSuccessors - INFO - I: q1a_problem,(10, 1),
2025-04-01 20:29:09,227 - getSuccessors - INFO - O: [((10, 2), 'North', 1), ((9, 1), 'West', 1)]
2025-04-01 20:29:09,227 - isGoalState - INFO - I: q1a_problem,(9, 1),
2025-04-01 20:29:09,227 - isGoalState - INFO - O: False
2025-04-01 20:29:09,227 - getSuccessors - INFO - I: q1a_problem,(9, 1),
2025-04-01 20:29:09,227 - getSuccessors - INFO - O: [((10, 1), 'East', 1), ((8, 1), 'West', 1)]
2025-04-01 20:29:09,227 - isGoalState - INFO - I: q1a_problem,(8, 1),
2025-04-01 20:29:09,227 - isGoalState - INFO - O: False
2025-04-01 20:29:09,227 - getSuccessors - INFO - I: q1a_problem,(8, 1),
2025-04-01 20:29:09,227 - getSuccessors - INFO - O: [((9, 1), 'East', 1), ((7, 1), 'West', 1)]
2025-04-01 20:29:09,228 - isGoalState - INFO - I: q1a_problem,(7, 1),
2025-04-01 20:29:09,228 - isGoalState - INFO - O: False
2025-04-01 20:29:09,228 - getSuccessors - INFO - I: q1a_problem,(7, 1),
2025-04-01 20:29:09,228 - getSuccessors - INFO - O: [((8, 1), 'East', 1), ((6, 1), 'West', 1)]
2025-04-01 20:29:09,228 - isGoalState - INFO - I: q1a_problem,(6, 1),
2025-04-01 20:29:09,228 - isGoalState - INFO - O: False
2025-04-01 20:29:09,228 - getSuccessors - INFO - I: q1a_problem,(6, 1),
2025-04-01 20:29:09,228 - getSuccessors - INFO - O: [((7, 1), 'East', 1), ((5, 1), 'West', 1)]
2025-04-01 20:29:09,228 - isGoalState - INFO - I: q1a_problem,(5, 1),
2025-04-01 20:29:09,228 - isGoalState - INFO - O: False
2025-04-01 20:29:09,228 - getSuccessors - INFO - I: q1a_problem,(5, 1),
2025-04-01 20:29:09,228 - getSuccessors - INFO - O: [((6, 1), 'East', 1), ((4, 1), 'West', 1)]
2025-04-01 20:29:09,228 - isGoalState - INFO - I: q1a_problem,(4, 1),
2025-04-01 20:29:09,228 - isGoalState - INFO - O: False
2025-04-01 20:29:09,228 - getSuccessors - INFO - I: q1a_problem,(4, 1),
2025-04-01 20:29:09,228 - getSuccessors - INFO - O: [((5, 1), 'East', 1), ((3, 1), 'West', 1)]
2025-04-01 20:29:09,228 - isGoalState - INFO - I: q1a_problem,(3, 1),
2025-04-01 20:29:09,228 - isGoalState - INFO - O: False
2025-04-01 20:29:09,228 - getSuccessors - INFO - I: q1a_problem,(3, 1),
2025-04-01 20:29:09,228 - getSuccessors - INFO - O: [((4, 1), 'East', 1), ((2, 1), 'West', 1)]
2025-04-01 20:29:09,228 - isGoalState - INFO - I: q1a_problem,(2, 1),
2025-04-01 20:29:09,228 - isGoalState - INFO - O: False
2025-04-01 20:29:09,228 - getSuccessors - INFO - I: q1a_problem,(2, 1),
2025-04-01 20:29:09,228 - getSuccessors - INFO - O: [((3, 1), 'East', 1), ((1, 1), 'West', 1)]
2025-04-01 20:29:09,228 - isGoalState - INFO - I: q1a_problem,(1, 1),
2025-04-01 20:29:09,228 - isGoalState - INFO - O: True
2025-04-01 20:29:09,246 - root - INFO - Remaining Food: 0
2025-04-01 20:29:09,246 - root - INFO - moveHistory: [[(0, 'West'), (0, 'West'), (0, 'West'), (0, 'West'), (0, 'West'), (0, 'West'), (0, 'West'), (0, 'West'), (0, 'West'), (0, 'South'), (0, 'South'), (0, 'East'), (0, 'East'), (0, 'South'), (0, 'South'), (0, 'South'), (0, 'West'), (0, 'West'), (0, 'West'), (0, 'North'), (0, 'West'), (0, 'West'), (0, 'West'), (0, 'West'), (0, 'South'), (0, 'South'), (0, 'South'), (0, 'East'), (0, 'East'), (0, 'East'), (0, 'East'), (0, 'East'), (0, 'East'), (0, 'East'), (0, 'South'), (0, 'South'), (0, 'South'), (0, 'South'), (0, 'South'), (0, 'South'), (0, 'South'), (0, 'West'), (0, 'West'), (0, 'West'), (0, 'West'), (0, 'West'), (0, 'West'), (0, 'West'), (0, 'West'), (0, 'West'), (0, 'West'), (0, 'West'), (0, 'West'), (0, 'West'), (0, 'West'), (0, 'West'), (0, 'West'), (0, 'West'), (0, 'South'), (0, 'West'), (0, 'West'), (0, 'West'), (0, 'West'), (0, 'West'), (0, 'West'), (0, 'West'), (0, 'West'), (0, 'West')]]
2025-04-01 20:29:09,246 - root - INFO - pathLength: [68]
2025-04-01 20:29:09,246 - root - INFO - Average Score: 442.00
2025-04-01 20:29:09,246 - root - INFO - Scores: 442.0
2025-04-01 20:29:09,246 - root - INFO - Win Rate:      1/1 (1.00)
2025-04-01 20:29:09,246 - root - INFO - Record:       Win
